{"meta": {"format": 3, "version": "7.12.0", "timestamp": "2025-12-04T04:23:49.893816", "branch_coverage": false, "show_contexts": false}, "files": {"app/__init__.py": {"executed_lines": [1, 3], "summary": {"covered_lines": 1, "num_statements": 1, "percent_covered": 100.0, "percent_covered_display": "100", "missing_lines": 0, "excluded_lines": 0, "percent_statements_covered": 100.0, "percent_statements_covered_display": "100"}, "missing_lines": [], "excluded_lines": [], "functions": {"": {"executed_lines": [1, 3], "summary": {"covered_lines": 1, "num_statements": 1, "percent_covered": 100.0, "percent_covered_display": "100", "missing_lines": 0, "excluded_lines": 0, "percent_statements_covered": 100.0, "percent_statements_covered_display": "100"}, "missing_lines": [], "excluded_lines": []}}, "classes": {"": {"executed_lines": [1, 3], "summary": {"covered_lines": 1, "num_statements": 1, "percent_covered": 100.0, "percent_covered_display": "100", "missing_lines": 0, "excluded_lines": 0, "percent_statements_covered": 100.0, "percent_statements_covered_display": "100"}, "missing_lines": [], "excluded_lines": []}}}, "app/ai/__init__.py": {"executed_lines": [1, 3, 4, 6], "summary": {"covered_lines": 3, "num_statements": 3, "percent_covered": 100.0, "percent_covered_display": "100", "missing_lines": 0, "excluded_lines": 0, "percent_statements_covered": 100.0, "percent_statements_covered_display": "100"}, "missing_lines": [], "excluded_lines": [], "functions": {"": {"executed_lines": [1, 3, 4, 6], "summary": {"covered_lines": 3, "num_statements": 3, "percent_covered": 100.0, "percent_covered_display": "100", "missing_lines": 0, "excluded_lines": 0, "percent_statements_covered": 100.0, "percent_statements_covered_display": "100"}, "missing_lines": [], "excluded_lines": []}}, "classes": {"": {"executed_lines": [1, 3, 4, 6], "summary": {"covered_lines": 3, "num_statements": 3, "percent_covered": 100.0, "percent_covered_display": "100", "missing_lines": 0, "excluded_lines": 0, "percent_statements_covered": 100.0, "percent_statements_covered_display": "100"}, "missing_lines": [], "excluded_lines": []}}}, "app/ai/audio_analyzer.py": {"executed_lines": [1, 3, 4, 5, 7, 8, 10, 13, 14, 15, 17, 18, 19, 20, 23, 24, 34, 37, 38, 40, 53, 54, 56, 58, 59, 62, 65, 68, 71, 72, 73, 75, 85, 94, 95, 97, 98, 99, 100, 102, 104, 113, 114, 117, 118, 120, 123, 124, 126, 136, 139, 142, 143, 144, 145, 148, 150, 163, 165, 166, 167, 168, 169, 174, 175, 176, 178, 189, 190, 191, 193, 194, 197, 198, 201, 206, 207, 209, 219, 221, 224, 225, 226, 227, 228, 231, 232], "summary": {"covered_lines": 84, "num_statements": 108, "percent_covered": 77.77777777777777, "percent_covered_display": "78", "missing_lines": 24, "excluded_lines": 0, "percent_statements_covered": 77.77777777777777, "percent_statements_covered_display": "78"}, "missing_lines": [81, 82, 83, 137, 170, 199, 229, 234, 237, 238, 239, 241, 244, 245, 246, 247, 249, 253, 254, 257, 258, 260, 261, 262], "excluded_lines": [], "functions": {"AudioAnalyzer.analyze": {"executed_lines": [53, 54, 56, 58, 59, 62, 65, 68, 71, 72, 73, 75], "summary": {"covered_lines": 12, "num_statements": 15, "percent_covered": 80.0, "percent_covered_display": "80", "missing_lines": 3, "excluded_lines": 0, "percent_statements_covered": 80.0, "percent_statements_covered_display": "80"}, "missing_lines": [81, 82, 83], "excluded_lines": []}, "AudioAnalyzer._detect_filler_words": {"executed_lines": [94, 95, 97, 98, 99, 100, 102], "summary": {"covered_lines": 7, "num_statements": 7, "percent_covered": 100.0, "percent_covered_display": "100", "missing_lines": 0, "excluded_lines": 0, "percent_statements_covered": 100.0, "percent_statements_covered_display": "100"}, "missing_lines": [], "excluded_lines": []}, "AudioAnalyzer.calculate_speech_rate_score": {"executed_lines": [113, 114, 117, 118, 120, 123, 124], "summary": {"covered_lines": 7, "num_statements": 7, "percent_covered": 100.0, "percent_covered_display": "100", "missing_lines": 0, "excluded_lines": 0, "percent_statements_covered": 100.0, "percent_statements_covered_display": "100"}, "missing_lines": [], "excluded_lines": []}, "AudioAnalyzer.calculate_filler_score": {"executed_lines": [136, 139, 142, 143, 144, 145, 148], "summary": {"covered_lines": 7, "num_statements": 8, "percent_covered": 87.5, "percent_covered_display": "88", "missing_lines": 1, "excluded_lines": 0, "percent_statements_covered": 87.5, "percent_statements_covered_display": "88"}, "missing_lines": [137], "excluded_lines": []}, "AudioAnalyzer._calculate_speech_rate": {"executed_lines": [163, 165, 166, 167, 168, 169, 174, 175, 176], "summary": {"covered_lines": 9, "num_statements": 10, "percent_covered": 90.0, "percent_covered_display": "90", "missing_lines": 1, "excluded_lines": 0, "percent_statements_covered": 90.0, "percent_statements_covered_display": "90"}, "missing_lines": [170], "excluded_lines": []}, "AudioAnalyzer._analyze_volume_consistency": {"executed_lines": [189, 190, 191, 193, 194, 197, 198, 201, 206, 207], "summary": {"covered_lines": 10, "num_statements": 11, "percent_covered": 90.9090909090909, "percent_covered_display": "91", "missing_lines": 1, "excluded_lines": 0, "percent_statements_covered": 90.9090909090909, "percent_statements_covered_display": "91"}, "missing_lines": [199], "excluded_lines": []}, "AudioAnalyzer._calculate_confidence_score": {"executed_lines": [219, 221, 224, 225, 226, 227, 228, 231, 232], "summary": {"covered_lines": 9, "num_statements": 27, "percent_covered": 33.333333333333336, "percent_covered_display": "33", "missing_lines": 18, "excluded_lines": 0, "percent_statements_covered": 33.333333333333336, "percent_statements_covered_display": "33"}, "missing_lines": [229, 234, 237, 238, 239, 241, 244, 245, 246, 247, 249, 253, 254, 257, 258, 260, 261, 262], "excluded_lines": []}, "": {"executed_lines": [1, 3, 4, 5, 7, 8, 10, 13, 14, 15, 17, 18, 19, 20, 23, 24, 34, 37, 38, 40, 85, 104, 126, 150, 178, 209], "summary": {"covered_lines": 23, "num_statements": 23, "percent_covered": 100.0, "percent_covered_display": "100", "missing_lines": 0, "excluded_lines": 0, "percent_statements_covered": 100.0, "percent_statements_covered_display": "100"}, "missing_lines": [], "excluded_lines": []}}, "classes": {"AudioMetrics": {"executed_lines": [], "summary": {"covered_lines": 0, "num_statements": 0, "percent_covered": 100.0, "percent_covered_display": "100", "missing_lines": 0, "excluded_lines": 0, "percent_statements_covered": 100.0, "percent_statements_covered_display": "100"}, "missing_lines": [], "excluded_lines": []}, "AudioAnalyzer": {"executed_lines": [53, 54, 56, 58, 59, 62, 65, 68, 71, 72, 73, 75, 94, 95, 97, 98, 99, 100, 102, 113, 114, 117, 118, 120, 123, 124, 136, 139, 142, 143, 144, 145, 148, 163, 165, 166, 167, 168, 169, 174, 175, 176, 189, 190, 191, 193, 194, 197, 198, 201, 206, 207, 219, 221, 224, 225, 226, 227, 228, 231, 232], "summary": {"covered_lines": 61, "num_statements": 85, "percent_covered": 71.76470588235294, "percent_covered_display": "72", "missing_lines": 24, "excluded_lines": 0, "percent_statements_covered": 71.76470588235294, "percent_statements_covered_display": "72"}, "missing_lines": [81, 82, 83, 137, 170, 199, 229, 234, 237, 238, 239, 241, 244, 245, 246, 247, 249, 253, 254, 257, 258, 260, 261, 262], "excluded_lines": []}, "": {"executed_lines": [1, 3, 4, 5, 7, 8, 10, 13, 14, 15, 17, 18, 19, 20, 23, 24, 34, 37, 38, 40, 85, 104, 126, 150, 178, 209], "summary": {"covered_lines": 23, "num_statements": 23, "percent_covered": 100.0, "percent_covered_display": "100", "missing_lines": 0, "excluded_lines": 0, "percent_statements_covered": 100.0, "percent_statements_covered_display": "100"}, "missing_lines": [], "excluded_lines": []}}}, "app/ai/content_analyzer.py": {"executed_lines": [1, 8, 9, 10, 12, 13, 15, 17, 20, 21, 22, 24, 25, 26, 27, 28, 29, 30, 31, 34, 35, 45, 77, 87, 122, 124, 126, 127, 131, 132, 134, 135, 136, 138, 156, 159, 161, 169, 170, 181, 187, 188, 190, 191, 194, 195, 196, 199, 201, 212, 218, 220, 221, 222, 223, 233, 234, 236, 247, 257, 259, 266, 275, 281], "summary": {"covered_lines": 61, "num_statements": 65, "percent_covered": 93.84615384615384, "percent_covered_display": "94", "missing_lines": 4, "excluded_lines": 0, "percent_statements_covered": 93.84615384615384, "percent_statements_covered_display": "94"}, "missing_lines": [172, 178, 189, 197], "excluded_lines": [], "functions": {"ContentAnalyzer.__init__": {"executed_lines": [124, 126, 127, 131, 132, 134, 135, 136], "summary": {"covered_lines": 8, "num_statements": 8, "percent_covered": 100.0, "percent_covered_display": "100", "missing_lines": 0, "excluded_lines": 0, "percent_statements_covered": 100.0, "percent_statements_covered_display": "100"}, "missing_lines": [], "excluded_lines": []}, "ContentAnalyzer.analyze": {"executed_lines": [156, 159, 161, 169, 170, 181, 187, 188, 190, 191, 194, 195, 196, 199, 201, 212, 218, 220, 221, 222, 223, 233, 234, 236], "summary": {"covered_lines": 24, "num_statements": 28, "percent_covered": 85.71428571428571, "percent_covered_display": "86", "missing_lines": 4, "excluded_lines": 0, "percent_statements_covered": 85.71428571428571, "percent_statements_covered_display": "86"}, "missing_lines": [172, 178, 189, 197], "excluded_lines": []}, "ContentAnalyzer.calculate_overall_score": {"executed_lines": [257, 259, 266, 275, 281], "summary": {"covered_lines": 5, "num_statements": 5, "percent_covered": 100.0, "percent_covered_display": "100", "missing_lines": 0, "excluded_lines": 0, "percent_statements_covered": 100.0, "percent_statements_covered_display": "100"}, "missing_lines": [], "excluded_lines": []}, "": {"executed_lines": [1, 8, 9, 10, 12, 13, 15, 17, 20, 21, 22, 24, 25, 26, 27, 28, 29, 30, 31, 34, 35, 45, 77, 87, 122, 138, 247], "summary": {"covered_lines": 24, "num_statements": 24, "percent_covered": 100.0, "percent_covered_display": "100", "missing_lines": 0, "excluded_lines": 0, "percent_statements_covered": 100.0, "percent_statements_covered_display": "100"}, "missing_lines": [], "excluded_lines": []}}, "classes": {"ContentMetrics": {"executed_lines": [], "summary": {"covered_lines": 0, "num_statements": 0, "percent_covered": 100.0, "percent_covered_display": "100", "missing_lines": 0, "excluded_lines": 0, "percent_statements_covered": 100.0, "percent_statements_covered_display": "100"}, "missing_lines": [], "excluded_lines": []}, "ContentAnalyzer": {"executed_lines": [124, 126, 127, 131, 132, 134, 135, 136, 156, 159, 161, 169, 170, 181, 187, 188, 190, 191, 194, 195, 196, 199, 201, 212, 218, 220, 221, 222, 223, 233, 234, 236, 257, 259, 266, 275, 281], "summary": {"covered_lines": 37, "num_statements": 41, "percent_covered": 90.2439024390244, "percent_covered_display": "90", "missing_lines": 4, "excluded_lines": 0, "percent_statements_covered": 90.2439024390244, "percent_statements_covered_display": "90"}, "missing_lines": [172, 178, 189, 197], "excluded_lines": []}, "": {"executed_lines": [1, 8, 9, 10, 12, 13, 15, 17, 20, 21, 22, 24, 25, 26, 27, 28, 29, 30, 31, 34, 35, 45, 77, 87, 122, 138, 247], "summary": {"covered_lines": 24, "num_statements": 24, "percent_covered": 100.0, "percent_covered_display": "100", "missing_lines": 0, "excluded_lines": 0, "percent_statements_covered": 100.0, "percent_statements_covered_display": "100"}, "missing_lines": [], "excluded_lines": []}}}, "app/ai/transcriber.py": {"executed_lines": [1, 8, 9, 10, 11, 13, 15, 17, 20, 21, 22, 24, 25, 26, 27, 30, 31, 39, 40, 42, 44, 46, 47, 51, 52, 54, 55, 56, 58, 78, 80, 81, 84, 85, 86, 92, 93, 94, 99, 100, 102, 108, 111, 114, 115, 123, 130, 139, 158, 160, 161, 162, 163, 169, 178, 179], "summary": {"covered_lines": 53, "num_statements": 57, "percent_covered": 92.98245614035088, "percent_covered_display": "93", "missing_lines": 4, "excluded_lines": 0, "percent_statements_covered": 92.98245614035088, "percent_statements_covered_display": "93"}, "missing_lines": [109, 135, 136, 137], "excluded_lines": [], "functions": {"Transcriber.__init__": {"executed_lines": [44, 46, 47, 51, 52, 54, 55, 56], "summary": {"covered_lines": 8, "num_statements": 8, "percent_covered": 100.0, "percent_covered_display": "100", "missing_lines": 0, "excluded_lines": 0, "percent_statements_covered": 100.0, "percent_statements_covered_display": "100"}, "missing_lines": [], "excluded_lines": []}, "Transcriber.transcribe": {"executed_lines": [78, 80, 81, 84, 85, 86, 92, 93, 94, 99, 100, 102, 108, 111, 114, 115, 123, 130], "summary": {"covered_lines": 18, "num_statements": 22, "percent_covered": 81.81818181818181, "percent_covered_display": "82", "missing_lines": 4, "excluded_lines": 0, "percent_statements_covered": 81.81818181818181, "percent_statements_covered_display": "82"}, "missing_lines": [109, 135, 136, 137], "excluded_lines": []}, "Transcriber.transcribe_bytes": {"executed_lines": [158, 160, 161, 162, 163], "summary": {"covered_lines": 5, "num_statements": 5, "percent_covered": 100.0, "percent_covered_display": "100", "missing_lines": 0, "excluded_lines": 0, "percent_statements_covered": 100.0, "percent_statements_covered_display": "100"}, "missing_lines": [], "excluded_lines": []}, "Transcriber.estimate_cost": {"executed_lines": [178, 179], "summary": {"covered_lines": 2, "num_statements": 2, "percent_covered": 100.0, "percent_covered_display": "100", "missing_lines": 0, "excluded_lines": 0, "percent_statements_covered": 100.0, "percent_statements_covered_display": "100"}, "missing_lines": [], "excluded_lines": []}, "": {"executed_lines": [1, 8, 9, 10, 11, 13, 15, 17, 20, 21, 22, 24, 25, 26, 27, 30, 31, 39, 40, 42, 58, 139, 169], "summary": {"covered_lines": 20, "num_statements": 20, "percent_covered": 100.0, "percent_covered_display": "100", "missing_lines": 0, "excluded_lines": 0, "percent_statements_covered": 100.0, "percent_statements_covered_display": "100"}, "missing_lines": [], "excluded_lines": []}}, "classes": {"TranscriptionResult": {"executed_lines": [], "summary": {"covered_lines": 0, "num_statements": 0, "percent_covered": 100.0, "percent_covered_display": "100", "missing_lines": 0, "excluded_lines": 0, "percent_statements_covered": 100.0, "percent_statements_covered_display": "100"}, "missing_lines": [], "excluded_lines": []}, "Transcriber": {"executed_lines": [44, 46, 47, 51, 52, 54, 55, 56, 78, 80, 81, 84, 85, 86, 92, 93, 94, 99, 100, 102, 108, 111, 114, 115, 123, 130, 158, 160, 161, 162, 163, 178, 179], "summary": {"covered_lines": 33, "num_statements": 37, "percent_covered": 89.1891891891892, "percent_covered_display": "89", "missing_lines": 4, "excluded_lines": 0, "percent_statements_covered": 89.1891891891892, "percent_statements_covered_display": "89"}, "missing_lines": [109, 135, 136, 137], "excluded_lines": []}, "": {"executed_lines": [1, 8, 9, 10, 11, 13, 15, 17, 20, 21, 22, 24, 25, 26, 27, 30, 31, 39, 40, 42, 58, 139, 169], "summary": {"covered_lines": 20, "num_statements": 20, "percent_covered": 100.0, "percent_covered_display": "100", "missing_lines": 0, "excluded_lines": 0, "percent_statements_covered": 100.0, "percent_statements_covered_display": "100"}, "missing_lines": [], "excluded_lines": []}}}, "app/api/__init__.py": {"executed_lines": [1], "summary": {"covered_lines": 0, "num_statements": 0, "percent_covered": 100.0, "percent_covered_display": "100", "missing_lines": 0, "excluded_lines": 0, "percent_statements_covered": 100.0, "percent_statements_covered_display": "100"}, "missing_lines": [], "excluded_lines": [], "functions": {"": {"executed_lines": [1], "summary": {"covered_lines": 0, "num_statements": 0, "percent_covered": 100.0, "percent_covered_display": "100", "missing_lines": 0, "excluded_lines": 0, "percent_statements_covered": 100.0, "percent_statements_covered_display": "100"}, "missing_lines": [], "excluded_lines": []}}, "classes": {"": {"executed_lines": [1], "summary": {"covered_lines": 0, "num_statements": 0, "percent_covered": 100.0, "percent_covered_display": "100", "missing_lines": 0, "excluded_lines": 0, "percent_statements_covered": 100.0, "percent_statements_covered_display": "100"}, "missing_lines": [], "excluded_lines": []}}}, "app/api/auth.py": {"executed_lines": [1, 3, 4, 6, 7, 8, 10, 11, 12, 13, 14, 20, 21, 23, 26, 27, 29, 32, 33, 35, 36, 39, 40, 57, 62, 94, 95, 115, 164, 165, 184], "summary": {"covered_lines": 28, "num_statements": 70, "percent_covered": 40.0, "percent_covered_display": "40", "missing_lines": 42, "excluded_lines": 0, "percent_statements_covered": 40.0, "percent_statements_covered_display": "40"}, "missing_lines": [63, 65, 67, 70, 73, 76, 81, 82, 85, 88, 89, 91, 118, 120, 121, 127, 128, 134, 135, 136, 142, 145, 147, 148, 154, 157, 159, 161, 187, 189, 190, 196, 200, 201, 202, 203, 209, 210, 213, 214, 215, 217], "excluded_lines": [], "functions": {"forgot_password": {"executed_lines": [57, 62], "summary": {"covered_lines": 2, "num_statements": 14, "percent_covered": 14.285714285714286, "percent_covered_display": "14", "missing_lines": 12, "excluded_lines": 0, "percent_statements_covered": 14.285714285714286, "percent_statements_covered_display": "14"}, "missing_lines": [63, 65, 67, 70, 73, 76, 81, 82, 85, 88, 89, 91], "excluded_lines": []}, "reset_password": {"executed_lines": [115], "summary": {"covered_lines": 1, "num_statements": 17, "percent_covered": 5.882352941176471, "percent_covered_display": "6", "missing_lines": 16, "excluded_lines": 0, "percent_statements_covered": 5.882352941176471, "percent_statements_covered_display": "6"}, "missing_lines": [118, 120, 121, 127, 128, 134, 135, 136, 142, 145, 147, 148, 154, 157, 159, 161], "excluded_lines": []}, "refresh_token": {"executed_lines": [184], "summary": {"covered_lines": 1, "num_statements": 15, "percent_covered": 6.666666666666667, "percent_covered_display": "7", "missing_lines": 14, "excluded_lines": 0, "percent_statements_covered": 6.666666666666667, "percent_statements_covered_display": "7"}, "missing_lines": [187, 189, 190, 196, 200, 201, 202, 203, 209, 210, 213, 214, 215, 217], "excluded_lines": []}, "": {"executed_lines": [1, 3, 4, 6, 7, 8, 10, 11, 12, 13, 14, 20, 21, 23, 26, 27, 29, 32, 33, 35, 36, 39, 40, 94, 95, 164, 165], "summary": {"covered_lines": 24, "num_statements": 24, "percent_covered": 100.0, "percent_covered_display": "100", "missing_lines": 0, "excluded_lines": 0, "percent_statements_covered": 100.0, "percent_statements_covered_display": "100"}, "missing_lines": [], "excluded_lines": []}}, "classes": {"ForgotPasswordRequest": {"executed_lines": [], "summary": {"covered_lines": 0, "num_statements": 0, "percent_covered": 100.0, "percent_covered_display": "100", "missing_lines": 0, "excluded_lines": 0, "percent_statements_covered": 100.0, "percent_statements_covered_display": "100"}, "missing_lines": [], "excluded_lines": []}, "ResetPasswordRequest": {"executed_lines": [], "summary": {"covered_lines": 0, "num_statements": 0, "percent_covered": 100.0, "percent_covered_display": "100", "missing_lines": 0, "excluded_lines": 0, "percent_statements_covered": 100.0, "percent_statements_covered_display": "100"}, "missing_lines": [], "excluded_lines": []}, "": {"executed_lines": [1, 3, 4, 6, 7, 8, 10, 11, 12, 13, 14, 20, 21, 23, 26, 27, 29, 32, 33, 35, 36, 39, 40, 57, 62, 94, 95, 115, 164, 165, 184], "summary": {"covered_lines": 28, "num_statements": 70, "percent_covered": 40.0, "percent_covered_display": "40", "missing_lines": 42, "excluded_lines": 0, "percent_statements_covered": 40.0, "percent_statements_covered_display": "40"}, "missing_lines": [63, 65, 67, 70, 73, 76, 81, 82, 85, 88, 89, 91, 118, 120, 121, 127, 128, 134, 135, 136, 142, 145, 147, 148, 154, 157, 159, 161, 187, 189, 190, 196, 200, 201, 202, 203, 209, 210, 213, 214, 215, 217], "excluded_lines": []}}}, "app/api/feedback.py": {"executed_lines": [1, 3, 5, 6, 7, 9, 10, 11, 17, 18, 19, 21, 24, 40, 54, 70, 84, 85, 106, 121, 122, 152, 153, 174, 189, 194, 215, 228, 233, 268, 269, 291, 300, 301, 514, 515, 1971, 1981, 1983, 1990], "summary": {"covered_lines": 33, "num_statements": 85, "percent_covered": 38.8235294117647, "percent_covered_display": "39", "missing_lines": 52, "excluded_lines": 0, "percent_statements_covered": 38.8235294117647, "percent_statements_covered_display": "39"}, "missing_lines": [45, 46, 47, 51, 75, 76, 77, 81, 109, 110, 112, 113, 118, 143, 146, 147, 149, 177, 178, 180, 181, 186, 218, 219, 220, 221, 222, 223, 255, 258, 259, 260, 261, 262, 263, 294, 295, 297, 321, 324, 327, 328, 330, 331, 337, 344, 347, 348, 351, 352, 353, 357], "excluded_lines": [], "functions": {"_verify_session_ownership": {"executed_lines": [40], "summary": {"covered_lines": 1, "num_statements": 5, "percent_covered": 20.0, "percent_covered_display": "20", "missing_lines": 4, "excluded_lines": 0, "percent_statements_covered": 20.0, "percent_statements_covered_display": "20"}, "missing_lines": [45, 46, 47, 51], "excluded_lines": []}, "_verify_response_ownership": {"executed_lines": [70], "summary": {"covered_lines": 1, "num_statements": 5, "percent_covered": 20.0, "percent_covered_display": "20", "missing_lines": 4, "excluded_lines": 0, "percent_statements_covered": 20.0, "percent_statements_covered_display": "20"}, "missing_lines": [75, 76, 77, 81], "excluded_lines": []}, "get_session_feedback": {"executed_lines": [106], "summary": {"covered_lines": 1, "num_statements": 6, "percent_covered": 16.666666666666668, "percent_covered_display": "17", "missing_lines": 5, "excluded_lines": 0, "percent_statements_covered": 16.666666666666668, "percent_statements_covered_display": "17"}, "missing_lines": [109, 110, 112, 113, 118], "excluded_lines": []}, "get_all_session_feedbacks": {"executed_lines": [], "summary": {"covered_lines": 0, "num_statements": 4, "percent_covered": 0.0, "percent_covered_display": "0", "missing_lines": 4, "excluded_lines": 0, "percent_statements_covered": 0.0, "percent_statements_covered_display": "0"}, "missing_lines": [143, 146, 147, 149], "excluded_lines": []}, "get_response_feedback": {"executed_lines": [174], "summary": {"covered_lines": 1, "num_statements": 6, "percent_covered": 16.666666666666668, "percent_covered_display": "17", "missing_lines": 5, "excluded_lines": 0, "percent_statements_covered": 16.666666666666668, "percent_statements_covered_display": "17"}, "missing_lines": [177, 178, 180, 181, 186], "excluded_lines": []}, "generate_response_feedback": {"executed_lines": [215], "summary": {"covered_lines": 1, "num_statements": 7, "percent_covered": 14.285714285714286, "percent_covered_display": "14", "missing_lines": 6, "excluded_lines": 0, "percent_statements_covered": 14.285714285714286, "percent_statements_covered_display": "14"}, "missing_lines": [218, 219, 220, 221, 222, 223], "excluded_lines": []}, "generate_session_feedback": {"executed_lines": [], "summary": {"covered_lines": 0, "num_statements": 7, "percent_covered": 0.0, "percent_covered_display": "0", "missing_lines": 7, "excluded_lines": 0, "percent_statements_covered": 0.0, "percent_statements_covered_display": "0"}, "missing_lines": [255, 258, 259, 260, 261, 262, 263], "excluded_lines": []}, "get_session_processing_status": {"executed_lines": [291], "summary": {"covered_lines": 1, "num_statements": 4, "percent_covered": 25.0, "percent_covered_display": "25", "missing_lines": 3, "excluded_lines": 0, "percent_statements_covered": 25.0, "percent_statements_covered_display": "25"}, "missing_lines": [294, 295, 297], "excluded_lines": []}, "get_session_comparison": {"executed_lines": [], "summary": {"covered_lines": 0, "num_statements": 14, "percent_covered": 0.0, "percent_covered_display": "0", "missing_lines": 14, "excluded_lines": 0, "percent_statements_covered": 0.0, "percent_statements_covered_display": "0"}, "missing_lines": [321, 324, 327, 328, 330, 331, 337, 344, 347, 348, 351, 352, 353, 357], "excluded_lines": []}, "": {"executed_lines": [1, 3, 5, 6, 7, 9, 10, 11, 17, 18, 19, 21, 24, 54, 84, 85, 121, 122, 152, 153, 189, 194, 228, 233, 268, 269, 300, 301], "summary": {"covered_lines": 27, "num_statements": 27, "percent_covered": 100.0, "percent_covered_display": "100", "missing_lines": 0, "excluded_lines": 0, "percent_statements_covered": 100.0, "percent_statements_covered_display": "100"}, "missing_lines": [], "excluded_lines": []}}, "classes": {"": {"executed_lines": [1, 3, 5, 6, 7, 9, 10, 11, 17, 18, 19, 21, 24, 40, 54, 70, 84, 85, 106, 121, 122, 152, 153, 174, 189, 194, 215, 228, 233, 268, 269, 291, 300, 301], "summary": {"covered_lines": 33, "num_statements": 85, "percent_covered": 38.8235294117647, "percent_covered_display": "39", "missing_lines": 52, "excluded_lines": 0, "percent_statements_covered": 38.8235294117647, "percent_statements_covered_display": "39"}, "missing_lines": [45, 46, 47, 51, 75, 76, 77, 81, 109, 110, 112, 113, 118, 143, 146, 147, 149, 177, 178, 180, 181, 186, 218, 219, 220, 221, 222, 223, 255, 258, 259, 260, 261, 262, 263, 294, 295, 297, 321, 324, 327, 328, 330, 331, 337, 344, 347, 348, 351, 352, 353, 357], "excluded_lines": []}}}, "app/api/health.py": {"executed_lines": [1, 3, 5, 7, 8, 10, 11, 14, 20, 22, 23, 24, 25, 28, 31, 32, 33, 36, 42, 48, 49, 51, 54, 55, 61, 62, 63, 64, 67, 68, 69, 76, 84, 85, 91, 96, 97, 98, 100, 101, 102, 105, 106, 107, 110, 111, 116, 117, 125, 126, 128, 674, 1971, 1981, 1983, 1990, 2011, 2012, 2013, 2015, 2027, 2028, 2742, 2745, 2750, 2757, 2758], "summary": {"covered_lines": 50, "num_statements": 63, "percent_covered": 79.36507936507937, "percent_covered_display": "79", "missing_lines": 13, "excluded_lines": 0, "percent_statements_covered": 79.36507936507937, "percent_statements_covered_display": "79"}, "missing_lines": [21, 26, 27, 29, 30, 108, 113, 118, 119, 120, 121, 122, 123], "excluded_lines": [], "functions": {"check_redis": {"executed_lines": [20, 22, 23, 24, 25, 28, 31, 32, 33], "summary": {"covered_lines": 9, "num_statements": 14, "percent_covered": 64.28571428571429, "percent_covered_display": "64", "missing_lines": 5, "excluded_lines": 0, "percent_statements_covered": 64.28571428571429, "percent_statements_covered_display": "64"}, "missing_lines": [21, 26, 27, 29, 30], "excluded_lines": []}, "check_ai_services": {"executed_lines": [42], "summary": {"covered_lines": 1, "num_statements": 1, "percent_covered": 100.0, "percent_covered_display": "100", "missing_lines": 0, "excluded_lines": 0, "percent_statements_covered": 100.0, "percent_statements_covered_display": "100"}, "missing_lines": [], "excluded_lines": []}, "health_check": {"executed_lines": [51], "summary": {"covered_lines": 1, "num_statements": 1, "percent_covered": 100.0, "percent_covered_display": "100", "missing_lines": 0, "excluded_lines": 0, "percent_statements_covered": 100.0, "percent_statements_covered_display": "100"}, "missing_lines": [], "excluded_lines": []}, "readiness_check": {"executed_lines": [61, 62, 63, 64, 67, 68, 69, 76], "summary": {"covered_lines": 8, "num_statements": 8, "percent_covered": 100.0, "percent_covered_display": "100", "missing_lines": 0, "excluded_lines": 0, "percent_statements_covered": 100.0, "percent_statements_covered_display": "100"}, "missing_lines": [], "excluded_lines": []}, "health_detailed": {"executed_lines": [91, 96, 97, 98, 100, 101, 102, 105, 106, 107, 110, 111, 116, 117, 125, 126, 128], "summary": {"covered_lines": 17, "num_statements": 25, "percent_covered": 68.0, "percent_covered_display": "68", "missing_lines": 8, "excluded_lines": 0, "percent_statements_covered": 68.0, "percent_statements_covered_display": "68"}, "missing_lines": [108, 113, 118, 119, 120, 121, 122, 123], "excluded_lines": []}, "": {"executed_lines": [1, 3, 5, 7, 8, 10, 11, 14, 36, 48, 49, 54, 55, 84, 85], "summary": {"covered_lines": 14, "num_statements": 14, "percent_covered": 100.0, "percent_covered_display": "100", "missing_lines": 0, "excluded_lines": 0, "percent_statements_covered": 100.0, "percent_statements_covered_display": "100"}, "missing_lines": [], "excluded_lines": []}}, "classes": {"": {"executed_lines": [1, 3, 5, 7, 8, 10, 11, 14, 20, 22, 23, 24, 25, 28, 31, 32, 33, 36, 42, 48, 49, 51, 54, 55, 61, 62, 63, 64, 67, 68, 69, 76, 84, 85, 91, 96, 97, 98, 100, 101, 102, 105, 106, 107, 110, 111, 116, 117, 125, 126, 128], "summary": {"covered_lines": 50, "num_statements": 63, "percent_covered": 79.36507936507937, "percent_covered_display": "79", "missing_lines": 13, "excluded_lines": 0, "percent_statements_covered": 79.36507936507937, "percent_statements_covered_display": "79"}, "missing_lines": [21, 26, 27, 29, 30, 108, 113, 118, 119, 120, 121, 122, 123], "excluded_lines": []}}}, "app/api/interviews.py": {"executed_lines": [1, 3, 4, 5, 6, 8, 9, 10, 12, 13, 14, 26, 27, 28, 29, 31, 33, 34, 37, 38, 43, 46, 57, 63, 72, 82, 85, 86, 88, 93, 94, 102, 103, 106, 107, 111, 112, 118, 121, 122, 132, 154, 155, 166, 186, 187, 196, 214, 215, 221, 228, 229, 237, 288, 289, 296, 345, 346, 351, 357, 1971, 1981, 1983, 1990], "summary": {"covered_lines": 59, "num_statements": 148, "percent_covered": 39.86486486486486, "percent_covered_display": "40", "missing_lines": 89, "excluded_lines": 0, "percent_statements_covered": 39.86486486486486, "percent_statements_covered_display": "40"}, "missing_lines": [51, 52, 53, 54, 89, 90, 104, 108, 133, 134, 137, 138, 139, 140, 141, 142, 147, 148, 149, 150, 151, 169, 170, 175, 177, 178, 183, 197, 198, 200, 201, 202, 203, 204, 205, 206, 209, 211, 222, 223, 224, 225, 240, 241, 247, 253, 254, 255, 261, 271, 272, 274, 275, 276, 279, 281, 285, 299, 304, 307, 308, 309, 312, 314, 317, 318, 319, 320, 340, 342, 348, 368, 374, 376, 377, 383, 388, 391, 398, 399, 402, 403, 404, 405, 411, 412, 414, 415, 416], "excluded_lines": [], "functions": {"_get_time": {"executed_lines": [38], "summary": {"covered_lines": 1, "num_statements": 1, "percent_covered": 100.0, "percent_covered_display": "100", "missing_lines": 0, "excluded_lines": 0, "percent_statements_covered": 100.0, "percent_statements_covered_display": "100"}, "missing_lines": [], "excluded_lines": []}, "_get_interview_for_user": {"executed_lines": [46], "summary": {"covered_lines": 1, "num_statements": 5, "percent_covered": 20.0, "percent_covered_display": "20", "missing_lines": 4, "excluded_lines": 0, "percent_statements_covered": 20.0, "percent_statements_covered_display": "20"}, "missing_lines": [51, 52, 53, 54], "excluded_lines": []}, "create_interview": {"executed_lines": [72, 82, 85, 86, 88], "summary": {"covered_lines": 5, "num_statements": 7, "percent_covered": 71.42857142857143, "percent_covered_display": "71", "missing_lines": 2, "excluded_lines": 0, "percent_statements_covered": 71.42857142857143, "percent_statements_covered_display": "71"}, "missing_lines": [89, 90], "excluded_lines": []}, "list_interviews": {"executed_lines": [102, 103, 106, 107], "summary": {"covered_lines": 4, "num_statements": 6, "percent_covered": 66.66666666666667, "percent_covered_display": "67", "missing_lines": 2, "excluded_lines": 0, "percent_statements_covered": 66.66666666666667, "percent_statements_covered_display": "67"}, "missing_lines": [104, 108], "excluded_lines": []}, "get_interview": {"executed_lines": [118], "summary": {"covered_lines": 1, "num_statements": 1, "percent_covered": 100.0, "percent_covered_display": "100", "missing_lines": 0, "excluded_lines": 0, "percent_statements_covered": 100.0, "percent_statements_covered_display": "100"}, "missing_lines": [], "excluded_lines": []}, "start_interview": {"executed_lines": [132], "summary": {"covered_lines": 1, "num_statements": 14, "percent_covered": 7.142857142857143, "percent_covered_display": "7", "missing_lines": 13, "excluded_lines": 0, "percent_statements_covered": 7.142857142857143, "percent_statements_covered_display": "7"}, "missing_lines": [133, 134, 137, 138, 139, 140, 141, 142, 147, 148, 149, 150, 151], "excluded_lines": []}, "get_interview_questions": {"executed_lines": [166], "summary": {"covered_lines": 1, "num_statements": 7, "percent_covered": 14.285714285714286, "percent_covered_display": "14", "missing_lines": 6, "excluded_lines": 0, "percent_statements_covered": 14.285714285714286, "percent_statements_covered_display": "14"}, "missing_lines": [169, 170, 175, 177, 178, 183], "excluded_lines": []}, "end_interview": {"executed_lines": [196], "summary": {"covered_lines": 1, "num_statements": 12, "percent_covered": 8.333333333333334, "percent_covered_display": "8", "missing_lines": 11, "excluded_lines": 0, "percent_statements_covered": 8.333333333333334, "percent_statements_covered_display": "8"}, "missing_lines": [197, 198, 200, 201, 202, 203, 204, 205, 206, 209, 211], "excluded_lines": []}, "cancel_interview": {"executed_lines": [221], "summary": {"covered_lines": 1, "num_statements": 5, "percent_covered": 20.0, "percent_covered_display": "20", "missing_lines": 4, "excluded_lines": 0, "percent_statements_covered": 20.0, "percent_statements_covered_display": "20"}, "missing_lines": [222, 223, 224, 225], "excluded_lines": []}, "submit_response": {"executed_lines": [237], "summary": {"covered_lines": 1, "num_statements": 16, "percent_covered": 6.25, "percent_covered_display": "6", "missing_lines": 15, "excluded_lines": 0, "percent_statements_covered": 6.25, "percent_statements_covered_display": "6"}, "missing_lines": [240, 241, 247, 253, 254, 255, 261, 271, 272, 274, 275, 276, 279, 281, 285], "excluded_lines": []}, "get_responses": {"executed_lines": [296], "summary": {"covered_lines": 1, "num_statements": 14, "percent_covered": 7.142857142857143, "percent_covered_display": "7", "missing_lines": 13, "excluded_lines": 0, "percent_statements_covered": 7.142857142857143, "percent_statements_covered_display": "7"}, "missing_lines": [299, 304, 307, 308, 309, 312, 314, 317, 318, 319, 320, 340, 342], "excluded_lines": []}, "get_interview_feedback": {"executed_lines": [], "summary": {"covered_lines": 0, "num_statements": 1, "percent_covered": 0.0, "percent_covered_display": "0", "missing_lines": 1, "excluded_lines": 0, "percent_statements_covered": 0.0, "percent_statements_covered_display": "0"}, "missing_lines": [348], "excluded_lines": []}, "create_quick_practice": {"executed_lines": [], "summary": {"covered_lines": 0, "num_statements": 18, "percent_covered": 0.0, "percent_covered_display": "0", "missing_lines": 18, "excluded_lines": 0, "percent_statements_covered": 0.0, "percent_statements_covered_display": "0"}, "missing_lines": [368, 374, 376, 377, 383, 388, 391, 398, 399, 402, 403, 404, 405, 411, 412, 414, 415, 416], "excluded_lines": []}, "": {"executed_lines": [1, 3, 4, 5, 6, 8, 9, 10, 12, 13, 14, 26, 27, 28, 29, 31, 33, 34, 37, 43, 57, 63, 93, 94, 111, 112, 121, 122, 154, 155, 186, 187, 214, 215, 228, 229, 288, 289, 345, 346, 351, 357], "summary": {"covered_lines": 41, "num_statements": 41, "percent_covered": 100.0, "percent_covered_display": "100", "missing_lines": 0, "excluded_lines": 0, "percent_statements_covered": 100.0, "percent_statements_covered_display": "100"}, "missing_lines": [], "excluded_lines": []}}, "classes": {"": {"executed_lines": [1, 3, 4, 5, 6, 8, 9, 10, 12, 13, 14, 26, 27, 28, 29, 31, 33, 34, 37, 38, 43, 46, 57, 63, 72, 82, 85, 86, 88, 93, 94, 102, 103, 106, 107, 111, 112, 118, 121, 122, 132, 154, 155, 166, 186, 187, 196, 214, 215, 221, 228, 229, 237, 288, 289, 296, 345, 346, 351, 357], "summary": {"covered_lines": 59, "num_statements": 148, "percent_covered": 39.86486486486486, "percent_covered_display": "40", "missing_lines": 89, "excluded_lines": 0, "percent_statements_covered": 39.86486486486486, "percent_statements_covered_display": "40"}, "missing_lines": [51, 52, 53, 54, 89, 90, 104, 108, 133, 134, 137, 138, 139, 140, 141, 142, 147, 148, 149, 150, 151, 169, 170, 175, 177, 178, 183, 197, 198, 200, 201, 202, 203, 204, 205, 206, 209, 211, 222, 223, 224, 225, 240, 241, 247, 253, 254, 255, 261, 271, 272, 274, 275, 276, 279, 281, 285, 299, 304, 307, 308, 309, 312, 314, 317, 318, 319, 320, 340, 342, 348, 368, 374, 376, 377, 383, 388, 391, 398, 399, 402, 403, 404, 405, 411, 412, 414, 415, 416], "excluded_lines": []}}}, "app/api/questions.py": {"executed_lines": [1, 3, 5, 6, 7, 8, 10, 11, 12, 13, 15, 18, 19, 29, 30, 31, 32, 33, 34, 36, 39, 40, 44, 45, 52, 53, 54, 55, 56, 57, 60, 61, 68, 69, 71, 78, 79, 85, 86, 87], "summary": {"covered_lines": 39, "num_statements": 53, "percent_covered": 73.58490566037736, "percent_covered_display": "74", "missing_lines": 14, "excluded_lines": 0, "percent_statements_covered": 73.58490566037736, "percent_statements_covered_display": "74"}, "missing_lines": [35, 37, 41, 58, 62, 63, 64, 65, 72, 73, 74, 75, 88, 89], "excluded_lines": [], "functions": {"list_questions": {"executed_lines": [29, 30, 31, 32, 33, 34, 36, 39, 40], "summary": {"covered_lines": 9, "num_statements": 12, "percent_covered": 75.0, "percent_covered_display": "75", "missing_lines": 3, "excluded_lines": 0, "percent_statements_covered": 75.0, "percent_statements_covered_display": "75"}, "missing_lines": [35, 37, 41], "excluded_lines": []}, "get_random_question": {"executed_lines": [52, 53, 54, 55, 56, 57, 60, 61], "summary": {"covered_lines": 8, "num_statements": 13, "percent_covered": 61.53846153846154, "percent_covered_display": "62", "missing_lines": 5, "excluded_lines": 0, "percent_statements_covered": 61.53846153846154, "percent_statements_covered_display": "62"}, "missing_lines": [58, 62, 63, 64, 65], "excluded_lines": []}, "get_question": {"executed_lines": [71], "summary": {"covered_lines": 1, "num_statements": 5, "percent_covered": 20.0, "percent_covered_display": "20", "missing_lines": 4, "excluded_lines": 0, "percent_statements_covered": 20.0, "percent_statements_covered_display": "20"}, "missing_lines": [72, 73, 74, 75], "excluded_lines": []}, "create_question": {"executed_lines": [85, 86, 87], "summary": {"covered_lines": 3, "num_statements": 5, "percent_covered": 60.0, "percent_covered_display": "60", "missing_lines": 2, "excluded_lines": 0, "percent_statements_covered": 60.0, "percent_statements_covered_display": "60"}, "missing_lines": [88, 89], "excluded_lines": []}, "": {"executed_lines": [1, 3, 5, 6, 7, 8, 10, 11, 12, 13, 15, 18, 19, 44, 45, 68, 69, 78, 79], "summary": {"covered_lines": 18, "num_statements": 18, "percent_covered": 100.0, "percent_covered_display": "100", "missing_lines": 0, "excluded_lines": 0, "percent_statements_covered": 100.0, "percent_statements_covered_display": "100"}, "missing_lines": [], "excluded_lines": []}}, "classes": {"": {"executed_lines": [1, 3, 5, 6, 7, 8, 10, 11, 12, 13, 15, 18, 19, 29, 30, 31, 32, 33, 34, 36, 39, 40, 44, 45, 52, 53, 54, 55, 56, 57, 60, 61, 68, 69, 71, 78, 79, 85, 86, 87], "summary": {"covered_lines": 39, "num_statements": 53, "percent_covered": 73.58490566037736, "percent_covered_display": "74", "missing_lines": 14, "excluded_lines": 0, "percent_statements_covered": 73.58490566037736, "percent_statements_covered_display": "74"}, "missing_lines": [35, 37, 41, 58, 62, 63, 64, 65, 72, 73, 74, 75, 88, 89], "excluded_lines": []}}}, "app/api/subscriptions.py": {"executed_lines": [1, 3, 4, 5, 7, 8, 9, 10, 11, 13, 14, 15, 16, 18, 20, 23, 24, 27, 28, 30, 33, 34, 36, 37, 38, 39, 40, 41, 44, 45, 47, 50, 51, 69, 75, 77, 78, 79, 84, 85, 86, 126, 127, 141, 142, 147, 148, 150, 151, 164, 165, 166, 167, 191, 193, 194, 196, 201, 228, 258, 283, 285, 289, 294, 295, 311, 318, 319, 320, 323, 324, 325, 327, 337, 394, 395, 397, 398, 401, 402, 414, 415, 417, 420, 421, 460, 461, 514, 515, 1971, 1981, 1983, 1990], "summary": {"covered_lines": 81, "num_statements": 202, "percent_covered": 40.0990099009901, "percent_covered_display": "40", "missing_lines": 121, "excluded_lines": 0, "percent_statements_covered": 40.0990099009901, "percent_statements_covered_display": "40"}, "missing_lines": [70, 89, 94, 95, 101, 116, 118, 119, 120, 154, 155, 158, 159, 168, 169, 170, 171, 173, 175, 176, 177, 183, 185, 186, 188, 197, 198, 204, 205, 206, 207, 210, 211, 212, 213, 214, 216, 217, 218, 220, 224, 225, 230, 231, 233, 234, 237, 240, 241, 242, 244, 245, 247, 248, 249, 251, 255, 260, 262, 263, 266, 269, 270, 271, 274, 275, 276, 277, 279, 280, 291, 312, 313, 314, 315, 344, 345, 348, 355, 356, 362, 363, 364, 365, 368, 369, 370, 373, 374, 375, 377, 381, 382, 385, 386, 387, 388, 389, 390, 391, 408, 434, 435, 440, 441, 446, 447, 451, 452, 453, 454, 474, 475, 480, 482, 488, 489, 491, 493, 494, 495], "excluded_lines": [], "functions": {"create_checkout_session": {"executed_lines": [69, 75, 77, 78, 79, 84, 85, 86], "summary": {"covered_lines": 8, "num_statements": 17, "percent_covered": 47.05882352941177, "percent_covered_display": "47", "missing_lines": 9, "excluded_lines": 0, "percent_statements_covered": 47.05882352941177, "percent_statements_covered_display": "47"}, "missing_lines": [70, 89, 94, 95, 101, 116, 118, 119, 120], "excluded_lines": []}, "stripe_webhook": {"executed_lines": [141, 142, 147, 148, 150, 151, 164, 165, 166, 167], "summary": {"covered_lines": 10, "num_statements": 26, "percent_covered": 38.46153846153846, "percent_covered_display": "38", "missing_lines": 16, "excluded_lines": 0, "percent_statements_covered": 38.46153846153846, "percent_statements_covered_display": "38"}, "missing_lines": [154, 155, 158, 159, 168, 169, 170, 171, 173, 175, 176, 177, 183, 185, 186, 188], "excluded_lines": []}, "_handle_checkout_completed": {"executed_lines": [193, 194, 196, 201], "summary": {"covered_lines": 4, "num_statements": 21, "percent_covered": 19.047619047619047, "percent_covered_display": "19", "missing_lines": 17, "excluded_lines": 0, "percent_statements_covered": 19.047619047619047, "percent_statements_covered_display": "19"}, "missing_lines": [197, 198, 204, 205, 206, 207, 210, 211, 212, 213, 214, 216, 217, 218, 220, 224, 225], "excluded_lines": []}, "_handle_subscription_updated": {"executed_lines": [], "summary": {"covered_lines": 0, "num_statements": 15, "percent_covered": 0.0, "percent_covered_display": "0", "missing_lines": 15, "excluded_lines": 0, "percent_statements_covered": 0.0, "percent_statements_covered_display": "0"}, "missing_lines": [230, 231, 233, 234, 237, 240, 241, 242, 244, 245, 247, 248, 249, 251, 255], "excluded_lines": []}, "_handle_subscription_deleted": {"executed_lines": [], "summary": {"covered_lines": 0, "num_statements": 13, "percent_covered": 0.0, "percent_covered_display": "0", "missing_lines": 13, "excluded_lines": 0, "percent_statements_covered": 0.0, "percent_statements_covered_display": "0"}, "missing_lines": [260, 262, 263, 266, 269, 270, 271, 274, 275, 276, 277, 279, 280], "excluded_lines": []}, "_get_tier_from_price": {"executed_lines": [285, 289], "summary": {"covered_lines": 2, "num_statements": 3, "percent_covered": 66.66666666666667, "percent_covered_display": "67", "missing_lines": 1, "excluded_lines": 0, "percent_statements_covered": 66.66666666666667, "percent_statements_covered_display": "67"}, "missing_lines": [291], "excluded_lines": []}, "get_subscription_status": {"executed_lines": [311, 318, 319, 320, 323, 324, 325, 327], "summary": {"covered_lines": 8, "num_statements": 12, "percent_covered": 66.66666666666667, "percent_covered_display": "67", "missing_lines": 4, "excluded_lines": 0, "percent_statements_covered": 66.66666666666667, "percent_statements_covered_display": "67"}, "missing_lines": [312, 313, 314, 315], "excluded_lines": []}, "_sync_subscription_from_stripe": {"executed_lines": [], "summary": {"covered_lines": 0, "num_statements": 25, "percent_covered": 0.0, "percent_covered_display": "0", "missing_lines": 25, "excluded_lines": 0, "percent_statements_covered": 0.0, "percent_statements_covered_display": "0"}, "missing_lines": [344, 345, 348, 355, 356, 362, 363, 364, 365, 368, 369, 370, 373, 374, 375, 377, 381, 382, 385, 386, 387, 388, 389, 390, 391], "excluded_lines": []}, "get_pricing_config": {"executed_lines": [], "summary": {"covered_lines": 0, "num_statements": 1, "percent_covered": 0.0, "percent_covered_display": "0", "missing_lines": 1, "excluded_lines": 0, "percent_statements_covered": 0.0, "percent_statements_covered_display": "0"}, "missing_lines": [408], "excluded_lines": []}, "create_portal_session": {"executed_lines": [], "summary": {"covered_lines": 0, "num_statements": 10, "percent_covered": 0.0, "percent_covered_display": "0", "missing_lines": 10, "excluded_lines": 0, "percent_statements_covered": 0.0, "percent_statements_covered_display": "0"}, "missing_lines": [434, 435, 440, 441, 446, 447, 451, 452, 453, 454], "excluded_lines": []}, "cancel_subscription": {"executed_lines": [], "summary": {"covered_lines": 0, "num_statements": 10, "percent_covered": 0.0, "percent_covered_display": "0", "missing_lines": 10, "excluded_lines": 0, "percent_statements_covered": 0.0, "percent_statements_covered_display": "0"}, "missing_lines": [474, 475, 480, 482, 488, 489, 491, 493, 494, 495], "excluded_lines": []}, "": {"executed_lines": [1, 3, 4, 5, 7, 8, 9, 10, 11, 13, 14, 15, 16, 18, 20, 23, 24, 27, 28, 30, 33, 34, 36, 37, 38, 39, 40, 41, 44, 45, 47, 50, 51, 126, 127, 191, 228, 258, 283, 294, 295, 337, 394, 395, 397, 398, 401, 402, 414, 415, 417, 420, 421, 460, 461], "summary": {"covered_lines": 49, "num_statements": 49, "percent_covered": 100.0, "percent_covered_display": "100", "missing_lines": 0, "excluded_lines": 0, "percent_statements_covered": 100.0, "percent_statements_covered_display": "100"}, "missing_lines": [], "excluded_lines": []}}, "classes": {"CheckoutSessionResponse": {"executed_lines": [], "summary": {"covered_lines": 0, "num_statements": 0, "percent_covered": 100.0, "percent_covered_display": "100", "missing_lines": 0, "excluded_lines": 0, "percent_statements_covered": 100.0, "percent_statements_covered_display": "100"}, "missing_lines": [], "excluded_lines": []}, "SubscriptionStatus": {"executed_lines": [], "summary": {"covered_lines": 0, "num_statements": 0, "percent_covered": 100.0, "percent_covered_display": "100", "missing_lines": 0, "excluded_lines": 0, "percent_statements_covered": 100.0, "percent_statements_covered_display": "100"}, "missing_lines": [], "excluded_lines": []}, "CheckoutRequest": {"executed_lines": [], "summary": {"covered_lines": 0, "num_statements": 0, "percent_covered": 100.0, "percent_covered_display": "100", "missing_lines": 0, "excluded_lines": 0, "percent_statements_covered": 100.0, "percent_statements_covered_display": "100"}, "missing_lines": [], "excluded_lines": []}, "PricingConfig": {"executed_lines": [], "summary": {"covered_lines": 0, "num_statements": 0, "percent_covered": 100.0, "percent_covered_display": "100", "missing_lines": 0, "excluded_lines": 0, "percent_statements_covered": 100.0, "percent_statements_covered_display": "100"}, "missing_lines": [], "excluded_lines": []}, "PortalSessionResponse": {"executed_lines": [], "summary": {"covered_lines": 0, "num_statements": 0, "percent_covered": 100.0, "percent_covered_display": "100", "missing_lines": 0, "excluded_lines": 0, "percent_statements_covered": 100.0, "percent_statements_covered_display": "100"}, "missing_lines": [], "excluded_lines": []}, "": {"executed_lines": [1, 3, 4, 5, 7, 8, 9, 10, 11, 13, 14, 15, 16, 18, 20, 23, 24, 27, 28, 30, 33, 34, 36, 37, 38, 39, 40, 41, 44, 45, 47, 50, 51, 69, 75, 77, 78, 79, 84, 85, 86, 126, 127, 141, 142, 147, 148, 150, 151, 164, 165, 166, 167, 191, 193, 194, 196, 201, 228, 258, 283, 285, 289, 294, 295, 311, 318, 319, 320, 323, 324, 325, 327, 337, 394, 395, 397, 398, 401, 402, 414, 415, 417, 420, 421, 460, 461], "summary": {"covered_lines": 81, "num_statements": 202, "percent_covered": 40.0990099009901, "percent_covered_display": "40", "missing_lines": 121, "excluded_lines": 0, "percent_statements_covered": 40.0990099009901, "percent_statements_covered_display": "40"}, "missing_lines": [70, 89, 94, 95, 101, 116, 118, 119, 120, 154, 155, 158, 159, 168, 169, 170, 171, 173, 175, 176, 177, 183, 185, 186, 188, 197, 198, 204, 205, 206, 207, 210, 211, 212, 213, 214, 216, 217, 218, 220, 224, 225, 230, 231, 233, 234, 237, 240, 241, 242, 244, 245, 247, 248, 249, 251, 255, 260, 262, 263, 266, 269, 270, 271, 274, 275, 276, 277, 279, 280, 291, 312, 313, 314, 315, 344, 345, 348, 355, 356, 362, 363, 364, 365, 368, 369, 370, 373, 374, 375, 377, 381, 382, 385, 386, 387, 388, 389, 390, 391, 408, 434, 435, 440, 441, 446, 447, 451, 452, 453, 454, 474, 475, 480, 482, 488, 489, 491, 493, 494, 495], "excluded_lines": []}}}, "app/api/transcription.py": {"executed_lines": [1, 3, 4, 5, 7, 8, 10, 11, 12, 14, 16, 19, 20, 22, 23, 24, 25, 26, 29, 30, 32, 33, 36, 45, 151, 152], "summary": {"covered_lines": 23, "num_statements": 56, "percent_covered": 41.07142857142857, "percent_covered_display": "41", "missing_lines": 33, "excluded_lines": 0, "percent_statements_covered": 41.07142857142857, "percent_statements_covered_display": "41"}, "missing_lines": [64, 65, 71, 83, 84, 85, 89, 92, 93, 94, 100, 101, 102, 103, 104, 107, 108, 115, 116, 117, 119, 127, 128, 132, 133, 137, 138, 139, 145, 146, 147, 148, 154], "excluded_lines": [], "functions": {"transcribe_audio": {"executed_lines": [], "summary": {"covered_lines": 0, "num_statements": 32, "percent_covered": 0.0, "percent_covered_display": "0", "missing_lines": 32, "excluded_lines": 0, "percent_statements_covered": 0.0, "percent_statements_covered_display": "0"}, "missing_lines": [64, 65, 71, 83, 84, 85, 89, 92, 93, 94, 100, 101, 102, 103, 104, 107, 108, 115, 116, 117, 119, 127, 128, 132, 133, 137, 138, 139, 145, 146, 147, 148], "excluded_lines": []}, "get_supported_formats": {"executed_lines": [], "summary": {"covered_lines": 0, "num_statements": 1, "percent_covered": 0.0, "percent_covered_display": "0", "missing_lines": 1, "excluded_lines": 0, "percent_statements_covered": 0.0, "percent_statements_covered_display": "0"}, "missing_lines": [154], "excluded_lines": []}, "": {"executed_lines": [1, 3, 4, 5, 7, 8, 10, 11, 12, 14, 16, 19, 20, 22, 23, 24, 25, 26, 29, 30, 32, 33, 36, 45, 151, 152], "summary": {"covered_lines": 23, "num_statements": 23, "percent_covered": 100.0, "percent_covered_display": "100", "missing_lines": 0, "excluded_lines": 0, "percent_statements_covered": 100.0, "percent_statements_covered_display": "100"}, "missing_lines": [], "excluded_lines": []}}, "classes": {"TranscriptionResponse": {"executed_lines": [], "summary": {"covered_lines": 0, "num_statements": 0, "percent_covered": 100.0, "percent_covered_display": "100", "missing_lines": 0, "excluded_lines": 0, "percent_statements_covered": 100.0, "percent_statements_covered_display": "100"}, "missing_lines": [], "excluded_lines": []}, "TranscriptionError": {"executed_lines": [], "summary": {"covered_lines": 0, "num_statements": 0, "percent_covered": 100.0, "percent_covered_display": "100", "missing_lines": 0, "excluded_lines": 0, "percent_statements_covered": 100.0, "percent_statements_covered_display": "100"}, "missing_lines": [], "excluded_lines": []}, "": {"executed_lines": [1, 3, 4, 5, 7, 8, 10, 11, 12, 14, 16, 19, 20, 22, 23, 24, 25, 26, 29, 30, 32, 33, 36, 45, 151, 152], "summary": {"covered_lines": 23, "num_statements": 56, "percent_covered": 41.07142857142857, "percent_covered_display": "41", "missing_lines": 33, "excluded_lines": 0, "percent_statements_covered": 41.07142857142857, "percent_statements_covered_display": "41"}, "missing_lines": [64, 65, 71, 83, 84, 85, 89, 92, 93, 94, 100, 101, 102, 103, 104, 107, 108, 115, 116, 117, 119, 127, 128, 132, 133, 137, 138, 139, 145, 146, 147, 148, 154], "excluded_lines": []}}}, "app/api/upload.py": {"executed_lines": [1, 3, 5, 6, 7, 9, 10, 11, 12, 14, 15, 16, 17, 19, 22, 23, 26, 27, 30, 31, 33, 34, 35, 38, 39, 54, 55, 56, 62], "summary": {"covered_lines": 27, "num_statements": 43, "percent_covered": 62.7906976744186, "percent_covered_display": "63", "missing_lines": 16, "excluded_lines": 0, "percent_statements_covered": 62.7906976744186, "percent_statements_covered_display": "63"}, "missing_lines": [68, 69, 70, 76, 77, 79, 80, 85, 86, 92, 93, 94, 97, 98, 102, 104], "excluded_lines": [], "functions": {"upload_audio": {"executed_lines": [54, 55, 56, 62], "summary": {"covered_lines": 4, "num_statements": 20, "percent_covered": 20.0, "percent_covered_display": "20", "missing_lines": 16, "excluded_lines": 0, "percent_statements_covered": 20.0, "percent_statements_covered_display": "20"}, "missing_lines": [68, 69, 70, 76, 77, 79, 80, 85, 86, 92, 93, 94, 97, 98, 102, 104], "excluded_lines": []}, "": {"executed_lines": [1, 3, 5, 6, 7, 9, 10, 11, 12, 14, 15, 16, 17, 19, 22, 23, 26, 27, 30, 31, 33, 34, 35, 38, 39], "summary": {"covered_lines": 23, "num_statements": 23, "percent_covered": 100.0, "percent_covered_display": "100", "missing_lines": 0, "excluded_lines": 0, "percent_statements_covered": 100.0, "percent_statements_covered_display": "100"}, "missing_lines": [], "excluded_lines": []}}, "classes": {"AudioUploadResponse": {"executed_lines": [], "summary": {"covered_lines": 0, "num_statements": 0, "percent_covered": 100.0, "percent_covered_display": "100", "missing_lines": 0, "excluded_lines": 0, "percent_statements_covered": 100.0, "percent_statements_covered_display": "100"}, "missing_lines": [], "excluded_lines": []}, "": {"executed_lines": [1, 3, 5, 6, 7, 9, 10, 11, 12, 14, 15, 16, 17, 19, 22, 23, 26, 27, 30, 31, 33, 34, 35, 38, 39, 54, 55, 56, 62], "summary": {"covered_lines": 27, "num_statements": 43, "percent_covered": 62.7906976744186, "percent_covered_display": "63", "missing_lines": 16, "excluded_lines": 0, "percent_statements_covered": 62.7906976744186, "percent_statements_covered_display": "63"}, "missing_lines": [68, 69, 70, 76, 77, 79, 80, 85, 86, 92, 93, 94, 97, 98, 102, 104], "excluded_lines": []}}}, "app/api/users.py": {"executed_lines": [1, 3, 4, 5, 7, 8, 9, 10, 11, 13, 16, 17, 19, 35, 36, 38, 55, 56, 58, 61, 62, 72, 73, 76, 77, 80, 82, 92, 97, 98, 108, 109, 115, 116, 121, 122, 130, 133, 134, 135, 138, 139, 140, 142, 145, 146, 159, 162, 176, 186, 187, 200, 201, 204, 246, 247, 268, 271, 1971, 1981, 1983, 1990], "summary": {"covered_lines": 57, "num_statements": 110, "percent_covered": 51.81818181818182, "percent_covered_display": "52", "missing_lines": 53, "excluded_lines": 0, "percent_statements_covered": 51.81818181818182, "percent_statements_covered_display": "52"}, "missing_lines": [20, 21, 23, 29, 30, 31, 32, 39, 40, 41, 44, 47, 48, 49, 50, 52, 85, 86, 90, 93, 94, 118, 165, 167, 168, 169, 172, 173, 178, 213, 216, 217, 220, 223, 224, 225, 226, 227, 235, 236, 238, 281, 283, 284, 292, 293, 296, 297, 298, 299, 300, 301, 303], "excluded_lines": [], "functions": {"register_user": {"executed_lines": [19], "summary": {"covered_lines": 1, "num_statements": 8, "percent_covered": 12.5, "percent_covered_display": "12", "missing_lines": 7, "excluded_lines": 0, "percent_statements_covered": 12.5, "percent_statements_covered_display": "12"}, "missing_lines": [20, 21, 23, 29, 30, 31, 32], "excluded_lines": []}, "login": {"executed_lines": [38], "summary": {"covered_lines": 1, "num_statements": 10, "percent_covered": 10.0, "percent_covered_display": "10", "missing_lines": 9, "excluded_lines": 0, "percent_statements_covered": 10.0, "percent_statements_covered_display": "10"}, "missing_lines": [39, 40, 41, 44, 47, 48, 49, 50, 52], "excluded_lines": []}, "get_me": {"executed_lines": [58], "summary": {"covered_lines": 1, "num_statements": 1, "percent_covered": 100.0, "percent_covered_display": "100", "missing_lines": 0, "excluded_lines": 0, "percent_statements_covered": 100.0, "percent_statements_covered_display": "100"}, "missing_lines": [], "excluded_lines": []}, "update_profile": {"executed_lines": [72, 73, 76, 77, 80, 82, 92], "summary": {"covered_lines": 7, "num_statements": 12, "percent_covered": 58.333333333333336, "percent_covered_display": "58", "missing_lines": 5, "excluded_lines": 0, "percent_statements_covered": 58.333333333333336, "percent_statements_covered_display": "58"}, "missing_lines": [85, 86, 90, 93, 94], "excluded_lines": []}, "change_password": {"executed_lines": [108, 109, 115, 116], "summary": {"covered_lines": 4, "num_statements": 5, "percent_covered": 80.0, "percent_covered_display": "80", "missing_lines": 1, "excluded_lines": 0, "percent_statements_covered": 80.0, "percent_statements_covered_display": "80"}, "missing_lines": [118], "excluded_lines": []}, "delete_account": {"executed_lines": [130, 133, 134, 135, 138, 139, 140, 142], "summary": {"covered_lines": 8, "num_statements": 8, "percent_covered": 100.0, "percent_covered_display": "100", "missing_lines": 0, "excluded_lines": 0, "percent_statements_covered": 100.0, "percent_statements_covered_display": "100"}, "missing_lines": [], "excluded_lines": []}, "get_my_stats": {"executed_lines": [159, 162, 176], "summary": {"covered_lines": 3, "num_statements": 10, "percent_covered": 30.0, "percent_covered_display": "30", "missing_lines": 7, "excluded_lines": 0, "percent_statements_covered": 30.0, "percent_statements_covered_display": "30"}, "missing_lines": [165, 167, 168, 169, 172, 173, 178], "excluded_lines": []}, "get_my_progress": {"executed_lines": [200, 201, 204], "summary": {"covered_lines": 3, "num_statements": 15, "percent_covered": 20.0, "percent_covered_display": "20", "missing_lines": 12, "excluded_lines": 0, "percent_statements_covered": 20.0, "percent_statements_covered_display": "20"}, "missing_lines": [213, 216, 217, 220, 223, 224, 225, 226, 227, 235, 236, 238], "excluded_lines": []}, "get_readiness_score": {"executed_lines": [268, 271], "summary": {"covered_lines": 2, "num_statements": 14, "percent_covered": 14.285714285714286, "percent_covered_display": "14", "missing_lines": 12, "excluded_lines": 0, "percent_statements_covered": 14.285714285714286, "percent_statements_covered_display": "14"}, "missing_lines": [281, 283, 284, 292, 293, 296, 297, 298, 299, 300, 301, 303], "excluded_lines": []}, "": {"executed_lines": [1, 3, 4, 5, 7, 8, 9, 10, 11, 13, 16, 17, 35, 36, 55, 56, 61, 62, 97, 98, 121, 122, 145, 146, 186, 187, 246, 247], "summary": {"covered_lines": 27, "num_statements": 27, "percent_covered": 100.0, "percent_covered_display": "100", "missing_lines": 0, "excluded_lines": 0, "percent_statements_covered": 100.0, "percent_statements_covered_display": "100"}, "missing_lines": [], "excluded_lines": []}}, "classes": {"": {"executed_lines": [1, 3, 4, 5, 7, 8, 9, 10, 11, 13, 16, 17, 19, 35, 36, 38, 55, 56, 58, 61, 62, 72, 73, 76, 77, 80, 82, 92, 97, 98, 108, 109, 115, 116, 121, 122, 130, 133, 134, 135, 138, 139, 140, 142, 145, 146, 159, 162, 176, 186, 187, 200, 201, 204, 246, 247, 268, 271], "summary": {"covered_lines": 57, "num_statements": 110, "percent_covered": 51.81818181818182, "percent_covered_display": "52", "missing_lines": 53, "excluded_lines": 0, "percent_statements_covered": 51.81818181818182, "percent_statements_covered_display": "52"}, "missing_lines": [20, 21, 23, 29, 30, 31, 32, 39, 40, 41, 44, 47, 48, 49, 50, 52, 85, 86, 90, 93, 94, 118, 165, 167, 168, 169, 172, 173, 178, 213, 216, 217, 220, 223, 224, 225, 226, 227, 235, 236, 238, 281, 283, 284, 292, 293, 296, 297, 298, 299, 300, 301, 303], "excluded_lines": []}}}, "app/config.py": {"executed_lines": [1, 3, 5, 8, 9, 11, 18, 19, 20, 23, 26, 29, 30, 31, 34, 35, 36, 37, 40, 41, 44, 45, 46, 47, 50, 53, 54, 57, 60, 61, 62, 63, 64, 67, 69, 70, 74, 80, 82, 84, 87, 88, 91, 92, 93, 94, 97, 98, 103, 104, 110, 111, 113, 116], "summary": {"covered_lines": 52, "num_statements": 53, "percent_covered": 98.11320754716981, "percent_covered_display": "98", "missing_lines": 1, "excluded_lines": 0, "percent_statements_covered": 98.11320754716981, "percent_statements_covered_display": "98"}, "missing_lines": [72], "excluded_lines": [], "functions": {"Settings.async_database_url": {"executed_lines": [], "summary": {"covered_lines": 0, "num_statements": 1, "percent_covered": 0.0, "percent_covered_display": "0", "missing_lines": 1, "excluded_lines": 0, "percent_statements_covered": 0.0, "percent_statements_covered_display": "0"}, "missing_lines": [72], "excluded_lines": []}, "Settings.validate_for_production": {"executed_lines": [80, 82, 84, 87, 88, 91, 92, 93, 94, 97, 98, 103, 104], "summary": {"covered_lines": 13, "num_statements": 13, "percent_covered": 100.0, "percent_covered_display": "100", "missing_lines": 0, "excluded_lines": 0, "percent_statements_covered": 100.0, "percent_statements_covered_display": "100"}, "missing_lines": [], "excluded_lines": []}, "get_settings": {"executed_lines": [113], "summary": {"covered_lines": 1, "num_statements": 1, "percent_covered": 100.0, "percent_covered_display": "100", "missing_lines": 0, "excluded_lines": 0, "percent_statements_covered": 100.0, "percent_statements_covered_display": "100"}, "missing_lines": [], "excluded_lines": []}, "": {"executed_lines": [1, 3, 5, 8, 9, 11, 18, 19, 20, 23, 26, 29, 30, 31, 34, 35, 36, 37, 40, 41, 44, 45, 46, 47, 50, 53, 54, 57, 60, 61, 62, 63, 64, 67, 69, 70, 74, 110, 111, 116], "summary": {"covered_lines": 38, "num_statements": 38, "percent_covered": 100.0, "percent_covered_display": "100", "missing_lines": 0, "excluded_lines": 0, "percent_statements_covered": 100.0, "percent_statements_covered_display": "100"}, "missing_lines": [], "excluded_lines": []}}, "classes": {"Settings": {"executed_lines": [80, 82, 84, 87, 88, 91, 92, 93, 94, 97, 98, 103, 104], "summary": {"covered_lines": 13, "num_statements": 14, "percent_covered": 92.85714285714286, "percent_covered_display": "93", "missing_lines": 1, "excluded_lines": 0, "percent_statements_covered": 92.85714285714286, "percent_statements_covered_display": "93"}, "missing_lines": [72], "excluded_lines": []}, "": {"executed_lines": [1, 3, 5, 8, 9, 11, 18, 19, 20, 23, 26, 29, 30, 31, 34, 35, 36, 37, 40, 41, 44, 45, 46, 47, 50, 53, 54, 57, 60, 61, 62, 63, 64, 67, 69, 70, 74, 110, 111, 113, 116], "summary": {"covered_lines": 39, "num_statements": 39, "percent_covered": 100.0, "percent_covered_display": "100", "missing_lines": 0, "excluded_lines": 0, "percent_statements_covered": 100.0, "percent_statements_covered_display": "100"}, "missing_lines": [], "excluded_lines": []}}}, "app/data/seed_questions.py": {"executed_lines": [1, 3, 5], "summary": {"covered_lines": 2, "num_statements": 9, "percent_covered": 22.22222222222222, "percent_covered_display": "22", "missing_lines": 7, "excluded_lines": 0, "percent_statements_covered": 22.22222222222222, "percent_statements_covered_display": "22"}, "missing_lines": [774, 776, 778, 779, 780, 781, 782], "excluded_lines": [], "functions": {"seed_questions": {"executed_lines": [], "summary": {"covered_lines": 0, "num_statements": 6, "percent_covered": 0.0, "percent_covered_display": "0", "missing_lines": 6, "excluded_lines": 0, "percent_statements_covered": 0.0, "percent_statements_covered_display": "0"}, "missing_lines": [776, 778, 779, 780, 781, 782], "excluded_lines": []}, "": {"executed_lines": [1, 3, 5], "summary": {"covered_lines": 2, "num_statements": 3, "percent_covered": 66.66666666666667, "percent_covered_display": "67", "missing_lines": 1, "excluded_lines": 0, "percent_statements_covered": 66.66666666666667, "percent_statements_covered_display": "67"}, "missing_lines": [774], "excluded_lines": []}}, "classes": {"": {"executed_lines": [1, 3, 5], "summary": {"covered_lines": 2, "num_statements": 9, "percent_covered": 22.22222222222222, "percent_covered_display": "22", "missing_lines": 7, "excluded_lines": 0, "percent_statements_covered": 22.22222222222222, "percent_statements_covered_display": "22"}, "missing_lines": [774, 776, 778, 779, 780, 781, 782], "excluded_lines": []}}}, "app/db.py": {"executed_lines": [1, 3, 5, 6, 7, 8, 10, 12, 18, 21, 23, 24, 27, 33, 39, 40, 41, 43, 48, 105], "summary": {"covered_lines": 18, "num_statements": 24, "percent_covered": 75.0, "percent_covered_display": "75", "missing_lines": 6, "excluded_lines": 0, "percent_statements_covered": 75.0, "percent_statements_covered_display": "75"}, "missing_lines": [29, 30, 42, 44, 45, 50], "excluded_lines": [], "functions": {"get_session": {"executed_lines": [23, 24], "summary": {"covered_lines": 2, "num_statements": 2, "percent_covered": 100.0, "percent_covered_display": "100", "missing_lines": 0, "excluded_lines": 0, "percent_statements_covered": 100.0, "percent_statements_covered_display": "100"}, "missing_lines": [], "excluded_lines": []}, "init_db": {"executed_lines": [], "summary": {"covered_lines": 0, "num_statements": 2, "percent_covered": 0.0, "percent_covered_display": "0", "missing_lines": 2, "excluded_lines": 0, "percent_statements_covered": 0.0, "percent_statements_covered_display": "0"}, "missing_lines": [29, 30], "excluded_lines": []}, "check_db_connection": {"executed_lines": [39, 40, 41, 43], "summary": {"covered_lines": 4, "num_statements": 7, "percent_covered": 57.142857142857146, "percent_covered_display": "57", "missing_lines": 3, "excluded_lines": 0, "percent_statements_covered": 57.142857142857146, "percent_statements_covered_display": "57"}, "missing_lines": [42, 44, 45], "excluded_lines": []}, "close_db_connections": {"executed_lines": [], "summary": {"covered_lines": 0, "num_statements": 1, "percent_covered": 0.0, "percent_covered_display": "0", "missing_lines": 1, "excluded_lines": 0, "percent_statements_covered": 0.0, "percent_statements_covered_display": "0"}, "missing_lines": [50], "excluded_lines": []}, "": {"executed_lines": [1, 3, 5, 6, 7, 8, 10, 12, 18, 21, 27, 33, 48], "summary": {"covered_lines": 12, "num_statements": 12, "percent_covered": 100.0, "percent_covered_display": "100", "missing_lines": 0, "excluded_lines": 0, "percent_statements_covered": 100.0, "percent_statements_covered_display": "100"}, "missing_lines": [], "excluded_lines": []}}, "classes": {"": {"executed_lines": [1, 3, 5, 6, 7, 8, 10, 12, 18, 21, 23, 24, 27, 33, 39, 40, 41, 43, 48], "summary": {"covered_lines": 18, "num_statements": 24, "percent_covered": 75.0, "percent_covered_display": "75", "missing_lines": 6, "excluded_lines": 0, "percent_statements_covered": 75.0, "percent_statements_covered_display": "75"}, "missing_lines": [29, 30, 42, 44, 45, 50], "excluded_lines": []}}}, "app/dependencies.py": {"executed_lines": [1, 3, 4, 5, 6, 7, 9, 10, 11, 13, 16, 20, 25, 26, 27, 28, 33, 40, 60, 62, 65, 66, 76, 77, 78, 83], "summary": {"covered_lines": 25, "num_statements": 35, "percent_covered": 71.42857142857143, "percent_covered_display": "71", "missing_lines": 10, "excluded_lines": 0, "percent_statements_covered": 71.42857142857143, "percent_statements_covered_display": "71"}, "missing_lines": [29, 30, 31, 34, 35, 36, 37, 71, 72, 73], "excluded_lines": [], "functions": {"get_current_user": {"executed_lines": [20, 25, 26, 27, 28, 33], "summary": {"covered_lines": 6, "num_statements": 13, "percent_covered": 46.15384615384615, "percent_covered_display": "46", "missing_lines": 7, "excluded_lines": 0, "percent_statements_covered": 46.15384615384615, "percent_statements_covered_display": "46"}, "missing_lines": [29, 30, 31, 34, 35, 36, 37], "excluded_lines": []}, "check_interview_quota": {"executed_lines": [60, 62, 65, 66, 76, 77, 78, 83], "summary": {"covered_lines": 8, "num_statements": 11, "percent_covered": 72.72727272727273, "percent_covered_display": "73", "missing_lines": 3, "excluded_lines": 0, "percent_statements_covered": 72.72727272727273, "percent_statements_covered_display": "73"}, "missing_lines": [71, 72, 73], "excluded_lines": []}, "": {"executed_lines": [1, 3, 4, 5, 6, 7, 9, 10, 11, 13, 16, 40], "summary": {"covered_lines": 11, "num_statements": 11, "percent_covered": 100.0, "percent_covered_display": "100", "missing_lines": 0, "excluded_lines": 0, "percent_statements_covered": 100.0, "percent_statements_covered_display": "100"}, "missing_lines": [], "excluded_lines": []}}, "classes": {"": {"executed_lines": [1, 3, 4, 5, 6, 7, 9, 10, 11, 13, 16, 20, 25, 26, 27, 28, 33, 40, 60, 62, 65, 66, 76, 77, 78, 83], "summary": {"covered_lines": 25, "num_statements": 35, "percent_covered": 71.42857142857143, "percent_covered_display": "71", "missing_lines": 10, "excluded_lines": 0, "percent_statements_covered": 71.42857142857143, "percent_statements_covered_display": "71"}, "missing_lines": [29, 30, 31, 34, 35, 36, 37, 71, 72, 73], "excluded_lines": []}}}, "app/main.py": {"executed_lines": [1, 3, 4, 5, 6, 7, 8, 10, 11, 12, 13, 15, 26, 27, 28, 29, 32, 55, 56, 58, 59, 60, 63, 65, 66, 67, 68, 70, 72, 73, 74, 75, 77, 80, 106, 107, 186, 196, 199, 208, 219, 220, 221, 222, 223, 224, 225, 226, 227, 230, 231, 232, 235, 236, 238], "summary": {"covered_lines": 53, "num_statements": 116, "percent_covered": 45.689655172413794, "percent_covered_display": "46", "missing_lines": 63, "excluded_lines": 0, "percent_statements_covered": 45.689655172413794, "percent_statements_covered_display": "46"}, "missing_lines": [37, 38, 44, 51, 52, 85, 86, 87, 88, 89, 90, 92, 101, 102, 103, 110, 111, 114, 115, 116, 117, 118, 119, 122, 125, 128, 129, 130, 132, 133, 134, 137, 138, 139, 140, 141, 142, 143, 144, 145, 146, 150, 151, 152, 154, 156, 157, 159, 162, 163, 164, 166, 168, 169, 171, 174, 175, 176, 178, 181, 182, 183, 209], "excluded_lines": [], "functions": {"configure_logging": {"executed_lines": [], "summary": {"covered_lines": 0, "num_statements": 5, "percent_covered": 0.0, "percent_covered_display": "0", "missing_lines": 5, "excluded_lines": 0, "percent_statements_covered": 0.0, "percent_statements_covered_display": "0"}, "missing_lines": [37, 38, 44, 51, 52], "excluded_lines": []}, "CorrelationIDMiddleware.dispatch": {"executed_lines": [59, 60, 63, 65, 70, 72, 73, 74, 75, 77], "summary": {"covered_lines": 10, "num_statements": 10, "percent_covered": 100.0, "percent_covered_display": "100", "missing_lines": 0, "excluded_lines": 0, "percent_statements_covered": 100.0, "percent_statements_covered_display": "100"}, "missing_lines": [], "excluded_lines": []}, "CorrelationIDMiddleware.dispatch.record_factory": {"executed_lines": [66, 67, 68], "summary": {"covered_lines": 3, "num_statements": 3, "percent_covered": 100.0, "percent_covered_display": "100", "missing_lines": 0, "excluded_lines": 0, "percent_statements_covered": 100.0, "percent_statements_covered_display": "100"}, "missing_lines": [], "excluded_lines": []}, "init_error_monitoring": {"executed_lines": [], "summary": {"covered_lines": 0, "num_statements": 10, "percent_covered": 0.0, "percent_covered_display": "0", "missing_lines": 10, "excluded_lines": 0, "percent_statements_covered": 0.0, "percent_statements_covered_display": "0"}, "missing_lines": [85, 86, 87, 88, 89, 90, 92, 101, 102, 103], "excluded_lines": []}, "lifespan": {"executed_lines": [], "summary": {"covered_lines": 0, "num_statements": 47, "percent_covered": 0.0, "percent_covered_display": "0", "missing_lines": 47, "excluded_lines": 0, "percent_statements_covered": 0.0, "percent_statements_covered_display": "0"}, "missing_lines": [110, 111, 114, 115, 116, 117, 118, 119, 122, 125, 128, 129, 130, 132, 133, 134, 137, 138, 139, 140, 141, 142, 143, 144, 145, 146, 150, 151, 152, 154, 156, 157, 159, 162, 163, 164, 166, 168, 169, 171, 174, 175, 176, 178, 181, 182, 183], "excluded_lines": []}, "root": {"executed_lines": [238], "summary": {"covered_lines": 1, "num_statements": 1, "percent_covered": 100.0, "percent_covered_display": "100", "missing_lines": 0, "excluded_lines": 0, "percent_statements_covered": 100.0, "percent_statements_covered_display": "100"}, "missing_lines": [], "excluded_lines": []}, "": {"executed_lines": [1, 3, 4, 5, 6, 7, 8, 10, 11, 12, 13, 15, 26, 27, 28, 29, 32, 55, 56, 58, 80, 106, 107, 186, 196, 199, 208, 219, 220, 221, 222, 223, 224, 225, 226, 227, 230, 231, 232, 235, 236], "summary": {"covered_lines": 39, "num_statements": 40, "percent_covered": 97.5, "percent_covered_display": "98", "missing_lines": 1, "excluded_lines": 0, "percent_statements_covered": 97.5, "percent_statements_covered_display": "98"}, "missing_lines": [209], "excluded_lines": []}}, "classes": {"CorrelationIDMiddleware": {"executed_lines": [59, 60, 63, 65, 66, 67, 68, 70, 72, 73, 74, 75, 77], "summary": {"covered_lines": 13, "num_statements": 13, "percent_covered": 100.0, "percent_covered_display": "100", "missing_lines": 0, "excluded_lines": 0, "percent_statements_covered": 100.0, "percent_statements_covered_display": "100"}, "missing_lines": [], "excluded_lines": []}, "": {"executed_lines": [1, 3, 4, 5, 6, 7, 8, 10, 11, 12, 13, 15, 26, 27, 28, 29, 32, 55, 56, 58, 80, 106, 107, 186, 196, 199, 208, 219, 220, 221, 222, 223, 224, 225, 226, 227, 230, 231, 232, 235, 236, 238], "summary": {"covered_lines": 40, "num_statements": 103, "percent_covered": 38.83495145631068, "percent_covered_display": "39", "missing_lines": 63, "excluded_lines": 0, "percent_statements_covered": 38.83495145631068, "percent_statements_covered_display": "39"}, "missing_lines": [37, 38, 44, 51, 52, 85, 86, 87, 88, 89, 90, 92, 101, 102, 103, 110, 111, 114, 115, 116, 117, 118, 119, 122, 125, 128, 129, 130, 132, 133, 134, 137, 138, 139, 140, 141, 142, 143, 144, 145, 146, 150, 151, 152, 154, 156, 157, 159, 162, 163, 164, 166, 168, 169, 171, 174, 175, 176, 178, 181, 182, 183, 209], "excluded_lines": []}}}, "app/middleware/__init__.py": {"executed_lines": [1, 3, 5], "summary": {"covered_lines": 2, "num_statements": 2, "percent_covered": 100.0, "percent_covered_display": "100", "missing_lines": 0, "excluded_lines": 0, "percent_statements_covered": 100.0, "percent_statements_covered_display": "100"}, "missing_lines": [], "excluded_lines": [], "functions": {"": {"executed_lines": [1, 3, 5], "summary": {"covered_lines": 2, "num_statements": 2, "percent_covered": 100.0, "percent_covered_display": "100", "missing_lines": 0, "excluded_lines": 0, "percent_statements_covered": 100.0, "percent_statements_covered_display": "100"}, "missing_lines": [], "excluded_lines": []}}, "classes": {"": {"executed_lines": [1, 3, 5], "summary": {"covered_lines": 2, "num_statements": 2, "percent_covered": 100.0, "percent_covered_display": "100", "missing_lines": 0, "excluded_lines": 0, "percent_statements_covered": 100.0, "percent_statements_covered_display": "100"}, "missing_lines": [], "excluded_lines": []}}}, "app/middleware/rate_limit.py": {"executed_lines": [1, 6, 7, 8, 9, 11, 12, 13, 16, 17, 18, 20, 21, 22, 25, 26, 28, 32, 38, 88, 89, 91, 103, 116], "summary": {"covered_lines": 20, "num_statements": 60, "percent_covered": 33.333333333333336, "percent_covered_display": "33", "missing_lines": 40, "excluded_lines": 0, "percent_statements_covered": 33.333333333333336, "percent_statements_covered_display": "33"}, "missing_lines": [29, 30, 34, 35, 36, 47, 50, 52, 55, 56, 59, 62, 63, 69, 70, 77, 79, 98, 99, 100, 101, 106, 107, 108, 111, 112, 114, 119, 120, 123, 126, 128, 129, 136, 137, 138, 141, 144, 145, 147], "excluded_lines": [], "functions": {"RateLimiter.__init__": {"executed_lines": [], "summary": {"covered_lines": 0, "num_statements": 2, "percent_covered": 0.0, "percent_covered_display": "0", "missing_lines": 2, "excluded_lines": 0, "percent_statements_covered": 0.0, "percent_statements_covered_display": "0"}, "missing_lines": [29, 30], "excluded_lines": []}, "RateLimiter._clean_old_requests": {"executed_lines": [], "summary": {"covered_lines": 0, "num_statements": 3, "percent_covered": 0.0, "percent_covered_display": "0", "missing_lines": 3, "excluded_lines": 0, "percent_statements_covered": 0.0, "percent_statements_covered_display": "0"}, "missing_lines": [34, 35, 36], "excluded_lines": []}, "RateLimiter.is_allowed": {"executed_lines": [], "summary": {"covered_lines": 0, "num_statements": 12, "percent_covered": 0.0, "percent_covered_display": "0", "missing_lines": 12, "excluded_lines": 0, "percent_statements_covered": 0.0, "percent_statements_covered_display": "0"}, "missing_lines": [47, 50, 52, 55, 56, 59, 62, 63, 69, 70, 77, 79], "excluded_lines": []}, "RateLimitMiddleware.__init__": {"executed_lines": [], "summary": {"covered_lines": 0, "num_statements": 4, "percent_covered": 0.0, "percent_covered_display": "0", "missing_lines": 4, "excluded_lines": 0, "percent_statements_covered": 0.0, "percent_statements_covered_display": "0"}, "missing_lines": [98, 99, 100, 101], "excluded_lines": []}, "RateLimitMiddleware._default_key_func": {"executed_lines": [], "summary": {"covered_lines": 0, "num_statements": 6, "percent_covered": 0.0, "percent_covered_display": "0", "missing_lines": 6, "excluded_lines": 0, "percent_statements_covered": 0.0, "percent_statements_covered_display": "0"}, "missing_lines": [106, 107, 108, 111, 112, 114], "excluded_lines": []}, "RateLimitMiddleware.dispatch": {"executed_lines": [], "summary": {"covered_lines": 0, "num_statements": 13, "percent_covered": 0.0, "percent_covered_display": "0", "missing_lines": 13, "excluded_lines": 0, "percent_statements_covered": 0.0, "percent_statements_covered_display": "0"}, "missing_lines": [119, 120, 123, 126, 128, 129, 136, 137, 138, 141, 144, 145, 147], "excluded_lines": []}, "": {"executed_lines": [1, 6, 7, 8, 9, 11, 12, 13, 16, 17, 18, 20, 21, 22, 25, 26, 28, 32, 38, 88, 89, 91, 103, 116], "summary": {"covered_lines": 20, "num_statements": 20, "percent_covered": 100.0, "percent_covered_display": "100", "missing_lines": 0, "excluded_lines": 0, "percent_statements_covered": 100.0, "percent_statements_covered_display": "100"}, "missing_lines": [], "excluded_lines": []}}, "classes": {"RateLimitConfig": {"executed_lines": [], "summary": {"covered_lines": 0, "num_statements": 0, "percent_covered": 100.0, "percent_covered_display": "100", "missing_lines": 0, "excluded_lines": 0, "percent_statements_covered": 100.0, "percent_statements_covered_display": "100"}, "missing_lines": [], "excluded_lines": []}, "RateLimiter": {"executed_lines": [], "summary": {"covered_lines": 0, "num_statements": 17, "percent_covered": 0.0, "percent_covered_display": "0", "missing_lines": 17, "excluded_lines": 0, "percent_statements_covered": 0.0, "percent_statements_covered_display": "0"}, "missing_lines": [29, 30, 34, 35, 36, 47, 50, 52, 55, 56, 59, 62, 63, 69, 70, 77, 79], "excluded_lines": []}, "RateLimitMiddleware": {"executed_lines": [], "summary": {"covered_lines": 0, "num_statements": 23, "percent_covered": 0.0, "percent_covered_display": "0", "missing_lines": 23, "excluded_lines": 0, "percent_statements_covered": 0.0, "percent_statements_covered_display": "0"}, "missing_lines": [98, 99, 100, 101, 106, 107, 108, 111, 112, 114, 119, 120, 123, 126, 128, 129, 136, 137, 138, 141, 144, 145, 147], "excluded_lines": []}, "": {"executed_lines": [1, 6, 7, 8, 9, 11, 12, 13, 16, 17, 18, 20, 21, 22, 25, 26, 28, 32, 38, 88, 89, 91, 103, 116], "summary": {"covered_lines": 20, "num_statements": 20, "percent_covered": 100.0, "percent_covered_display": "100", "missing_lines": 0, "excluded_lines": 0, "percent_statements_covered": 100.0, "percent_statements_covered_display": "100"}, "missing_lines": [], "excluded_lines": []}}}, "app/models/__init__.py": {"executed_lines": [1, 3, 4, 5, 14, 15, 17], "summary": {"covered_lines": 6, "num_statements": 6, "percent_covered": 100.0, "percent_covered_display": "100", "missing_lines": 0, "excluded_lines": 0, "percent_statements_covered": 100.0, "percent_statements_covered_display": "100"}, "missing_lines": [], "excluded_lines": [], "functions": {"": {"executed_lines": [1, 3, 4, 5, 14, 15, 17], "summary": {"covered_lines": 6, "num_statements": 6, "percent_covered": 100.0, "percent_covered_display": "100", "missing_lines": 0, "excluded_lines": 0, "percent_statements_covered": 100.0, "percent_statements_covered_display": "100"}, "missing_lines": [], "excluded_lines": []}}, "classes": {"": {"executed_lines": [1, 3, 4, 5, 14, 15, 17], "summary": {"covered_lines": 6, "num_statements": 6, "percent_covered": 100.0, "percent_covered_display": "100", "missing_lines": 0, "excluded_lines": 0, "percent_statements_covered": 100.0, "percent_statements_covered_display": "100"}, "missing_lines": [], "excluded_lines": []}}}, "app/models/feedback.py": {"executed_lines": [1, 3, 4, 6, 7, 8, 9, 12, 13, 15, 17, 18, 19, 21, 22, 25, 26, 29, 34, 37, 38, 41, 43, 48, 49, 51, 53, 55, 56, 59, 60, 61, 62, 63, 66, 69, 72, 75, 77, 82, 83, 85, 87, 89, 90, 93, 94, 95, 98, 101, 106, 109, 115, 120, 121, 123, 124, 125, 126, 127, 128, 131, 132, 134, 135, 136, 137, 138, 139, 140, 143, 144, 146, 147, 148, 149, 150, 151], "summary": {"covered_lines": 71, "num_s
[...]
_lines": [], "excluded_lines": []}, "": {"executed_lines": [1, 3, 4, 5, 7, 8, 10, 11, 12, 13, 15, 18, 19, 27, 32, 98, 120, 140], "summary": {"covered_lines": 16, "num_statements": 16, "percent_covered": 100.0, "percent_covered_display": "100", "missing_lines": 0, "excluded_lines": 0, "percent_statements_covered": 100.0, "percent_statements_covered_display": "100"}, "missing_lines": [], "excluded_lines": []}}, "classes": {"AudioService": {"executed_lines": [29, 30, 58, 61, 62, 66, 69, 71, 72, 73, 76, 77, 78, 79, 80, 81, 84, 85, 88, 89, 90, 92, 94, 95, 96, 110, 111, 115, 116, 117, 118, 133, 134, 135, 136, 137, 138, 160, 163, 164, 167, 169, 171, 174, 175, 177, 180, 188, 199, 200, 201, 203], "summary": {"covered_lines": 52, "num_statements": 54, "percent_covered": 96.29629629629629, "percent_covered_display": "96", "missing_lines": 2, "excluded_lines": 0, "percent_statements_covered": 96.29629629629629, "percent_statements_covered_display": "96"}, "missing_lines": [63, 67], "excluded_lines": []}, "": {"executed_lines": [1, 3, 4, 5, 7, 8, 10, 11, 12, 13, 15, 18, 19, 27, 32, 98, 120, 140], "summary": {"covered_lines": 16, "num_statements": 16, "percent_covered": 100.0, "percent_covered_display": "100", "missing_lines": 0, "excluded_lines": 0, "percent_statements_covered": 100.0, "percent_statements_covered_display": "100"}, "missing_lines": [], "excluded_lines": []}}}, "app/services/background_tasks.py": {"executed_lines": [1, 3, 4, 5, 7, 8, 10, 11, 12, 13, 15, 18, 19, 22, 23, 31, 33, 34, 36, 55, 56, 57, 58, 59, 60, 61, 63, 64, 66, 80, 82, 84, 88, 89, 90, 91, 93, 94, 95, 98, 99, 101, 104, 105, 106, 107, 108, 111, 116, 117, 118, 121, 124, 125, 126, 128, 138, 140, 151, 160, 176, 178, 179, 180, 183, 206, 228, 237, 238, 239, 241, 243, 245, 248, 258, 259, 292, 304, 306, 308, 309, 311, 313, 315, 318, 328, 331, 356, 367], "summary": {"covered_lines": 87, "num_statements": 127, "percent_covered": 68.50393700787401, "percent_covered_display": "69", "missing_lines": 40, "excluded_lines": 0, "percent_statements_covered": 68.50393700787401, "percent_statements_covered_display": "69"}, "missing_lines": [85, 86, 141, 149, 152, 184, 186, 187, 188, 189, 193, 195, 198, 200, 201, 204, 216, 217, 220, 221, 222, 223, 224, 225, 226, 249, 255, 266, 268, 274, 275, 283, 284, 319, 325, 339, 341, 347, 348, 357], "excluded_lines": [], "functions": {"BackgroundTaskService.__init__": {"executed_lines": [33, 34], "summary": {"covered_lines": 2, "num_statements": 2, "percent_covered": 100.0, "percent_covered_display": "100", "missing_lines": 0, "excluded_lines": 0, "percent_statements_covered": 100.0, "percent_statements_covered_display": "100"}, "missing_lines": [], "excluded_lines": []}, "BackgroundTaskService._log_with_context": {"executed_lines": [55, 56, 57, 58, 59, 60, 61, 63, 64], "summary": {"covered_lines": 9, "num_statements": 9, "percent_covered": 100.0, "percent_covered_display": "100", "missing_lines": 0, "excluded_lines": 0, "percent_statements_covered": 100.0, "percent_statements_covered_display": "100"}, "missing_lines": [], "excluded_lines": []}, "BackgroundTaskService.process_response_audio_async": {"executed_lines": [80, 82, 84, 88, 89, 90, 91, 93, 94, 95, 98, 99, 101, 104, 105, 106, 107, 108, 111, 116, 117, 118, 121, 124, 125, 126, 128, 138, 140, 151], "summary": {"covered_lines": 30, "num_statements": 35, "percent_covered": 85.71428571428571, "percent_covered_display": "86", "missing_lines": 5, "excluded_lines": 0, "percent_statements_covered": 85.71428571428571, "percent_statements_covered_display": "86"}, "missing_lines": [85, 86, 141, 149, 152], "excluded_lines": []}, "BackgroundTaskService._process_audio_with_retry": {"executed_lines": [176, 178, 179, 180, 183], "summary": {"covered_lines": 5, "num_statements": 16, "percent_covered": 31.25, "percent_covered_display": "31", "missing_lines": 11, "excluded_lines": 0, "percent_statements_covered": 31.25, "percent_statements_covered_display": "31"}, "missing_lines": [184, 186, 187, 188, 189, 193, 195, 198, 200, 201, 204], "excluded_lines": []}, "BackgroundTaskService._update_processing_status_failed": {"executed_lines": [], "summary": {"covered_lines": 0, "num_statements": 9, "percent_covered": 0.0, "percent_covered_display": "0", "missing_lines": 9, "excluded_lines": 0, "percent_statements_covered": 0.0, "percent_statements_covered_display": "0"}, "missing_lines": [216, 217, 220, 221, 222, 223, 224, 225, 226], "excluded_lines": []}, "BackgroundTaskService.generate_content_feedback_async": {"executed_lines": [237, 238, 239, 241, 243, 245, 248, 258, 259], "summary": {"covered_lines": 9, "num_statements": 17, "percent_covered": 52.94117647058823, "percent_covered_display": "53", "missing_lines": 8, "excluded_lines": 0, "percent_statements_covered": 52.94117647058823, "percent_statements_covered_display": "53"}, "missing_lines": [249, 255, 266, 268, 274, 275, 283, 284], "excluded_lines": []}, "BackgroundTaskService.generate_session_feedback_async": {"executed_lines": [304, 306, 308, 309, 311, 313, 315, 318, 328, 331, 356], "summary": {"covered_lines": 11, "num_statements": 18, "percent_covered": 61.111111111111114, "percent_covered_display": "61", "missing_lines": 7, "excluded_lines": 0, "percent_statements_covered": 61.111111111111114, "percent_statements_covered_display": "61"}, "missing_lines": [319, 325, 339, 341, 347, 348, 357], "excluded_lines": []}, "": {"executed_lines": [1, 3, 4, 5, 7, 8, 10, 11, 12, 13, 15, 18, 19, 22, 23, 31, 36, 66, 160, 206, 228, 292, 367], "summary": {"covered_lines": 21, "num_statements": 21, "percent_covered": 100.0, "percent_covered_display": "100", "missing_lines": 0, "excluded_lines": 0, "percent_statements_covered": 100.0, "percent_statements_covered_display": "100"}, "missing_lines": [], "excluded_lines": []}}, "classes": {"BackgroundTaskService": {"executed_lines": [33, 34, 55, 56, 57, 58, 59, 60, 61, 63, 64, 80, 82, 84, 88, 89, 90, 91, 93, 94, 95, 98, 99, 101, 104, 105, 106, 107, 108, 111, 116, 117, 118, 121, 124, 125, 126, 128, 138, 140, 151, 176, 178, 179, 180, 183, 237, 238, 239, 241, 243, 245, 248, 258, 259, 304, 306, 308, 309, 311, 313, 315, 318, 328, 331, 356], "summary": {"covered_lines": 66, "num_statements": 106, "percent_covered": 62.264150943396224, "percent_covered_display": "62", "missing_lines": 40, "excluded_lines": 0, "percent_statements_covered": 62.264150943396224, "percent_statements_covered_display": "62"}, "missing_lines": [85, 86, 141, 149, 152, 184, 186, 187, 188, 189, 193, 195, 198, 200, 201, 204, 216, 217, 220, 221, 222, 223, 224, 225, 226, 249, 255, 266, 268, 274, 275, 283, 284, 319, 325, 339, 341, 347, 348, 357], "excluded_lines": []}, "": {"executed_lines": [1, 3, 4, 5, 7, 8, 10, 11, 12, 13, 15, 18, 19, 22, 23, 31, 36, 66, 160, 206, 228, 292, 367], "summary": {"covered_lines": 21, "num_statements": 21, "percent_covered": 100.0, "percent_covered_display": "100", "missing_lines": 0, "excluded_lines": 0, "percent_statements_covered": 100.0, "percent_statements_covered_display": "100"}, "missing_lines": [], "excluded_lines": []}}}, "app/services/email_service.py": {"executed_lines": [1, 3, 4, 6, 8, 11, 12, 14, 15, 16, 17, 18, 19, 21, 34, 35, 49, 51, 58], "summary": {"covered_lines": 17, "num_statements": 19, "percent_covered": 89.47368421052632, "percent_covered_display": "89", "missing_lines": 2, "excluded_lines": 0, "percent_statements_covered": 89.47368421052632, "percent_statements_covered_display": "89"}, "missing_lines": [85, 89], "excluded_lines": [], "functions": {"EmailService.__init__": {"executed_lines": [15, 16, 17, 18, 19], "summary": {"covered_lines": 5, "num_statements": 5, "percent_covered": 100.0, "percent_covered_display": "100", "missing_lines": 0, "excluded_lines": 0, "percent_statements_covered": 100.0, "percent_statements_covered_display": "100"}, "missing_lines": [], "excluded_lines": []}, "EmailService.send_password_reset": {"executed_lines": [34, 35, 49, 51, 58], "summary": {"covered_lines": 5, "num_statements": 7, "percent_covered": 71.42857142857143, "percent_covered_display": "71", "missing_lines": 2, "excluded_lines": 0, "percent_statements_covered": 71.42857142857143, "percent_statements_covered_display": "71"}, "missing_lines": [85, 89], "excluded_lines": []}, "": {"executed_lines": [1, 3, 4, 6, 8, 11, 12, 14, 21], "summary": {"covered_lines": 7, "num_statements": 7, "percent_covered": 100.0, "percent_covered_display": "100", "missing_lines": 0, "excluded_lines": 0, "percent_statements_covered": 100.0, "percent_statements_covered_display": "100"}, "missing_lines": [], "excluded_lines": []}}, "classes": {"EmailService": {"executed_lines": [15, 16, 17, 18, 19, 34, 35, 49, 51, 58], "summary": {"covered_lines": 10, "num_statements": 12, "percent_covered": 83.33333333333333, "percent_covered_display": "83", "missing_lines": 2, "excluded_lines": 0, "percent_statements_covered": 83.33333333333333, "percent_statements_covered_display": "83"}, "missing_lines": [85, 89], "excluded_lines": []}, "": {"executed_lines": [1, 3, 4, 6, 8, 11, 12, 14, 21], "summary": {"covered_lines": 7, "num_statements": 7, "percent_covered": 100.0, "percent_covered_display": "100", "missing_lines": 0, "excluded_lines": 0, "percent_statements_covered": 100.0, "percent_statements_covered_display": "100"}, "missing_lines": [], "excluded_lines": []}}}, "app/services/feedback_service.py": {"executed_lines": [1, 3, 4, 6, 7, 9, 10, 11, 12, 13, 16, 17, 25, 27, 29, 45, 48, 49, 53, 56, 57, 60, 61, 64, 67, 68, 72, 75, 78, 79, 80, 83, 84, 86, 90, 91, 99, 104, 117, 118, 119, 121, 123, 139, 142, 143, 147, 150, 154, 157, 159, 160, 163, 164, 167, 168, 169, 176, 181, 183, 187, 188, 191, 196, 199, 204, 207, 210, 211, 214, 215, 217, 218, 221, 222, 223, 224, 225, 229, 231, 233, 235, 239, 250, 253, 254, 255, 256, 258, 259, 261, 263, 275, 280, 292, 297, 317, 333, 390, 405, 408, 514, 515, 1971, 1981, 1983, 1990], "summary": {"covered_lines": 99, "num_statements": 158, "percent_covered": 62.65822784810127, "percent_covered_display": "63", "missing_lines": 59, "excluded_lines": 0, "percent_statements_covered": 62.65822784810127, "percent_statements_covered_display": "63"}, "missing_lines": [50, 69, 144, 151, 170, 172, 173, 184, 200, 201, 230, 232, 234, 236, 278, 295, 309, 315, 336, 339, 347, 348, 349, 350, 353, 356, 359, 360, 361, 364, 365, 366, 367, 368, 369, 370, 371, 372, 373, 374, 376, 417, 419, 420, 427, 428, 431, 433, 434, 441, 442, 444, 445, 448, 449, 450, 452, 453, 455], "excluded_lines": [], "functions": {"FeedbackService.__init__": {"executed_lines": [27], "summary": {"covered_lines": 1, "num_statements": 1, "percent_covered": 100.0, "percent_covered_display": "100", "missing_lines": 0, "excluded_lines": 0, "percent_statements_covered": 100.0, "percent_statements_covered_display": "100"}, "missing_lines": [], "excluded_lines": []}, "FeedbackService.generate_feedback": {"executed_lines": [45, 48, 49, 53, 56, 57, 60, 61, 64, 67, 68, 72, 75, 78, 79, 80, 83, 84, 86, 90, 91, 99, 104, 117, 118, 119, 121], "summary": {"covered_lines": 27, "num_statements": 29, "percent_covered": 93.10344827586206, "percent_covered_display": "93", "missing_lines": 2, "excluded_lines": 0, "percent_statements_covered": 93.10344827586206, "percent_statements_covered_display": "93"}, "missing_lines": [50, 69], "excluded_lines": []}, "FeedbackService.generate_session_feedback": {"executed_lines": [139, 142, 143, 147, 150, 154, 157, 159, 160, 163, 164, 167, 168, 169, 176, 181, 183, 187, 188, 191, 196, 199, 204, 207, 210, 211, 214, 215, 217, 218, 221, 222, 223, 224, 225, 229, 231, 233, 235, 239, 250, 253, 254, 255, 256, 258, 259, 261], "summary": {"covered_lines": 48, "num_statements": 60, "percent_covered": 80.0, "percent_covered_display": "80", "missing_lines": 12, "excluded_lines": 0, "percent_statements_covered": 80.0, "percent_statements_covered_display": "80"}, "missing_lines": [144, 151, 170, 172, 173, 184, 200, 201, 230, 232, 234, 236], "excluded_lines": []}, "FeedbackService.get_response_feedback": {"executed_lines": [275], "summary": {"covered_lines": 1, "num_statements": 2, "percent_covered": 50.0, "percent_covered_display": "50", "missing_lines": 1, "excluded_lines": 0, "percent_statements_covered": 50.0, "percent_statements_covered_display": "50"}, "missing_lines": [278], "excluded_lines": []}, "FeedbackService.get_session_feedback": {"executed_lines": [292], "summary": {"covered_lines": 1, "num_statements": 2, "percent_covered": 50.0, "percent_covered_display": "50", "missing_lines": 1, "excluded_lines": 0, "percent_statements_covered": 50.0, "percent_statements_covered_display": "50"}, "missing_lines": [295], "excluded_lines": []}, "FeedbackService.get_all_session_feedbacks": {"executed_lines": [], "summary": {"covered_lines": 0, "num_statements": 2, "percent_covered": 0.0, "percent_covered_display": "0", "missing_lines": 2, "excluded_lines": 0, "percent_statements_covered": 0.0, "percent_statements_covered_display": "0"}, "missing_lines": [309, 315], "excluded_lines": []}, "FeedbackService.get_processing_summary": {"executed_lines": [333], "summary": {"covered_lines": 1, "num_statements": 24, "percent_covered": 4.166666666666667, "percent_covered_display": "4", "missing_lines": 23, "excluded_lines": 0, "percent_statements_covered": 4.166666666666667, "percent_statements_covered_display": "4"}, "missing_lines": [336, 339, 347, 348, 349, 350, 353, 356, 359, 360, 361, 364, 365, 366, 367, 368, 369, 370, 371, 372, 373, 374, 376], "excluded_lines": []}, "FeedbackService.get_user_progress": {"executed_lines": [405, 408], "summary": {"covered_lines": 2, "num_statements": 20, "percent_covered": 10.0, "percent_covered_display": "10", "missing_lines": 18, "excluded_lines": 0, "percent_statements_covered": 10.0, "percent_statements_covered_display": "10"}, "missing_lines": [417, 419, 420, 427, 428, 431, 433, 434, 441, 442, 444, 445, 448, 449, 450, 452, 453, 455], "excluded_lines": []}, "": {"executed_lines": [1, 3, 4, 6, 7, 9, 10, 11, 12, 13, 16, 17, 25, 29, 123, 263, 280, 297, 317, 390], "summary": {"covered_lines": 18, "num_statements": 18, "percent_covered": 100.0, "percent_covered_display": "100", "missing_lines": 0, "excluded_lines": 0, "percent_statements_covered": 100.0, "percent_statements_covered_display": "100"}, "missing_lines": [], "excluded_lines": []}}, "classes": {"FeedbackService": {"executed_lines": [27, 45, 48, 49, 53, 56, 57, 60, 61, 64, 67, 68, 72, 75, 78, 79, 80, 83, 84, 86, 90, 91, 99, 104, 117, 118, 119, 121, 139, 142, 143, 147, 150, 154, 157, 159, 160, 163, 164, 167, 168, 169, 176, 181, 183, 187, 188, 191, 196, 199, 204, 207, 210, 211, 214, 215, 217, 218, 221, 222, 223, 224, 225, 229, 231, 233, 235, 239, 250, 253, 254, 255, 256, 258, 259, 261, 275, 292, 333, 405, 408], "summary": {"covered_lines": 81, "num_statements": 140, "percent_covered": 57.857142857142854, "percent_covered_display": "58", "missing_lines": 59, "excluded_lines": 0, "percent_statements_covered": 57.857142857142854, "percent_statements_covered_display": "58"}, "missing_lines": [50, 69, 144, 151, 170, 172, 173, 184, 200, 201, 230, 232, 234, 236, 278, 295, 309, 315, 336, 339, 347, 348, 349, 350, 353, 356, 359, 360, 361, 364, 365, 366, 367, 368, 369, 370, 371, 372, 373, 374, 376, 417, 419, 420, 427, 428, 431, 433, 434, 441, 442, 444, 445, 448, 449, 450, 452, 453, 455], "excluded_lines": []}, "": {"executed_lines": [1, 3, 4, 6, 7, 9, 10, 11, 12, 13, 16, 17, 25, 29, 123, 263, 280, 297, 317, 390], "summary": {"covered_lines": 18, "num_statements": 18, "percent_covered": 100.0, "percent_covered_display": "100", "missing_lines": 0, "excluded_lines": 0, "percent_statements_covered": 100.0, "percent_statements_covered_display": "100"}, "missing_lines": [], "excluded_lines": []}}}, "app/services/interview_service.py": {"executed_lines": [1, 3, 5, 6, 8, 9, 12, 13, 21, 22, 31, 36, 38, 60, 63, 65, 68, 69, 71, 72, 74, 78, 81, 83, 87, 88, 89, 91, 93, 94, 96, 100, 103, 105, 137, 151, 158, 161, 175, 180, 184], "summary": {"covered_lines": 39, "num_statements": 67, "percent_covered": 58.208955223880594, "percent_covered_display": "58", "missing_lines": 28, "excluded_lines": 0, "percent_statements_covered": 58.208955223880594, "percent_statements_covered_display": "58"}, "missing_lines": [75, 84, 97, 101, 106, 108, 109, 110, 115, 122, 123, 124, 130, 131, 133, 135, 159, 181, 182, 204, 208, 209, 211, 212, 215, 221, 222, 224], "excluded_lines": [], "functions": {"InterviewService._get_category_for_type": {"executed_lines": [31, 36], "summary": {"covered_lines": 2, "num_statements": 2, "percent_covered": 100.0, "percent_covered_display": "100", "missing_lines": 0, "excluded_lines": 0, "percent_statements_covered": 100.0, "percent_statements_covered_display": "100"}, "missing_lines": [], "excluded_lines": []}, "InterviewService.assign_questions": {"executed_lines": [60, 63, 65, 68, 69, 71, 72, 74, 78, 81, 83, 87, 88, 89, 91, 93, 94, 96, 100, 103, 105], "summary": {"covered_lines": 21, "num_statements": 37, "percent_covered": 56.75675675675676, "percent_covered_display": "57", "missing_lines": 16, "excluded_lines": 0, "percent_statements_covered": 56.75675675675676, "percent_statements_covered_display": "57"}, "missing_lines": [75, 84, 97, 101, 106, 108, 109, 110, 115, 122, 123, 124, 130, 131, 133, 135], "excluded_lines": []}, "InterviewService.get_interview_questions": {"executed_lines": [151, 158], "summary": {"covered_lines": 2, "num_statements": 3, "percent_covered": 66.66666666666667, "percent_covered_display": "67", "missing_lines": 1, "excluded_lines": 0, "percent_statements_covered": 66.66666666666667, "percent_statements_covered_display": "67"}, "missing_lines": [159], "excluded_lines": []}, "InterviewService.has_assigned_questions": {"executed_lines": [175, 180], "summary": {"covered_lines": 2, "num_statements": 4, "percent_covered": 50.0, "percent_covered_display": "50", "missing_lines": 2, "excluded_lines": 0, "percent_statements_covered": 50.0, "percent_statements_covered_display": "50"}, "missing_lines": [181, 182], "excluded_lines": []}, "InterviewService.assign_specific_question": {"executed_lines": [], "summary": {"covered_lines": 0, "num_statements": 9, "percent_covered": 0.0, "percent_covered_display": "0", "missing_lines": 9, "excluded_lines": 0, "percent_statements_covered": 0.0, "percent_statements_covered_display": "0"}, "missing_lines": [204, 208, 209, 211, 212, 215, 221, 222, 224], "excluded_lines": []}, "": {"executed_lines": [1, 3, 5, 6, 8, 9, 12, 13, 21, 22, 38, 137, 161, 184], "summary": {"covered_lines": 12, "num_statements": 12, "percent_covered": 100.0, "percent_covered_display": "100", "missing_lines": 0, "excluded_lines": 0, "percent_statements_covered": 100.0, "percent_statements_covered_display": "100"}, "missing_lines": [], "excluded_lines": []}}, "classes": {"InterviewService": {"executed_lines": [31, 36, 60, 63, 65, 68, 69, 71, 72, 74, 78, 81, 83, 87, 88, 89, 91, 93, 94, 96, 100, 103, 105, 151, 158, 175, 180], "summary": {"covered_lines": 27, "num_statements": 55, "percent_covered": 49.09090909090909, "percent_covered_display": "49", "missing_lines": 28, "excluded_lines": 0, "percent_statements_covered": 49.09090909090909, "percent_statements_covered_display": "49"}, "missing_lines": [75, 84, 97, 101, 106, 108, 109, 110, 115, 122, 123, 124, 130, 131, 133, 135, 159, 181, 182, 204, 208, 209, 211, 212, 215, 221, 222, 224], "excluded_lines": []}, "": {"executed_lines": [1, 3, 5, 6, 8, 9, 12, 13, 21, 22, 38, 137, 161, 184], "summary": {"covered_lines": 12, "num_statements": 12, "percent_covered": 100.0, "percent_covered_display": "100", "missing_lines": 0, "excluded_lines": 0, "percent_statements_covered": 100.0, "percent_statements_covered_display": "100"}, "missing_lines": [], "excluded_lines": []}}}}, "totals": {"covered_lines": 1434, "num_statements": 2162, "percent_covered": 66.32747456059205, "percent_covered_display": "66", "missing_lines": 728, "excluded_lines": 0, "percent_statements_covered": 66.32747456059205, "percent_statements_covered_display": "66"}}