{"meta": {"format": 3, "version": "7.12.0", "timestamp": "2025-12-07T17:38:48.456205", "branch_coverage": false, "show_contexts": false}, "files": {"app/__init__.py": {"executed_lines": [1, 3], "summary": {"covered_lines": 1, "num_statements": 1, "percent_covered": 100.0, "percent_covered_display": "100", "missing_lines": 0, "excluded_lines": 0, "percent_statements_covered": 100.0, "percent_statements_covered_display": "100"}, "missing_lines": [], "excluded_lines": [], "functions": {"": {"executed_lines": [1, 3], "summary": {"covered_lines": 1, "num_statements": 1, "percent_covered": 100.0, "percent_covered_display": "100", "missing_lines": 0, "excluded_lines": 0, "percent_statements_covered": 100.0, "percent_statements_covered_display": "100"}, "missing_lines": [], "excluded_lines": []}}, "classes": {"": {"executed_lines": [1, 3], "summary": {"covered_lines": 1, "num_statements": 1, "percent_covered": 100.0, "percent_covered_display": "100", "missing_lines": 0, "excluded_lines": 0, "percent_statements_covered": 100.0, "percent_statements_covered_display": "100"}, "missing_lines": [], "excluded_lines": []}}}, "app/ai/__init__.py": {"executed_lines": [1, 3, 4, 6], "summary": {"covered_lines": 3, "num_statements": 3, "percent_covered": 100.0, "percent_covered_display": "100", "missing_lines": 0, "excluded_lines": 0, "percent_statements_covered": 100.0, "percent_statements_covered_display": "100"}, "missing_lines": [], "excluded_lines": [], "functions": {"": {"executed_lines": [1, 3, 4, 6], "summary": {"covered_lines": 3, "num_statements": 3, "percent_covered": 100.0, "percent_covered_display": "100", "missing_lines": 0, "excluded_lines": 0, "percent_statements_covered": 100.0, "percent_statements_covered_display": "100"}, "missing_lines": [], "excluded_lines": []}}, "classes": {"": {"executed_lines": [1, 3, 4, 6], "summary": {"covered_lines": 3, "num_statements": 3, "percent_covered": 100.0, "percent_covered_display": "100", "missing_lines": 0, "excluded_lines": 0, "percent_statements_covered": 100.0, "percent_statements_covered_display": "100"}, "missing_lines": [], "excluded_lines": []}}}, "app/ai/audio_analyzer.py": {"executed_lines": [1, 3, 4, 5, 7, 8, 10, 13, 14, 15, 17, 18, 19, 20, 23, 24, 34, 37, 38, 40, 53, 54, 56, 58, 59, 62, 65, 68, 71, 72, 73, 75, 85, 94, 95, 97, 98, 99, 100, 102, 104, 113, 114, 117, 118, 120, 123, 124, 126, 136, 139, 142, 143, 144, 145, 148, 150, 163, 165, 166, 167, 168, 169, 174, 175, 176, 178, 189, 190, 191, 193, 194, 197, 198, 201, 206, 207, 209, 219, 221, 224, 225, 226, 227, 228, 231, 232], "summary": {"covered_lines": 84, "num_statements": 106, "percent_covered": 79.24528301886792, "percent_covered_display": "79", "missing_lines": 22, "excluded_lines": 0, "percent_statements_covered": 79.24528301886792, "percent_statements_covered_display": "79"}, "missing_lines": [81, 82, 83, 137, 170, 199, 229, 234, 237, 238, 239, 241, 244, 245, 246, 250, 251, 254, 255, 257, 258, 259], "excluded_lines": [], "functions": {"AudioAnalyzer.analyze": {"executed_lines": [53, 54, 56, 58, 59, 62, 65, 68, 71, 72, 73, 75], "summary": {"covered_lines": 12, "num_statements": 15, "percent_covered": 80.0, "percent_covered_display": "80", "missing_lines": 3, "excluded_lines": 0, "percent_statements_covered": 80.0, "percent_statements_covered_display": "80"}, "missing_lines": [81, 82, 83], "excluded_lines": []}, "AudioAnalyzer._detect_filler_words": {"executed_lines": [94, 95, 97, 98, 99, 100, 102], "summary": {"covered_lines": 7, "num_statements": 7, "percent_covered": 100.0, "percent_covered_display": "100", "missing_lines": 0, "excluded_lines": 0, "percent_statements_covered": 100.0, "percent_statements_covered_display": "100"}, "missing_lines": [], "excluded_lines": []}, "AudioAnalyzer.calculate_speech_rate_score": {"executed_lines": [113, 114, 117, 118, 120, 123, 124], "summary": {"covered_lines": 7, "num_statements": 7, "percent_covered": 100.0, "percent_covered_display": "100", "missing_lines": 0, "excluded_lines": 0, "percent_statements_covered": 100.0, "percent_statements_covered_display": "100"}, "missing_lines": [], "excluded_lines": []}, "AudioAnalyzer.calculate_filler_score": {"executed_lines": [136, 139, 142, 143, 144, 145, 148], "summary": {"covered_lines": 7, "num_statements": 8, "percent_covered": 87.5, "percent_covered_display": "88", "missing_lines": 1, "excluded_lines": 0, "percent_statements_covered": 87.5, "percent_statements_covered_display": "88"}, "missing_lines": [137], "excluded_lines": []}, "AudioAnalyzer._calculate_speech_rate": {"executed_lines": [163, 165, 166, 167, 168, 169, 174, 175, 176], "summary": {"covered_lines": 9, "num_statements": 10, "percent_covered": 90.0, "percent_covered_display": "90", "missing_lines": 1, "excluded_lines": 0, "percent_statements_covered": 90.0, "percent_statements_covered_display": "90"}, "missing_lines": [170], "excluded_lines": []}, "AudioAnalyzer._analyze_volume_consistency": {"executed_lines": [189, 190, 191, 193, 194, 197, 198, 201, 206, 207], "summary": {"covered_lines": 10, "num_statements": 11, "percent_covered": 90.9090909090909, "percent_covered_display": "91", "missing_lines": 1, "excluded_lines": 0, "percent_statements_covered": 90.9090909090909, "percent_statements_covered_display": "91"}, "missing_lines": [199], "excluded_lines": []}, "AudioAnalyzer._calculate_confidence_score": {"executed_lines": [219, 221, 224, 225, 226, 227, 228, 231, 232], "summary": {"covered_lines": 9, "num_statements": 25, "percent_covered": 36.0, "percent_covered_display": "36", "missing_lines": 16, "excluded_lines": 0, "percent_statements_covered": 36.0, "percent_statements_covered_display": "36"}, "missing_lines": [229, 234, 237, 238, 239, 241, 244, 245, 246, 250, 251, 254, 255, 257, 258, 259], "excluded_lines": []}, "": {"executed_lines": [1, 3, 4, 5, 7, 8, 10, 13, 14, 15, 17, 18, 19, 20, 23, 24, 34, 37, 38, 40, 85, 104, 126, 150, 178, 209], "summary": {"covered_lines": 23, "num_statements": 23, "percent_covered": 100.0, "percent_covered_display": "100", "missing_lines": 0, "excluded_lines": 0, "percent_statements_covered": 100.0, "percent_statements_covered_display": "100"}, "missing_lines": [], "excluded_lines": []}}, "classes": {"AudioMetrics": {"executed_lines": [], "summary": {"covered_lines": 0, "num_statements": 0, "percent_covered": 100.0, "percent_covered_display": "100", "missing_lines": 0, "excluded_lines": 0, "percent_statements_covered": 100.0, "percent_statements_covered_display": "100"}, "missing_lines": [], "excluded_lines": []}, "AudioAnalyzer": {"executed_lines": [53, 54, 56, 58, 59, 62, 65, 68, 71, 72, 73, 75, 94, 95, 97, 98, 99, 100, 102, 113, 114, 117, 118, 120, 123, 124, 136, 139, 142, 143, 144, 145, 148, 163, 165, 166, 167, 168, 169, 174, 175, 176, 189, 190, 191, 193, 194, 197, 198, 201, 206, 207, 219, 221, 224, 225, 226, 227, 228, 231, 232], "summary": {"covered_lines": 61, "num_statements": 83, "percent_covered": 73.49397590361446, "percent_covered_display": "73", "missing_lines": 22, "excluded_lines": 0, "percent_statements_covered": 73.49397590361446, "percent_statements_covered_display": "73"}, "missing_lines": [81, 82, 83, 137, 170, 199, 229, 234, 237, 238, 239, 241, 244, 245, 246, 250, 251, 254, 255, 257, 258, 259], "excluded_lines": []}, "": {"executed_lines": [1, 3, 4, 5, 7, 8, 10, 13, 14, 15, 17, 18, 19, 20, 23, 24, 34, 37, 38, 40, 85, 104, 126, 150, 178, 209], "summary": {"covered_lines": 23, "num_statements": 23, "percent_covered": 100.0, "percent_covered_display": "100", "missing_lines": 0, "excluded_lines": 0, "percent_statements_covered": 100.0, "percent_statements_covered_display": "100"}, "missing_lines": [], "excluded_lines": []}}}, "app/ai/content_analyzer.py": {"executed_lines": [1, 8, 9, 10, 12, 13, 15, 17, 20, 21, 22, 24, 25, 26, 27, 28, 29, 30, 31, 34, 35, 45, 77, 87, 122, 124, 126, 127, 131, 132, 134, 135, 136, 138, 156, 159, 163, 171, 172, 183, 189, 190, 192, 193, 196, 197, 198, 201, 203, 214, 220, 222, 223, 224, 225, 235, 236, 238, 249, 259, 261, 268, 277, 283], "summary": {"covered_lines": 61, "num_statements": 65, "percent_covered": 93.84615384615384, "percent_covered_display": "94", "missing_lines": 4, "excluded_lines": 0, "percent_statements_covered": 93.84615384615384, "percent_statements_covered_display": "94"}, "missing_lines": [174, 180, 191, 199], "excluded_lines": [], "functions": {"ContentAnalyzer.__init__": {"executed_lines": [124, 126, 127, 131, 132, 134, 135, 136], "summary": {"covered_lines": 8, "num_statements": 8, "percent_covered": 100.0, "percent_covered_display": "100", "missing_lines": 0, "excluded_lines": 0, "percent_statements_covered": 100.0, "percent_statements_covered_display": "100"}, "missing_lines": [], "excluded_lines": []}, "ContentAnalyzer.analyze": {"executed_lines": [156, 159, 163, 171, 172, 183, 189, 190, 192, 193, 196, 197, 198, 201, 203, 214, 220, 222, 223, 224, 225, 235, 236, 238], "summary": {"covered_lines": 24, "num_statements": 28, "percent_covered": 85.71428571428571, "percent_covered_display": "86", "missing_lines": 4, "excluded_lines": 0, "percent_statements_covered": 85.71428571428571, "percent_statements_covered_display": "86"}, "missing_lines": [174, 180, 191, 199], "excluded_lines": []}, "ContentAnalyzer.calculate_overall_score": {"executed_lines": [259, 261, 268, 277, 283], "summary": {"covered_lines": 5, "num_statements": 5, "percent_covered": 100.0, "percent_covered_display": "100", "missing_lines": 0, "excluded_lines": 0, "percent_statements_covered": 100.0, "percent_statements_covered_display": "100"}, "missing_lines": [], "excluded_lines": []}, "": {"executed_lines": [1, 8, 9, 10, 12, 13, 15, 17, 20, 21, 22, 24, 25, 26, 27, 28, 29, 30, 31, 34, 35, 45, 77, 87, 122, 138, 249], "summary": {"covered_lines": 24, "num_statements": 24, "percent_covered": 100.0, "percent_covered_display": "100", "missing_lines": 0, "excluded_lines": 0, "percent_statements_covered": 100.0, "percent_statements_covered_display": "100"}, "missing_lines": [], "excluded_lines": []}}, "classes": {"ContentMetrics": {"executed_lines": [], "summary": {"covered_lines": 0, "num_statements": 0, "percent_covered": 100.0, "percent_covered_display": "100", "missing_lines": 0, "excluded_lines": 0, "percent_statements_covered": 100.0, "percent_statements_covered_display": "100"}, "missing_lines": [], "excluded_lines": []}, "ContentAnalyzer": {"executed_lines": [124, 126, 127, 131, 132, 134, 135, 136, 156, 159, 163, 171, 172, 183, 189, 190, 192, 193, 196, 197, 198, 201, 203, 214, 220, 222, 223, 224, 225, 235, 236, 238, 259, 261, 268, 277, 283], "summary": {"covered_lines": 37, "num_statements": 41, "percent_covered": 90.2439024390244, "percent_covered_display": "90", "missing_lines": 4, "excluded_lines": 0, "percent_statements_covered": 90.2439024390244, "percent_statements_covered_display": "90"}, "missing_lines": [174, 180, 191, 199], "excluded_lines": []}, "": {"executed_lines": [1, 8, 9, 10, 12, 13, 15, 17, 20, 21, 22, 24, 25, 26, 27, 28, 29, 30, 31, 34, 35, 45, 77, 87, 122, 138, 249], "summary": {"covered_lines": 24, "num_statements": 24, "percent_covered": 100.0, "percent_covered_display": "100", "missing_lines": 0, "excluded_lines": 0, "percent_statements_covered": 100.0, "percent_statements_covered_display": "100"}, "missing_lines": [], "excluded_lines": []}}}, "app/ai/transcriber.py": {"executed_lines": [1, 8, 9, 10, 11, 13, 15, 17, 20, 21, 22, 24, 25, 26, 27, 30, 31, 39, 40, 42, 44, 46, 47, 51, 52, 54, 55, 56, 58, 78, 80, 81, 84, 85, 86, 92, 93, 94, 98, 99, 101, 107, 110, 113, 114, 122, 129, 138, 157, 159, 160, 161, 162, 168, 177, 178], "summary": {"covered_lines": 53, "num_statements": 57, "percent_covered": 92.98245614035088, "percent_covered_display": "93", "missing_lines": 4, "excluded_lines": 0, "percent_statements_covered": 92.98245614035088, "percent_statements_covered_display": "93"}, "missing_lines": [108, 134, 135, 136], "excluded_lines": [], "functions": {"Transcriber.__init__": {"executed_lines": [44, 46, 47, 51, 52, 54, 55, 56], "summary": {"covered_lines": 8, "num_statements": 8, "percent_covered": 100.0, "percent_covered_display": "100", "missing_lines": 0, "excluded_lines": 0, "percent_statements_covered": 100.0, "percent_statements_covered_display": "100"}, "missing_lines": [], "excluded_lines": []}, "Transcriber.transcribe": {"executed_lines": [78, 80, 81, 84, 85, 86, 92, 93, 94, 98, 99, 101, 107, 110, 113, 114, 122, 129], "summary": {"covered_lines": 18, "num_statements": 22, "percent_covered": 81.81818181818181, "percent_covered_display": "82", "missing_lines": 4, "excluded_lines": 0, "percent_statements_covered": 81.81818181818181, "percent_statements_covered_display": "82"}, "missing_lines": [108, 134, 135, 136], "excluded_lines": []}, "Transcriber.transcribe_bytes": {"executed_lines": [157, 159, 160, 161, 162], "summary": {"covered_lines": 5, "num_statements": 5, "percent_covered": 100.0, "percent_covered_display": "100", "missing_lines": 0, "excluded_lines": 0, "percent_statements_covered": 100.0, "percent_statements_covered_display": "100"}, "missing_lines": [], "excluded_lines": []}, "Transcriber.estimate_cost": {"executed_lines": [177, 178], "summary": {"covered_lines": 2, "num_statements": 2, "percent_covered": 100.0, "percent_covered_display": "100", "missing_lines": 0, "excluded_lines": 0, "percent_statements_covered": 100.0, "percent_statements_covered_display": "100"}, "missing_lines": [], "excluded_lines": []}, "": {"executed_lines": [1, 8, 9, 10, 11, 13, 15, 17, 20, 21, 22, 24, 25, 26, 27, 30, 31, 39, 40, 42, 58, 138, 168], "summary": {"covered_lines": 20, "num_statements": 20, "percent_covered": 100.0, "percent_covered_display": "100", "missing_lines": 0, "excluded_lines": 0, "percent_statements_covered": 100.0, "percent_statements_covered_display": "100"}, "missing_lines": [], "excluded_lines": []}}, "classes": {"TranscriptionResult": {"executed_lines": [], "summary": {"covered_lines": 0, "num_statements": 0, "percent_covered": 100.0, "percent_covered_display": "100", "missing_lines": 0, "excluded_lines": 0, "percent_statements_covered": 100.0, "percent_statements_covered_display": "100"}, "missing_lines": [], "excluded_lines": []}, "Transcriber": {"executed_lines": [44, 46, 47, 51, 52, 54, 55, 56, 78, 80, 81, 84, 85, 86, 92, 93, 94, 98, 99, 101, 107, 110, 113, 114, 122, 129, 157, 159, 160, 161, 162, 177, 178], "summary": {"covered_lines": 33, "num_statements": 37, "percent_covered": 89.1891891891892, "percent_covered_display": "89", "missing_lines": 4, "excluded_lines": 0, "percent_statements_covered": 89.1891891891892, "percent_statements_covered_display": "89"}, "missing_lines": [108, 134, 135, 136], "excluded_lines": []}, "": {"executed_lines": [1, 8, 9, 10, 11, 13, 15, 17, 20, 21, 22, 24, 25, 26, 27, 30, 31, 39, 40, 42, 58, 138, 168], "summary": {"covered_lines": 20, "num_statements": 20, "percent_covered": 100.0, "percent_covered_display": "100", "missing_lines": 0, "excluded_lines": 0, "percent_statements_covered": 100.0, "percent_statements_covered_display": "100"}, "missing_lines": [], "excluded_lines": []}}}, "app/api/__init__.py": {"executed_lines": [1], "summary": {"covered_lines": 0, "num_statements": 0, "percent_covered": 100.0, "percent_covered_display": "100", "missing_lines": 0, "excluded_lines": 0, "percent_statements_covered": 100.0, "percent_statements_covered_display": "100"}, "missing_lines": [], "excluded_lines": [], "functions": {"": {"executed_lines": [1], "summary": {"covered_lines": 0, "num_statements": 0, "percent_covered": 100.0, "percent_covered_display": "100", "missing_lines": 0, "excluded_lines": 0, "percent_statements_covered": 100.0, "percent_statements_covered_display": "100"}, "missing_lines": [], "excluded_lines": []}}, "classes": {"": {"executed_lines": [1], "summary": {"covered_lines": 0, "num_statements": 0, "percent_covered": 100.0, "percent_covered_display": "100", "missing_lines": 0, "excluded_lines": 0, "percent_statements_covered": 100.0, "percent_statements_covered_display": "100"}, "missing_lines": [], "excluded_lines": []}}}, "app/api/auth.py": {"executed_lines": [1, 3, 4, 6, 7, 8, 9, 11, 12, 13, 14, 15, 21, 23, 26, 27, 29, 32, 33, 35, 36, 39, 40, 94, 95, 156, 157], "summary": {"covered_lines": 24, "num_statements": 70, "percent_covered": 34.285714285714285, "percent_covered_display": "34", "missing_lines": 46, "excluded_lines": 0, "percent_statements_covered": 34.285714285714285, "percent_statements_covered_display": "34"}, "missing_lines": [57, 62, 63, 65, 67, 70, 73, 76, 81, 82, 85, 88, 89, 91, 115, 118, 120, 121, 126, 127, 132, 133, 134, 139, 140, 142, 143, 146, 149, 151, 153, 176, 177, 179, 180, 185, 189, 190, 191, 192, 197, 198, 201, 202, 203, 205], "excluded_lines": [], "functions": {"forgot_password": {"executed_lines": [], "summary": {"covered_lines": 0, "num_statements": 14, "percent_covered": 0.0, "percent_covered_display": "0", "missing_lines": 14, "excluded_lines": 0, "percent_statements_covered": 0.0, "percent_statements_covered_display": "0"}, "missing_lines": [57, 62, 63, 65, 67, 70, 73, 76, 81, 82, 85, 88, 89, 91], "excluded_lines": []}, "reset_password": {"executed_lines": [], "summary": {"covered_lines": 0, "num_statements": 17, "percent_covered": 0.0, "percent_covered_display": "0", "missing_lines": 17, "excluded_lines": 0, "percent_statements_covered": 0.0, "percent_statements_covered_display": "0"}, "missing_lines": [115, 118, 120, 121, 126, 127, 132, 133, 134, 139, 140, 142, 143, 146, 149, 151, 153], "excluded_lines": []}, "refresh_token": {"executed_lines": [], "summary": {"covered_lines": 0, "num_statements": 15, "percent_covered": 0.0, "percent_covered_display": "0", "missing_lines": 15, "excluded_lines": 0, "percent_statements_covered": 0.0, "percent_statements_covered_display": "0"}, "missing_lines": [176, 177, 179, 180, 185, 189, 190, 191, 192, 197, 198, 201, 202, 203, 205], "excluded_lines": []}, "": {"executed_lines": [1, 3, 4, 6, 7, 8, 9, 11, 12, 13, 14, 15, 21, 23, 26, 27, 29, 32, 33, 35, 36, 39, 40, 94, 95, 156, 157], "summary": {"covered_lines": 24, "num_statements": 24, "percent_covered": 100.0, "percent_covered_display": "100", "missing_lines": 0, "excluded_lines": 0, "percent_statements_covered": 100.0, "percent_statements_covered_display": "100"}, "missing_lines": [], "excluded_lines": []}}, "classes": {"ForgotPasswordRequest": {"executed_lines": [], "summary": {"covered_lines": 0, "num_statements": 0, "percent_covered": 100.0, "percent_covered_display": "100", "missing_lines": 0, "excluded_lines": 0, "percent_statements_covered": 100.0, "percent_statements_covered_display": "100"}, "missing_lines": [], "excluded_lines": []}, "ResetPasswordRequest": {"executed_lines": [], "summary": {"covered_lines": 0, "num_statements": 0, "percent_covered": 100.0, "percent_covered_display": "100", "missing_lines": 0, "excluded_lines": 0, "percent_statements_covered": 100.0, "percent_statements_covered_display": "100"}, "missing_lines": [], "excluded_lines": []}, "": {"executed_lines": [1, 3, 4, 6, 7, 8, 9, 11, 12, 13, 14, 15, 21, 23, 26, 27, 29, 32, 33, 35, 36, 39, 40, 94, 95, 156, 157], "summary": {"covered_lines": 24, "num_statements": 70, "percent_covered": 34.285714285714285, "percent_covered_display": "34", "missing_lines": 46, "excluded_lines": 0, "percent_statements_covered": 34.285714285714285, "percent_statements_covered_display": "34"}, "missing_lines": [57, 62, 63, 65, 67, 70, 73, 76, 81, 82, 85, 88, 89, 91, 115, 118, 120, 121, 126, 127, 132, 133, 134, 139, 140, 142, 143, 146, 149, 151, 153, 176, 177, 179, 180, 185, 189, 190, 191, 192, 197, 198, 201, 202, 203, 205], "excluded_lines": []}}}, "app/api/feedback.py": {"executed_lines": [1, 3, 5, 6, 7, 9, 10, 11, 17, 18, 19, 21, 24, 54, 84, 85, 121, 122, 152, 153, 189, 194, 226, 231, 264, 265, 296, 297], "summary": {"covered_lines": 27, "num_statements": 85, "percent_covered": 31.764705882352942, "percent_covered_display": "32", "missing_lines": 58, "excluded_lines": 0, "percent_statements_covered": 31.764705882352942, "percent_statements_covered_display": "32"}, "missing_lines": [40, 45, 46, 47, 51, 70, 75, 76, 77, 81, 106, 109, 110, 112, 113, 118, 143, 146, 147, 149, 174, 177, 178, 180, 181, 186, 215, 218, 219, 220, 221, 222, 223, 253, 256, 257, 258, 259, 260, 261, 287, 290, 291, 293, 317, 320, 323, 324, 326, 327, 333, 340, 343, 344, 347, 348, 349, 353], "excluded_lines": [], "functions": {"_verify_session_ownership": {"executed_lines": [], "summary": {"covered_lines": 0, "num_statements": 5, "percent_covered": 0.0, "percent_covered_display": "0", "missing_lines": 5, "excluded_lines": 0, "percent_statements_covered": 0.0, "percent_statements_covered_display": "0"}, "missing_lines": [40, 45, 46, 47, 51], "excluded_lines": []}, "_verify_response_ownership": {"executed_lines": [], "summary": {"covered_lines": 0, "num_statements": 5, "percent_covered": 0.0, "percent_covered_display": "0", "missing_lines": 5, "excluded_lines": 0, "percent_statements_covered": 0.0, "percent_statements_covered_display": "0"}, "missing_lines": [70, 75, 76, 77, 81], "excluded_lines": []}, "get_session_feedback": {"executed_lines": [], "summary": {"covered_lines": 0, "num_statements": 6, "percent_covered": 0.0, "percent_covered_display": "0", "missing_lines": 6, "excluded_lines": 0, "percent_statements_covered": 0.0, "percent_statements_covered_display": "0"}, "missing_lines": [106, 109, 110, 112, 113, 118], "excluded_lines": []}, "get_all_session_feedbacks": {"executed_lines": [], "summary": {"covered_lines": 0, "num_statements": 4, "percent_covered": 0.0, "percent_covered_display": "0", "missing_lines": 4, "excluded_lines": 0, "percent_statements_covered": 0.0, "percent_statements_covered_display": "0"}, "missing_lines": [143, 146, 147, 149], "excluded_lines": []}, "get_response_feedback": {"executed_lines": [], "summary": {"covered_lines": 0, "num_statements": 6, "percent_covered": 0.0, "percent_covered_display": "0", "missing_lines": 6, "excluded_lines": 0, "percent_statements_covered": 0.0, "percent_statements_covered_display": "0"}, "missing_lines": [174, 177, 178, 180, 181, 186], "excluded_lines": []}, "generate_response_feedback": {"executed_lines": [], "summary": {"covered_lines": 0, "num_statements": 7, "percent_covered": 0.0, "percent_covered_display": "0", "missing_lines": 7, "excluded_lines": 0, "percent_statements_covered": 0.0, "percent_statements_covered_display": "0"}, "missing_lines": [215, 218, 219, 220, 221, 222, 223], "excluded_lines": []}, "generate_session_feedback": {"executed_lines": [], "summary": {"covered_lines": 0, "num_statements": 7, "percent_covered": 0.0, "percent_covered_display": "0", "missing_lines": 7, "excluded_lines": 0, "percent_statements_covered": 0.0, "percent_statements_covered_display": "0"}, "missing_lines": [253, 256, 257, 258, 259, 260, 261], "excluded_lines": []}, "get_session_processing_status": {"executed_lines": [], "summary": {"covered_lines": 0, "num_statements": 4, "percent_covered": 0.0, "percent_covered_display": "0", "missing_lines": 4, "excluded_lines": 0, "percent_statements_covered": 0.0, "percent_statements_covered_display": "0"}, "missing_lines": [287, 290, 291, 293], "excluded_lines": []}, "get_session_comparison": {"executed_lines": [], "summary": {"covered_lines": 0, "num_statements": 14, "percent_covered": 0.0, "percent_covered_display": "0", "missing_lines": 14, "excluded_lines": 0, "percent_statements_covered": 0.0, "percent_statements_covered_display": "0"}, "missing_lines": [317, 320, 323, 324, 326, 327, 333, 340, 343, 344, 347, 348, 349, 353], "excluded_lines": []}, "": {"executed_lines": [1, 3, 5, 6, 7, 9, 10, 11, 17, 18, 19, 21, 24, 54, 84, 85, 121, 122, 152, 153, 189, 194, 226, 231, 264, 265, 296, 297], "summary": {"covered_lines": 27, "num_statements": 27, "percent_covered": 100.0, "percent_covered_display": "100", "missing_lines": 0, "excluded_lines": 0, "percent_statements_covered": 100.0, "percent_statements_covered_display": "100"}, "missing_lines": [], "excluded_lines": []}}, "classes": {"": {"executed_lines": [1, 3, 5, 6, 7, 9, 10, 11, 17, 18, 19, 21, 24, 54, 84, 85, 121, 122, 152, 153, 189, 194, 226, 231, 264, 265, 296, 297], "summary": {"covered_lines": 27, "num_statements": 85, "percent_covered": 31.764705882352942, "percent_covered_display": "32", "missing_lines": 58, "excluded_lines": 0, "percent_statements_covered": 31.764705882352942, "percent_statements_covered_display": "32"}, "missing_lines": [40, 45, 46, 47, 51, 70, 75, 76, 77, 81, 106, 109, 110, 112, 113, 118, 143, 146, 147, 149, 174, 177, 178, 180, 181, 186, 215, 218, 219, 220, 221, 222, 223, 253, 256, 257, 258, 259, 260, 261, 287, 290, 291, 293, 317, 320, 323, 324, 326, 327, 333, 340, 343, 344, 347, 348, 349, 353], "excluded_lines": []}}}, "app/api/health.py": {"executed_lines": [1, 3, 5, 7, 8, 10, 11, 14, 20, 22, 23, 25, 26, 29, 32, 33, 34, 37, 43, 49, 50, 52, 55, 56, 62, 63, 64, 65, 68, 69, 70, 85, 86, 92, 97, 98, 101, 102, 103, 106, 107, 108, 111, 112, 117, 118, 126, 127, 129, 2011, 2012, 2013, 2015, 2027, 2028], "summary": {"covered_lines": 48, "num_statements": 63, "percent_covered": 76.19047619047619, "percent_covered_display": "76", "missing_lines": 15, "excluded_lines": 0, "percent_statements_covered": 76.19047619047619, "percent_statements_covered_display": "76"}, "missing_lines": [21, 27, 28, 30, 31, 77, 99, 109, 114, 119, 120, 121, 122, 123, 124], "excluded_lines": [], "functions": {"check_redis": {"executed_lines": [20, 22, 23, 25, 26, 29, 32, 33, 34], "summary": {"covered_lines": 9, "num_statements": 14, "percent_covered": 64.28571428571429, "percent_covered_display": "64", "missing_lines": 5, "excluded_lines": 0, "percent_statements_covered": 64.28571428571429, "percent_statements_covered_display": "64"}, "missing_lines": [21, 27, 28, 30, 31], "excluded_lines": []}, "check_ai_services": {"executed_lines": [43], "summary": {"covered_lines": 1, "num_statements": 1, "percent_covered": 100.0, "percent_covered_display": "100", "missing_lines": 0, "excluded_lines": 0, "percent_statements_covered": 100.0, "percent_statements_covered_display": "100"}, "missing_lines": [], "excluded_lines": []}, "health_check": {"executed_lines": [52], "summary": {"covered_lines": 1, "num_statements": 1, "percent_covered": 100.0, "percent_covered_display": "100", "missing_lines": 0, "excluded_lines": 0, "percent_statements_covered": 100.0, "percent_statements_covered_display": "100"}, "missing_lines": [], "excluded_lines": []}, "readiness_check": {"executed_lines": [62, 63, 64, 65, 68, 69, 70], "summary": {"covered_lines": 7, "num_statements": 8, "percent_covered": 87.5, "percent_covered_display": "88", "missing_lines": 1, "excluded_lines": 0, "percent_statements_covered": 87.5, "percent_statements_covered_display": "88"}, "missing_lines": [77], "excluded_lines": []}, "health_detailed": {"executed_lines": [92, 97, 98, 101, 102, 103, 106, 107, 108, 111, 112, 117, 118, 126, 127, 129], "summary": {"covered_lines": 16, "num_statements": 25, "percent_covered": 64.0, "percent_covered_display": "64", "missing_lines": 9, "excluded_lines": 0, "percent_statements_covered": 64.0, "percent_statements_covered_display": "64"}, "missing_lines": [99, 109, 114, 119, 120, 121, 122, 123, 124], "excluded_lines": []}, "": {"executed_lines": [1, 3, 5, 7, 8, 10, 11, 14, 37, 49, 50, 55, 56, 85, 86], "summary": {"covered_lines": 14, "num_statements": 14, "percent_covered": 100.0, "percent_covered_display": "100", "missing_lines": 0, "excluded_lines": 0, "percent_statements_covered": 100.0, "percent_statements_covered_display": "100"}, "missing_lines": [], "excluded_lines": []}}, "classes": {"": {"executed_lines": [1, 3, 5, 7, 8, 10, 11, 14, 20, 22, 23, 25, 26, 29, 32, 33, 34, 37, 43, 49, 50, 52, 55, 56, 62, 63, 64, 65, 68, 69, 70, 85, 86, 92, 97, 98, 101, 102, 103, 106, 107, 108, 111, 112, 117, 118, 126, 127, 129], "summary": {"covered_lines": 48, "num_statements": 63, "percent_covered": 76.19047619047619, "percent_covered_display": "76", "missing_lines": 15, "excluded_lines": 0, "percent_statements_covered": 76.19047619047619, "percent_statements_covered_display": "76"}, "missing_lines": [21, 27, 28, 30, 31, 77, 99, 109, 114, 119, 120, 121, 122, 123, 124], "excluded_lines": []}}}, "app/api/interviews.py": {"executed_lines": [1, 3, 4, 5, 6, 8, 9, 10, 12, 13, 14, 25, 26, 27, 28, 30, 32, 33, 36, 40, 54, 60, 90, 91, 108, 109, 118, 119, 153, 154, 185, 186, 213, 214, 230, 235, 294, 295, 351, 352, 357, 363], "summary": {"covered_lines": 41, "num_statements": 148, "percent_covered": 27.7027027027027, "percent_covered_display": "28", "missing_lines": 107, "excluded_lines": 0, "percent_statements_covered": 27.7027027027027, "percent_statements_covered_display": "28"}, "missing_lines": [37, 43, 48, 49, 50, 51, 69, 79, 82, 83, 85, 86, 87, 99, 100, 101, 103, 104, 105, 115, 129, 130, 131, 136, 137, 138, 139, 140, 141, 146, 147, 148, 149, 150, 165, 168, 169, 174, 176, 177, 182, 195, 196, 197, 199, 200, 201, 202, 203, 204, 205, 208, 210, 220, 221, 222, 226, 227, 243, 246, 247, 253, 259, 260, 261, 267, 277, 278, 280, 281, 282, 285, 287, 291, 302, 305, 310, 313, 314, 315, 316, 318, 321, 322, 323, 324, 346, 348, 354, 374, 380, 382, 383, 389, 394, 397, 404, 405, 408, 409, 410, 411, 417, 418, 420, 421, 422], "excluded_lines": [], "functions": {"_get_time": {"executed_lines": [], "summary": {"covered_lines": 0, "num_statements": 1, "percent_covered": 0.0, "percent_covered_display": "0", "missing_lines": 1, "excluded_lines": 0, "percent_statements_covered": 0.0, "percent_statements_covered_display": "0"}, "missing_lines": [37], "excluded_lines": []}, "_get_interview_for_user": {"executed_lines": [], "summary": {"covered_lines": 0, "num_statements": 5, "percent_covered": 0.0, "percent_covered_display": "0", "missing_lines": 5, "excluded_lines": 0, "percent_statements_covered": 0.0, "percent_statements_covered_display": "0"}, "missing_lines": [43, 48, 49, 50, 51], "excluded_lines": []}, "create_interview": {"executed_lines": [], "summary": {"covered_lines": 0, "num_statements": 7, "percent_covered": 0.0, "percent_covered_display": "0", "missing_lines": 7, "excluded_lines": 0, "percent_statements_covered": 0.0, "percent_statements_covered_display": "0"}, "missing_lines": [69, 79, 82, 83, 85, 86, 87], "excluded_lines": []}, "list_interviews": {"executed_lines": [], "summary": {"covered_lines": 0, "num_statements": 6, "percent_covered": 0.0, "percent_covered_display": "0", "missing_lines": 6, "excluded_lines": 0, "percent_statements_covered": 0.0, "percent_statements_covered_display": "0"}, "missing_lines": [99, 100, 101, 103, 104, 105], "excluded_lines": []}, "get_interview": {"executed_lines": [], "summary": {"covered_lines": 0, "num_statements": 1, "percent_covered": 0.0, "percent_covered_display": "0", "missing_lines": 1, "excluded_lines": 0, "percent_statements_covered": 0.0, "percent_statements_covered_display": "0"}, "missing_lines": [115], "excluded_lines": []}, "start_interview": {"executed_lines": [], "summary": {"covered_lines": 0, "num_statements": 14, "percent_covered": 0.0, "percent_covered_display": "0", "missing_lines": 14, "excluded_lines": 0, "percent_statements_covered": 0.0, "percent_statements_covered_display": "0"}, "missing_lines": [129, 130, 131, 136, 137, 138, 139, 140, 141, 146, 147, 148, 149, 150], "excluded_lines": []}, "get_interview_questions": {"executed_lines": [], "summary": {"covered_lines": 0, "num_statements": 7, "percent_covered": 0.0, "percent_covered_display": "0", "missing_lines": 7, "excluded_lines": 0, "percent_statements_covered": 0.0, "percent_statements_covered_display": "0"}, "missing_lines": [165, 168, 169, 174, 176, 177, 182], "excluded_lines": []}, "end_interview": {"executed_lines": [], "summary": {"covered_lines": 0, "num_statements": 12, "percent_covered": 0.0, "percent_covered_display": "0", "missing_lines": 12, "excluded_lines": 0, "percent_statements_covered": 0.0, "percent_statements_covered_display": "0"}, "missing_lines": [195, 196, 197, 199, 200, 201, 202, 203, 204, 205, 208, 210], "excluded_lines": []}, "cancel_interview": {"executed_lines": [], "summary": {"covered_lines": 0, "num_statements": 5, "percent_covered": 0.0, "percent_covered_display": "0", "missing_lines": 5, "excluded_lines": 0, "percent_statements_covered": 0.0, "percent_statements_covered_display": "0"}, "missing_lines": [220, 221, 222, 226, 227], "excluded_lines": []}, "submit_response": {"executed_lines": [], "summary": {"covered_lines": 0, "num_statements": 16, "percent_covered": 0.0, "percent_covered_display": "0", "missing_lines": 16, "excluded_lines": 0, "percent_statements_covered": 0.0, "percent_statements_covered_display": "0"}, "missing_lines": [243, 246, 247, 253, 259, 260, 261, 267, 277, 278, 280, 281, 282, 285, 287, 291], "excluded_lines": []}, "get_responses": {"executed_lines": [], "summary": {"covered_lines": 0, "num_statements": 14, "percent_covered": 0.0, "percent_covered_display": "0", "missing_lines": 14, "excluded_lines": 0, "percent_statements_covered": 0.0, "percent_statements_covered_display": "0"}, "missing_lines": [302, 305, 310, 313, 314, 315, 316, 318, 321, 322, 323, 324, 346, 348], "excluded_lines": []}, "get_interview_feedback": {"executed_lines": [], "summary": {"covered_lines": 0, "num_statements": 1, "percent_covered": 0.0, "percent_covered_display": "0", "missing_lines": 1, "excluded_lines": 0, "percent_statements_covered": 0.0, "percent_statements_covered_display": "0"}, "missing_lines": [354], "excluded_lines": []}, "create_quick_practice": {"executed_lines": [], "summary": {"covered_lines": 0, "num_statements": 18, "percent_covered": 0.0, "percent_covered_display": "0", "missing_lines": 18, "excluded_lines": 0, "percent_statements_covered": 0.0, "percent_statements_covered_display": "0"}, "missing_lines": [374, 380, 382, 383, 389, 394, 397, 404, 405, 408, 409, 410, 411, 417, 418, 420, 421, 422], "excluded_lines": []}, "": {"executed_lines": [1, 3, 4, 5, 6, 8, 9, 10, 12, 13, 14, 25, 26, 27, 28, 30, 32, 33, 36, 40, 54, 60, 90, 91, 108, 109, 118, 119, 153, 154, 185, 186, 213, 214, 230, 235, 294, 295, 351, 352, 357, 363], "summary": {"covered_lines": 41, "num_statements": 41, "percent_covered": 100.0, "percent_covered_display": "100", "missing_lines": 0, "excluded_lines": 0, "percent_statements_covered": 100.0, "percent_statements_covered_display": "100"}, "missing_lines": [], "excluded_lines": []}}, "classes": {"": {"executed_lines": [1, 3, 4, 5, 6, 8, 9, 10, 12, 13, 14, 25, 26, 27, 28, 30, 32, 33, 36, 40, 54, 60, 90, 91, 108, 109, 118, 119, 153, 154, 185, 186, 213, 214, 230, 235, 294, 295, 351, 352, 357, 363], "summary": {"covered_lines": 41, "num_statements": 148, "percent_covered": 27.7027027027027, "percent_covered_display": "28", "missing_lines": 107, "excluded_lines": 0, "percent_statements_covered": 27.7027027027027, "percent_statements_covered_display": "28"}, "missing_lines": [37, 43, 48, 49, 50, 51, 69, 79, 82, 83, 85, 86, 87, 99, 100, 101, 103, 104, 105, 115, 129, 130, 131, 136, 137, 138, 139, 140, 141, 146, 147, 148, 149, 150, 165, 168, 169, 174, 176, 177, 182, 195, 196, 197, 199, 200, 201, 202, 203, 204, 205, 208, 210, 220, 221, 222, 226, 227, 243, 246, 247, 253, 259, 260, 261, 267, 277, 278, 280, 281, 282, 285, 287, 291, 302, 305, 310, 313, 314, 315, 316, 318, 321, 322, 323, 324, 346, 348, 354, 374, 380, 382, 383, 389, 394, 397, 404, 405, 408, 409, 410, 411, 417, 418, 420, 421, 422], "excluded_lines": []}}}, "app/api/questions.py": {"executed_lines": [1, 3, 5, 6, 7, 8, 10, 11, 12, 13, 15, 18, 19, 44, 45, 70, 71, 82, 83], "summary": {"covered_lines": 18, "num_statements": 53, "percent_covered": 33.9622641509434, "percent_covered_display": "34", "missing_lines": 35, "excluded_lines": 0, "percent_statements_covered": 33.9622641509434, "percent_statements_covered_display": "34"}, "missing_lines": [29, 30, 31, 32, 33, 34, 35, 36, 37, 39, 40, 41, 52, 53, 54, 55, 56, 57, 58, 60, 61, 62, 63, 64, 67, 73, 76, 77, 78, 79, 89, 90, 91, 92, 93], "excluded_lines": [], "functions": {"list_questions": {"executed_lines": [], "summary": {"covered_lines": 0, "num_statements": 12, "percent_covered": 0.0, "percent_covered_display": "0", "missing_lines": 12, "excluded_lines": 0, "percent_statements_covered": 0.0, "percent_statements_covered_display": "0"}, "missing_lines": [29, 30, 31, 32, 33, 34, 35, 36, 37, 39, 40, 41], "excluded_lines": []}, "get_random_question": {"executed_lines": [], "summary": {"covered_lines": 0, "num_statements": 13, "percent_covered": 0.0, "percent_covered_display": "0", "missing_lines": 13, "excluded_lines": 0, "percent_statements_covered": 0.0, "percent_statements_covered_display": "0"}, "missing_lines": [52, 53, 54, 55, 56, 57, 58, 60, 61, 62, 63, 64, 67], "excluded_lines": []}, "get_question": {"executed_lines": [], "summary": {"covered_lines": 0, "num_statements": 5, "percent_covered": 0.0, "percent_covered_display": "0", "missing_lines": 5, "excluded_lines": 0, "percent_statements_covered": 0.0, "percent_statements_covered_display": "0"}, "missing_lines": [73, 76, 77, 78, 79], "excluded_lines": []}, "create_question": {"executed_lines": [], "summary": {"covered_lines": 0, "num_statements": 5, "percent_covered": 0.0, "percent_covered_display": "0", "missing_lines": 5, "excluded_lines": 0, "percent_statements_covered": 0.0, "percent_statements_covered_display": "0"}, "missing_lines": [89, 90, 91, 92, 93], "excluded_lines": []}, "": {"executed_lines": [1, 3, 5, 6, 7, 8, 10, 11, 12, 13, 15, 18, 19, 44, 45, 70, 71, 82, 83], "summary": {"covered_lines": 18, "num_statements": 18, "percent_covered": 100.0, "percent_covered_display": "100", "missing_lines": 0, "excluded_lines": 0, "percent_statements_covered": 100.0, "percent_statements_covered_display": "100"}, "missing_lines": [], "excluded_lines": []}}, "classes": {"": {"executed_lines": [1, 3, 5, 6, 7, 8, 10, 11, 12, 13, 15, 18, 19, 44, 45, 70, 71, 82, 83], "summary": {"covered_lines": 18, "num_statements": 53, "percent_covered": 33.9622641509434, "percent_covered_display": "34", "missing_lines": 35, "excluded_lines": 0, "percent_statements_covered": 33.9622641509434, "percent_statements_covered_display": "34"}, "missing_lines": [29, 30, 31, 32, 33, 34, 35, 36, 37, 39, 40, 41, 52, 53, 54, 55, 56, 57, 58, 60, 61, 62, 63, 64, 67, 73, 76, 77, 78, 79, 89, 90, 91, 92, 93], "excluded_lines": []}}}, "app/api/subscriptions.py": {"executed_lines": [1, 3, 4, 5, 7, 8, 9, 10, 11, 13, 14, 15, 16, 18, 20, 23, 24, 27, 28, 30, 33, 34, 36, 37, 38, 39, 40, 41, 44, 45, 47, 50, 51, 126, 127, 189, 224, 252, 275, 286, 287, 329, 386, 387, 389, 390, 393, 394, 406, 407, 409, 412, 413, 452, 453], "summary": {"covered_lines": 49, "num_statements": 202, "percent_covered": 24.257425742574256, "percent_covered_display": "24", "missing_lines": 153, "excluded_lines": 0, "percent_statements_covered": 24.257425742574256, "percent_statements_covered_display": "24"}, "missing_lines": [69, 70, 75, 77, 78, 79, 84, 85, 86, 89, 94, 95, 101, 116, 118, 119, 120, 141, 142, 147, 148, 150, 151, 152, 153, 156, 157, 162, 163, 164, 165, 166, 167, 168, 169, 171, 173, 174, 175, 181, 183, 184, 186, 191, 192, 194, 195, 196, 199, 200, 201, 202, 203, 206, 207, 208, 209, 210, 212, 213, 214, 216, 220, 221, 226, 227, 229, 230, 233, 234, 235, 236, 238, 239, 241, 242, 243, 245, 249, 254, 256, 257, 260, 261, 262, 263, 266, 267, 268, 269, 271, 272, 277, 281, 283, 303, 304, 305, 306, 307, 310, 311, 312, 315, 316, 317, 319, 336, 337, 340, 347, 348, 354, 355, 356, 357, 360, 361, 362, 365, 366, 367, 369, 373, 374, 377, 378, 379, 380, 381, 382, 383, 400, 426, 427, 432, 433, 438, 439, 443, 444, 445, 446, 466, 467, 472, 474, 480, 481, 483, 485, 486, 487], "excluded_lines": [], "functions": {"create_checkout_session": {"executed_lines": [], "summary": {"covered_lines": 0, "num_statements": 17, "percent_covered": 0.0, "percent_covered_display": "0", "missing_lines": 17, "excluded_lines": 0, "percent_statements_covered": 0.0, "percent_statements_covered_display": "0"}, "missing_lines": [69, 70, 75, 77, 78, 79, 84, 85, 86, 89, 94, 95, 101, 116, 118, 119, 120], "excluded_lines": []}, "stripe_webhook": {"executed_lines": [], "summary": {"covered_lines": 0, "num_statements": 26, "percent_covered": 0.0, "percent_covered_display": "0", "missing_lines": 26, "excluded_lines": 0, "percent_statements_covered": 0.0, "percent_statements_covered_display": "0"}, "missing_lines": [141, 142, 147, 148, 150, 151, 152, 153, 156, 157, 162, 163, 164, 165, 166, 167, 168, 169, 171, 173, 174, 175, 181, 183, 184, 186], "excluded_lines": []}, "_handle_checkout_completed": {"executed_lines": [], "summary": {"covered_lines": 0, "num_statements": 21, "percent_covered": 0.0, "percent_covered_display": "0", "missing_lines": 21, "excluded_lines": 0, "percent_statements_covered": 0.0, "percent_statements_covered_display": "0"}, "missing_lines": [191, 192, 194, 195, 196, 199, 200, 201, 202, 203, 206, 207, 208, 209, 210, 212, 213, 214, 216, 220, 221], "excluded_lines": []}, "_handle_subscription_updated": {"executed_lines": [], "summary": {"covered_lines": 0, "num_statements": 15, "percent_covered": 0.0, "percent_covered_display": "0", "missing_lines": 15, "excluded_lines": 0, "percent_statements_covered": 0.0, "percent_statements_covered_display": "0"}, "missing_lines": [226, 227, 229, 230, 233, 234, 235, 236, 238, 239, 241, 242, 243, 245, 249], "excluded_lines": []}, "_handle_subscription_deleted": {"executed_lines": [], "summary": {"covered_lines": 0, "num_statements": 13, "percent_covered": 0.0, "percent_covered_display": "0", "missing_lines": 13, "excluded_lines": 0, "percent_statements_covered": 0.0, "percent_statements_covered_display": "0"}, "missing_lines": [254, 256, 257, 260, 261, 262, 263, 266, 267, 268, 269, 271, 272], "excluded_lines": []}, "_get_tier_from_price": {"executed_lines": [], "summary": {"covered_lines": 0, "num_statements": 3, "percent_covered": 0.0, "percent_covered_display": "0", "missing_lines": 3, "excluded_lines": 0, "percent_statements_covered": 0.0, "percent_statements_covered_display": "0"}, "missing_lines": [277, 281, 283], "excluded_lines": []}, "get_subscription_status": {"executed_lines": [], "summary": {"covered_lines": 0, "num_statements": 12, "percent_covered": 0.0, "percent_covered_display": "0", "missing_lines": 12, "excluded_lines": 0, "percent_statements_covered": 0.0, "percent_statements_covered_display": "0"}, "missing_lines": [303, 304, 305, 306, 307, 310, 311, 312, 315, 316, 317, 319], "excluded_lines": []}, "_sync_subscription_from_stripe": {"executed_lines": [], "summary": {"covered_lines": 0, "num_statements": 25, "percent_covered": 0.0, "percent_covered_display": "0", "missing_lines": 25, "excluded_lines": 0, "percent_statements_covered": 0.0, "percent_statements_covered_display": "0"}, "missing_lines": [336, 337, 340, 347, 348, 354, 355, 356, 357, 360, 361, 362, 365, 366, 367, 369, 373, 374, 377, 378, 379, 380, 381, 382, 383], "excluded_lines": []}, "get_pricing_config": {"executed_lines": [], "summary": {"covered_lines": 0, "num_statements": 1, "percent_covered": 0.0, "percent_covered_display": "0", "missing_lines": 1, "excluded_lines": 0, "percent_statements_covered": 0.0, "percent_statements_covered_display": "0"}, "missing_lines": [400], "excluded_lines": []}, "create_portal_session": {"executed_lines": [], "summary": {"covered_lines": 0, "num_statements": 10, "percent_covered": 0.0, "percent_covered_display": "0", "missing_lines": 10, "excluded_lines": 0, "percent_statements_covered": 0.0, "percent_statements_covered_display": "0"}, "missing_lines": [426, 427, 432, 433, 438, 439, 443, 444, 445, 446], "excluded_lines": []}, "cancel_subscription": {"executed_lines": [], "summary": {"covered_lines": 0, "num_statements": 10, "percent_covered": 0.0, "percent_covered_display": "0", "missing_lines": 10, "excluded_lines": 0, "percent_statements_covered": 0.0, "percent_statements_covered_display": "0"}, "missing_lines": [466, 467, 472, 474, 480, 481, 483, 485, 486, 487], "excluded_lines": []}, "": {"executed_lines": [1, 3, 4, 5, 7, 8, 9, 10, 11, 13, 14, 15, 16, 18, 20, 23, 24, 27, 28, 30, 33, 34, 36, 37, 38, 39, 40, 41, 44, 45, 47, 50, 51, 126, 127, 189, 224, 252, 275, 286, 287, 329, 386, 387, 389, 390, 393, 394, 406, 407, 409, 412, 413, 452, 453], "summary": {"covered_lines": 49, "num_statements": 49, "percent_covered": 100.0, "percent_covered_display": "100", "missing_lines": 0, "excluded_lines": 0, "percent_statements_covered": 100.0, "percent_statements_covered_display": "100"}, "missing_lines": [], "excluded_lines": []}}, "classes": {"CheckoutSessionResponse": {"executed_lines": [], "summary": {"covered_lines": 0, "num_statements": 0, "percent_covered": 100.0, "percent_covered_display": "100", "missing_lines": 0, "excluded_lines": 0, "percent_statements_covered": 100.0, "percent_statements_covered_display": "100"}, "missing_lines": [], "excluded_lines": []}, "SubscriptionStatus": {"executed_lines": [], "summary": {"covered_lines": 0, "num_statements": 0, "percent_covered": 100.0, "percent_covered_display": "100", "missing_lines": 0, "excluded_lines": 0, "percent_statements_covered": 100.0, "percent_statements_covered_display": "100"}, "missing_lines": [], "excluded_lines": []}, "CheckoutRequest": {"executed_lines": [], "summary": {"covered_lines": 0, "num_statements": 0, "percent_covered": 100.0, "percent_covered_display": "100", "missing_lines": 0, "excluded_lines": 0, "percent_statements_covered": 100.0, "percent_statements_covered_display": "100"}, "missing_lines": [], "excluded_lines": []}, "PricingConfig": {"executed_lines": [], "summary": {"covered_lines": 0, "num_statements": 0, "percent_covered": 100.0, "percent_covered_display": "100", "missing_lines": 0, "excluded_lines": 0, "percent_statements_covered": 100.0, "percent_statements_covered_display": "100"}, "missing_lines": [], "excluded_lines": []}, "PortalSessionResponse": {"executed_lines": [], "summary": {"covered_lines": 0, "num_statements": 0, "percent_covered": 100.0, "percent_covered_display": "100", "missing_lines": 0, "excluded_lines": 0, "percent_statements_covered": 100.0, "percent_statements_covered_display": "100"}, "missing_lines": [], "excluded_lines": []}, "": {"executed_lines": [1, 3, 4, 5, 7, 8, 9, 10, 11, 13, 14, 15, 16, 18, 20, 23, 24, 27, 28, 30, 33, 34, 36, 37, 38, 39, 40, 41, 44, 45, 47, 50, 51, 126, 127, 189, 224, 252, 275, 286, 287, 329, 386, 387, 389, 390, 393, 394, 406, 407, 409, 412, 413, 452, 453], "summary": {"covered_lines": 49, "num_statements": 202, "percent_covered": 24.257425742574256, "percent_covered_display": "24", "missing_lines": 153, "excluded_lines": 0, "percent_statements_covered": 24.257425742574256, "percent_statements_covered_display": "24"}, "missing_lines": [69, 70, 75, 77, 78, 79, 84, 85, 86, 89, 94, 95, 101, 116, 118, 119, 120, 141, 142, 147, 148, 150, 151, 152, 153, 156, 157, 162, 163, 164, 165, 166, 167, 168, 169, 171, 173, 174, 175, 181, 183, 184, 186, 191, 192, 194, 195, 196, 199, 200, 201, 202, 203, 206, 207, 208, 209, 210, 212, 213, 214, 216, 220, 221, 226, 227, 229, 230, 233, 234, 235, 236, 238, 239, 241, 242, 243, 245, 249, 254, 256, 257, 260, 261, 262, 263, 266, 267, 268, 269, 271, 272, 277, 281, 283, 303, 304, 305, 306, 307, 310, 311, 312, 315, 316, 317, 319, 336, 337, 340, 347, 348, 354, 355, 356, 357, 360, 361, 362, 365, 366, 367, 369, 373, 374, 377, 378, 379, 380, 381, 382, 383, 400, 426, 427, 432, 433, 438, 439, 443, 444, 445, 446, 466, 467, 472, 474, 480, 481, 483, 485, 486, 487], "excluded_lines": []}}}, "app/api/transcription.py": {"executed_lines": [1, 3, 4, 5, 7, 8, 10, 11, 12, 14, 16, 19, 20, 22, 23, 24, 25, 26, 29, 30, 32, 33, 36, 45, 151, 152], "summary": {"covered_lines": 23, "num_statements": 55, "percent_covered": 41.81818181818182, "percent_covered_display": "42", "missing_lines": 32, "excluded_lines": 0, "percent_statements_covered": 41.81818181818182, "percent_statements_covered_display": "42"}, "missing_lines": [64, 65, 71, 83, 84, 85, 89, 92, 93, 94, 100, 101, 102, 103, 104, 107, 108, 115, 116, 117, 119, 127, 128, 132, 133, 137, 138, 139, 145, 147, 148, 154], "excluded_lines": [], "functions": {"transcribe_audio": {"executed_lines": [], "summary": {"covered_lines": 0, "num_statements": 31, "percent_covered": 0.0, "percent_covered_display": "0", "missing_lines": 31, "excluded_lines": 0, "percent_statements_covered": 0.0, "percent_statements_covered_display": "0"}, "missing_lines": [64, 65, 71, 83, 84, 85, 89, 92, 93, 94, 100, 101, 102, 103, 104, 107, 108, 115, 116, 117, 119, 127, 128, 132, 133, 137, 138, 139, 145, 147, 148], "excluded_lines": []}, "get_supported_formats": {"executed_lines": [], "summary": {"covered_lines": 0, "num_statements": 1, "percent_covered": 0.0, "percent_covered_display": "0", "missing_lines": 1, "excluded_lines": 0, "percent_statements_covered": 0.0, "percent_statements_covered_display": "0"}, "missing_lines": [154], "excluded_lines": []}, "": {"executed_lines": [1, 3, 4, 5, 7, 8, 10, 11, 12, 14, 16, 19, 20, 22, 23, 24, 25, 26, 29, 30, 32, 33, 36, 45, 151, 152], "summary": {"covered_lines": 23, "num_statements": 23, "percent_covered": 100.0, "percent_covered_display": "100", "missing_lines": 0, "excluded_lines": 0, "percent_statements_covered": 100.0, "percent_statements_covered_display": "100"}, "missing_lines": [], "excluded_lines": []}}, "classes": {"TranscriptionResponse": {"executed_lines": [], "summary": {"covered_lines": 0, "num_statements": 0, "percent_covered": 100.0, "percent_covered_display": "100", "missing_lines": 0, "excluded_lines": 0, "percent_statements_covered": 100.0, "percent_statements_covered_display": "100"}, "missing_lines": [], "excluded_lines": []}, "TranscriptionError": {"executed_lines": [], "summary": {"covered_lines": 0, "num_statements": 0, "percent_covered": 100.0, "percent_covered_display": "100", "missing_lines": 0, "excluded_lines": 0, "percent_statements_covered": 100.0, "percent_statements_covered_display": "100"}, "missing_lines": [], "excluded_lines": []}, "": {"executed_lines": [1, 3, 4, 5, 7, 8, 10, 11, 12, 14, 16, 19, 20, 22, 23, 24, 25, 26, 29, 30, 32, 33, 36, 45, 151, 152], "summary": {"covered_lines": 23, "num_statements": 55, "percent_covered": 41.81818181818182, "percent_covered_display": "42", "missing_lines": 32, "excluded_lines": 0, "percent_statements_covered": 41.81818181818182, "percent_statements_covered_display": "42"}, "missing_lines": [64, 65, 71, 83, 84, 85, 89, 92, 93, 94, 100, 101, 102, 103, 104, 107, 108, 115, 116, 117, 119, 127, 128, 132, 133, 137, 138, 139, 145, 147, 148, 154], "excluded_lines": []}}}, "app/api/upload.py": {"executed_lines": [1, 3, 5, 6, 8, 9, 10, 11, 13, 14, 15, 16, 18, 21, 22, 25, 26, 29, 30, 32, 33, 34, 37, 38], "summary": {"covered_lines": 22, "num_statements": 42, "percent_covered": 52.38095238095238, "percent_covered_display": "52", "missing_lines": 20, "excluded_lines": 0, "percent_statements_covered": 52.38095238095238, "percent_statements_covered_display": "52"}, "missing_lines": [53, 54, 55, 61, 67, 68, 69, 75, 76, 78, 79, 84, 85, 91, 92, 93, 96, 97, 101, 103], "excluded_lines": [], "functions": {"upload_audio": {"executed_lines": [], "summary": {"covered_lines": 0, "num_statements": 20, "percent_covered": 0.0, "percent_covered_display": "0", "missing_lines": 20, "excluded_lines": 0, "percent_statements_covered": 0.0, "percent_statements_covered_display": "0"}, "missing_lines": [53, 54, 55, 61, 67, 68, 69, 75, 76, 78, 79, 84, 85, 91, 92, 93, 96, 97, 101, 103], "excluded_lines": []}, "": {"executed_lines": [1, 3, 5, 6, 8, 9, 10, 11, 13, 14, 15, 16, 18, 21, 22, 25, 26, 29, 30, 32, 33, 34, 37, 38], "summary": {"covered_lines": 22, "num_statements": 22, "percent_covered": 100.0, "percent_covered_display": "100", "missing_lines": 0, "excluded_lines": 0, "percent_statements_covered": 100.0, "percent_statements_covered_display": "100"}, "missing_lines": [], "excluded_lines": []}}, "classes": {"AudioUploadResponse": {"executed_lines": [], "summary": {"covered_lines": 0, "num_statements": 0, "percent_covered": 100.0, "percent_covered_display": "100", "missing_lines": 0, "excluded_lines": 0, "percent_statements_covered": 100.0, "percent_statements_covered_display": "100"}, "missing_lines": [], "excluded_lines": []}, "": {"executed_lines": [1, 3, 5, 6, 8, 9, 10, 11, 13, 14, 15, 16, 18, 21, 22, 25, 26, 29, 30, 32, 33, 34, 37, 38], "summary": {"covered_lines": 22, "num_statements": 42, "percent_covered": 52.38095238095238, "percent_covered_display": "52", "missing_lines": 20, "excluded_lines": 0, "percent_statements_covered": 52.38095238095238, "percent_statements_covered_display": "52"}, "missing_lines": [53, 54, 55, 61, 67, 68, 69, 75, 76, 78, 79, 84, 85, 91, 92, 93, 96, 97, 101, 103], "excluded_lines": []}}}, "app/api/users.py": {"executed_lines": [1, 3, 4, 5, 7, 8, 9, 19, 20, 22, 25, 26, 46, 47, 66, 67, 72, 73, 105, 106, 128, 129, 152, 153, 197, 198, 259, 260], "summary": {"covered_lines": 27, "num_statements": 110, "percent_covered": 24.545454545454547, "percent_covered_display": "25", "missing_lines": 83, "excluded_lines": 0, "percent_statements_covered": 24.545454545454547, "percent_statements_covered_display": "25"}, "missing_lines": [28, 29, 30, 34, 40, 41, 42, 43, 49, 50, 51, 52, 55, 58, 59, 60, 61, 63, 69, 83, 84, 87, 88, 91, 93, 94, 95, 98, 100, 101, 102, 116, 117, 122, 123, 125, 137, 140, 141, 142, 145, 146, 147, 149, 166, 169, 172, 174, 175, 180, 183, 184, 187, 189, 211, 212, 215, 224, 227, 228, 231, 234, 235, 236, 237, 238, 248, 249, 251, 281, 284, 294, 296, 297, 305, 306, 309, 310, 311, 312, 313, 314, 316], "excluded_lines": [], "functions": {"register_user": {"executed_lines": [], "summary": {"covered_lines": 0, "num_statements": 8, "percent_covered": 0.0, "percent_covered_display": "0", "missing_lines": 8, "excluded_lines": 0, "percent_statements_covered": 0.0, "percent_statements_covered_display": "0"}, "missing_lines": [28, 29, 30, 34, 40, 41, 42, 43], "excluded_lines": []}, "login": {"executed_lines": [], "summary": {"covered_lines": 0, "num_statements": 10, "percent_covered": 0.0, "percent_covered_display": "0", "missing_lines": 10, "excluded_lines": 0, "percent_statements_covered": 0.0, "percent_statements_covered_display": "0"}, "missing_lines": [49, 50, 51, 52, 55, 58, 59, 60, 61, 63], "excluded_lines": []}, "get_me": {"executed_lines": [], "summary": {"covered_lines": 0, "num_statements": 1, "percent_covered": 0.0, "percent_covered_display": "0", "missing_lines": 1, "excluded_lines": 0, "percent_statements_covered": 0.0, "percent_statements_covered_display": "0"}, "missing_lines": [69], "excluded_lines": []}, "update_profile": {"executed_lines": [], "summary": {"covered_lines": 0, "num_statements": 12, "percent_covered": 0.0, "percent_covered_display": "0", "missing_lines": 12, "excluded_lines": 0, "percent_statements_covered": 0.0, "percent_statements_covered_display": "0"}, "missing_lines": [83, 84, 87, 88, 91, 93, 94, 95, 98, 100, 101, 102], "excluded_lines": []}, "change_password": {"executed_lines": [], "summary": {"covered_lines": 0, "num_statements": 5, "percent_covered": 0.0, "percent_covered_display": "0", "missing_lines": 5, "excluded_lines": 0, "percent_statements_covered": 0.0, "percent_statements_covered_display": "0"}, "missing_lines": [116, 117, 122, 123, 125], "excluded_lines": []}, "delete_account": {"executed_lines": [], "summary": {"covered_lines": 0, "num_statements": 8, "percent_covered": 0.0, "percent_covered_display": "0", "missing_lines": 8, "excluded_lines": 0, "percent_statements_covered": 0.0, "percent_statements_covered_display": "0"}, "missing_lines": [137, 140, 141, 142, 145, 146, 147, 149], "excluded_lines": []}, "get_my_stats": {"executed_lines": [], "summary": {"covered_lines": 0, "num_statements": 10, "percent_covered": 0.0, "percent_covered_display": "0", "missing_lines": 10, "excluded_lines": 0, "percent_statements_covered": 0.0, "percent_statements_covered_display": "0"}, "missing_lines": [166, 169, 172, 174, 175, 180, 183, 184, 187, 189], "excluded_lines": []}, "get_my_progress": {"executed_lines": [], "summary": {"covered_lines": 0, "num_statements": 15, "percent_covered": 0.0, "percent_covered_display": "0", "missing_lines": 15, "excluded_lines": 0, "percent_statements_covered": 0.0, "percent_statements_covered_display": "0"}, "missing_lines": [211, 212, 215, 224, 227, 228, 231, 234, 235, 236, 237, 238, 248, 249, 251], "excluded_lines": []}, "get_readiness_score": {"executed_lines": [], "summary": {"covered_lines": 0, "num_statements": 14, "percent_covered": 0.0, "percent_covered_display": "0", "missing_lines": 14, "excluded_lines": 0, "percent_statements_covered": 0.0, "percent_statements_covered_display": "0"}, "missing_lines": [281, 284, 294, 296, 297, 305, 306, 309, 310, 311, 312, 313, 314, 316], "excluded_lines": []}, "": {"executed_lines": [1, 3, 4, 5, 7, 8, 9, 19, 20, 22, 25, 26, 46, 47, 66, 67, 72, 73, 105, 106, 128, 129, 152, 153, 197, 198, 259, 260], "summary": {"covered_lines": 27, "num_statements": 27, "percent_covered": 100.0, "percent_covered_display": "100", "missing_lines": 0, "excluded_lines": 0, "percent_statements_covered": 100.0, "percent_statements_covered_display": "100"}, "missing_lines": [], "excluded_lines": []}}, "classes": {"": {"executed_lines": [1, 3, 4, 5, 7, 8, 9, 19, 20, 22, 25, 26, 46, 47, 66, 67, 72, 73, 105, 106, 128, 129, 152, 153, 197, 198, 259, 260], "summary": {"covered_lines": 27, "num_statements": 110, "percent_covered": 24.545454545454547, "percent_covered_display": "25", "missing_lines": 83, "excluded_lines": 0, "percent_statements_covered": 24.545454545454547, "percent_statements_covered_display": "25"}, "missing_lines": [28, 29, 30, 34, 40, 41, 42, 43, 49, 50, 51, 52, 55, 58, 59, 60, 61, 63, 69, 83, 84, 87, 88, 91, 93, 94, 95, 98, 100, 101, 102, 116, 117, 122, 123, 125, 137, 140, 141, 142, 145, 146, 147, 149, 166, 169, 172, 174, 175, 180, 183, 184, 187, 189, 211, 212, 215, 224, 227, 228, 231, 234, 235, 236, 237, 238, 248, 249, 251, 281, 284, 294, 296, 297, 305, 306, 309, 310, 311, 312, 313, 314, 316], "excluded_lines": []}}}, "app/config.py": {"executed_lines": [1, 3, 5, 8, 9, 11, 18, 19, 20, 23, 26, 29, 30, 31, 34, 35, 36, 37, 40, 41, 44, 45, 46, 47, 50, 53, 54, 57, 60, 61, 62, 63, 64, 67, 70, 72, 73, 77, 83, 85, 87, 90, 93, 96, 97, 98, 99, 102, 103, 108, 109, 115, 116, 118, 121], "summary": {"covered_lines": 53, "num_statements": 54, "percent_covered": 98.14814814814815, "percent_covered_display": "98", "missing_lines": 1, "excluded_lines": 0, "percent_statements_covered": 98.14814814814815, "percent_statements_covered_display": "98"}, "missing_lines": [75], "excluded_lines": [], "functions": {"Settings.async_database_url": {"executed_lines": [], "summary": {"covered_lines": 0, "num_statements": 1, "percent_covered": 0.0, "percent_covered_display": "0", "missing_lines": 1, "excluded_lines": 0, "percent_statements_covered": 0.0, "percent_statements_covered_display": "0"}, "missing_lines": [75], "excluded_lines": []}, "Settings.validate_for_production": {"executed_lines": [83, 85, 87, 90, 93, 96, 97, 98, 99, 102, 103, 108, 109], "summary": {"covered_lines": 13, "num_statements": 13, "percent_covered": 100.0, "percent_covered_display": "100", "missing_lines": 0, "excluded_lines": 0, "percent_statements_covered": 100.0, "percent_statements_covered_display": "100"}, "missing_lines": [], "excluded_lines": []}, "get_settings": {"executed_lines": [118], "summary": {"covered_lines": 1, "num_statements": 1, "percent_covered": 100.0, "percent_covered_display": "100", "missing_lines": 0, "excluded_lines": 0, "percent_statements_covered": 100.0, "percent_statements_covered_display": "100"}, "missing_lines": [], "excluded_lines": []}, "": {"executed_lines": [1, 3, 5, 8, 9, 11, 18, 19, 20, 23, 26, 29, 30, 31, 34, 35, 36, 37, 40, 41, 44, 45, 46, 47, 50, 53, 54, 57, 60, 61, 62, 63, 64, 67, 70, 72, 73, 77, 115, 116, 121], "summary": {"covered_lines": 39, "num_statements": 39, "percent_covered": 100.0, "percent_covered_display": "100", "missing_lines": 0, "excluded_lines": 0, "percent_statements_covered": 100.0, "percent_statements_covered_display": "100"}, "missing_lines": [], "excluded_lines": []}}, "classes": {"Settings": {"executed_lines": [83, 85, 87, 90, 93, 96, 97, 98, 99, 102, 103, 108, 109], "summary": {"covered_lines": 13, "num_statements": 14, "percent_covered": 92.85714285714286, "percent_covered_display": "93", "missing_lines": 1, "excluded_lines": 0, "percent_statements_covered": 92.85714285714286, "percent_statements_covered_display": "93"}, "missing_lines": [75], "excluded_lines": []}, "": {"executed_lines": [1, 3, 5, 8, 9, 11, 18, 19, 20, 23, 26, 29, 30, 31, 34, 35, 36, 37, 40, 41, 44, 45, 46, 47, 50, 53, 54, 57, 60, 61, 62, 63, 64, 67, 70, 72, 73, 77, 115, 116, 118, 121], "summary": {"covered_lines": 40, "num_statements": 40, "percent_covered": 100.0, "percent_covered_display": "100", "missing_lines": 0, "excluded_lines": 0, "percent_statements_covered": 100.0, "percent_statements_covered_display": "100"}, "missing_lines": [], "excluded_lines": []}}}, "app/data/seed_questions.py": {"executed_lines": [1, 3, 5, 2077], "summary": {"covered_lines": 3, "num_statements": 9, "percent_covered": 33.333333333333336, "percent_covered_display": "33", "missing_lines": 6, "excluded_lines": 0, "percent_statements_covered": 33.333333333333336, "percent_statements_covered_display": "33"}, "missing_lines": [2079, 2081, 2082, 2083, 2084, 2085], "excluded_lines": [], "functions": {"seed_questions": {"executed_lines": [], "summary": {"covered_lines": 0, "num_statements": 6, "percent_covered": 0.0, "percent_covered_display": "0", "missing_lines": 6, "excluded_lines": 0, "percent_statements_covered": 0.0, "percent_statements_covered_display": "0"}, "missing_lines": [2079, 2081, 2082, 2083, 2084, 2085], "excluded_lines": []}, "": {"executed_lines": [1, 3, 5, 2077], "summary": {"covered_lines": 3, "num_statements": 3, "percent_covered": 100.0, "percent_covered_display": "100", "missing_lines": 0, "excluded_lines": 0, "percent_statements_covered": 100.0, "percent_statements_covered_display": "100"}, "missing_lines": [], "excluded_lines": []}}, "classes": {"": {"executed_lines": [1, 3, 5, 2077], "summary": {"covered_lines": 3, "num_statements": 9, "percent_covered": 33.333333333333336, "percent_covered_display": "33", "missing_lines": 6, "excluded_lines": 0, "percent_statements_covered": 33.333333333333336, "percent_statements_covered_display": "33"}, "missing_lines": [2079, 2081, 2082, 2083, 2084, 2085], "excluded_lines": []}}}, "app/db.py": {"executed_lines": [1, 3, 5, 6, 7, 8, 10, 12, 18, 21, 27, 33, 39, 40, 42, 45, 46, 49, 105], "summary": {"covered_lines": 17, "num_statements": 24, "percent_covered": 70.83333333333333, "percent_covered_display": "71", "missing_lines": 7, "excluded_lines": 0, "percent_statements_covered": 70.83333333333333, "percent_statements_covered_display": "71"}, "missing_lines": [23, 24, 29, 30, 43, 44, 51], "excluded_lines": [], "functions": {"get_session": {"executed_lines": [], "summary": {"covered_lines": 0, "num_statements": 2, "percent_covered": 0.0, "percent_covered_display": "0", "missing_lines": 2, "excluded_lines": 0, "percent_statements_covered": 0.0, "percent_statements_covered_display": "0"}, "missing_lines": [23, 24], "excluded_lines": []}, "init_db": {"executed_lines": [], "summary": {"covered_lines": 0, "num_statements": 2, "percent_covered": 0.0, "percent_covered_display": "0", "missing_lines": 2, "excluded_lines": 0, "percent_statements_covered": 0.0, "percent_statements_covered_display": "0"}, "missing_lines": [29, 30], "excluded_lines": []}, "check_db_connection": {"executed_lines": [39, 40, 42, 45, 46], "summary": {"covered_lines": 5, "num_statements": 7, "percent_covered": 71.42857142857143, "percent_covered_display": "71", "missing_lines": 2, "excluded_lines": 0, "percent_statements_covered": 71.42857142857143, "percent_statements_covered_display": "71"}, "missing_lines": [43, 44], "excluded_lines": []}, "close_db_connections": {"executed_lines": [], "summary": {"covered_lines": 0, "num_statements": 1, "percent_covered": 0.0, "percent_covered_display": "0", "missing_lines": 1, "excluded_lines": 0, "percent_statements_covered": 0.0, "percent_statements_covered_display": "0"}, "missing_lines": [51], "excluded_lines": []}, "": {"executed_lines": [1, 3, 5, 6, 7, 8, 10, 12, 18, 21, 27, 33, 49], "summary": {"covered_lines": 12, "num_statements": 12, "percent_covered": 100.0, "percent_covered_display": "100", "missing_lines": 0, "excluded_lines": 0, "percent_statements_covered": 100.0, "percent_statements_covered_display": "100"}, "missing_lines": [], "excluded_lines": []}}, "classes": {"": {"executed_lines": [1, 3, 5, 6, 7, 8, 10, 12, 18, 21, 27, 33, 39, 40, 42, 45, 46, 49], "summary": {"covered_lines": 17, "num_statements": 24, "percent_covered": 70.83333333333333, "percent_covered_display": "71", "missing_lines": 7, "excluded_lines": 0, "percent_statements_covered": 70.83333333333333, "percent_statements_covered_display": "71"}, "missing_lines": [23, 24, 29, 30, 43, 44, 51], "excluded_lines": []}}}, "app/dependencies.py": {"executed_lines": [1, 3, 5, 6, 7, 8, 9, 11, 12, 13, 15, 18, 42], "summary": {"covered_lines": 12, "num_statements": 33, "percent_covered": 36.36363636363637, "percent_covered_display": "36", "missing_lines": 21, "excluded_lines": 0, "percent_statements_covered": 36.36363636363637, "percent_statements_covered_display": "36"}, "missing_lines": [22, 27, 28, 29, 30, 31, 32, 33, 35, 36, 37, 38, 39, 62, 64, 67, 75, 76, 79, 83, 88], "excluded_lines": [], "functions": {"get_current_user": {"executed_lines": [], "summary": {"covered_lines": 0, "num_statements": 13, "percent_covered": 0.0, "percent_covered_display": "0", "missing_lines": 13, "excluded_lines": 0, "percent_statements_covered": 0.0, "percent_statements_covered_display": "0"}, "missing_lines": [22, 27, 28, 29, 30, 31, 32, 33, 35, 36, 37, 38, 39], "excluded_lines": []}, "check_interview_quota": {"executed_lines": [], "summary": {"covered_lines": 0, "num_statements": 8, "percent_covered": 0.0, "percent_covered_display": "0", "missing_lines": 8, "excluded_lines": 0, "percent_statements_covered": 0.0, "percent_statements_covered_display": "0"}, "missing_lines": [62, 64, 67, 75, 76, 79, 83, 88], "excluded_lines": []}, "": {"executed_lines": [1, 3, 5, 6, 7, 8, 9, 11, 12, 13, 15, 18, 42], "summary": {"covered_lines": 12, "num_statements": 12, "percent_covered": 100.0, "percent_covered_display": "100", "missing_lines": 0, "excluded_lines": 0, "percent_statements_covered": 100.0, "percent_statements_covered_display": "100"}, "missing_lines": [], "excluded_lines": []}}, "classes": {"": {"executed_lines": [1, 3, 5, 6, 7, 8, 9, 11, 12, 13, 15, 18, 42], "summary": {"covered_lines": 12, "num_statements": 33, "percent_covered": 36.36363636363637, "percent_covered_display": "36", "missing_lines": 21, "excluded_lines": 0, "percent_statements_covered": 36.36363636363637, "percent_statements_covered_display": "36"}, "missing_lines": [22, 27, 28, 29, 30, 31, 32, 33, 35, 36, 37, 38, 39, 62, 64, 67, 75, 76, 79, 83, 88], "excluded_lines": []}}}, "app/main.py": {"executed_lines": [1, 3, 4, 5, 6, 7, 8, 10, 11, 12, 13, 15, 26, 27, 28, 29, 32, 57, 58, 60, 61, 62, 65, 67, 68, 69, 70, 72, 74, 75, 76, 77, 79, 82, 110, 111, 191, 201, 204, 213, 224, 225, 226, 227, 228, 229, 230, 231, 232, 235, 236, 237, 240, 241, 243], "summary": {"covered_lines": 53, "num_statements": 116, "percent_covered": 45.689655172413794, "percent_covered_display": "46", "missing_lines": 63, "excluded_lines": 0, "percent_statements_covered": 45.689655172413794, "percent_statements_covered_display": "46"}, "missing_lines": [37, 38, 44, 51, 52, 87, 88, 89, 90, 91, 92, 94, 103, 104, 105, 114, 115, 118, 119, 120, 121, 122, 123, 126, 129, 132, 133, 134, 136, 137, 138, 141, 142, 144, 145, 146, 147, 148, 149, 150, 151, 155, 156, 157, 159, 161, 162, 164, 167, 168, 169, 171, 173, 174, 176, 179, 180, 181, 183, 186, 187, 188, 214], "excluded_lines": [], "functions": {"configure_logging": {"executed_lines": [], "summary": {"covered_lines": 0, "num_statements": 5, "percent_covered": 0.0, "percent_covered_display": "0", "missing_lines": 5, "excluded_lines": 0, "percent_statements_covered": 0.0, "percent_statements_covered_display": "0"}, "missing_lines": [37, 38, 44, 51, 52], "excluded_lines": []}, "CorrelationIDMiddleware.dispatch": {"executed_lines": [61, 62, 65, 67, 72, 74, 75, 76, 77, 79], "summary": {"covered_lines": 10, "num_statements": 10, "percent_covered": 100.0, "percent_covered_display": "100", "missing_lines": 0, "excluded_lines": 0, "percent_statements_covered": 100.0, "percent_statements_covered_display": "100"}, "missing_lines": [], "excluded_lines": []}, "CorrelationIDMiddleware.dispatch.record_factory": {"executed_lines": [68, 69, 70], "summary": {"covered_lines": 3, "num_statements": 3, "percent_covered": 100.0, "percent_covered_display": "100", "missing_lines": 0, "excluded_lines": 0, "percent_statements_covered": 100.0, "percent_statements_covered_display": "100"}, "missing_lines": [], "excluded_lines": []}, "init_error_monitoring": {"executed_lines": [], "summary": {"covered_lines": 0, "num_statements": 10, "percent_covered": 0.0, "percent_covered_display": "0", "missing_lines": 10, "excluded_lines": 0, "percent_statements_covered": 0.0, "percent_statements_covered_display": "0"}, "missing_lines": [87, 88, 89, 90, 91, 92, 94, 103, 104, 105], "excluded_lines": []}, "lifespan": {"executed_lines": [], "summary": {"covered_lines": 0, "num_statements": 47, "percent_covered": 0.0, "percent_covered_display": "0", "missing_lines": 47, "excluded_lines": 0, "percent_statements_covered": 0.0, "percent_statements_covered_display": "0"}, "missing_lines": [114, 115, 118, 119, 120, 121, 122, 123, 126, 129, 132, 133, 134, 136, 137, 138, 141, 142, 144, 145, 146, 147, 148, 149, 150, 151, 155, 156, 157, 159, 161, 162, 164, 167, 168, 169, 171, 173, 174, 176, 179, 180, 181, 183, 186, 187, 188], "excluded_lines": []}, "root": {"executed_lines": [243], "summary": {"covered_lines": 1, "num_statements": 1, "percent_covered": 100.0, "percent_covered_display": "100", "missing_lines": 0, "excluded_lines": 0, "percent_statements_covered": 100.0, "percent_statements_covered_display": "100"}, "missing_lines": [], "excluded_lines": []}, "": {"executed_lines": [1, 3, 4, 5, 6, 7, 8, 10, 11, 12, 13, 15, 26, 27, 28, 29, 32, 57, 58, 60, 82, 110, 111, 191, 201, 204, 213, 224, 225, 226, 227, 228, 229, 230, 231, 232, 235, 236, 237, 240, 241], "summary": {"covered_lines": 39, "num_statements": 40, "percent_covered": 97.5, "percent_covered_display": "98", "missing_lines": 1, "excluded_lines": 0, "percent_statements_covered": 97.5, "percent_statements_covered_display": "98"}, "missing_lines": [214], "excluded_lines": []}}, "classes": {"CorrelationIDMiddleware": {"executed_lines": [61, 62, 65, 67, 68, 69, 70, 72, 74, 75, 76, 77, 79], "summary": {"covered_lines": 13, "num_statements": 13, "percent_covered": 100.0, "percent_covered_display": "100", "missing_lines": 0, "excluded_lines": 0, "percent_statements_covered": 100.0, "percent_statements_covered_display": "100"}, "missing_lines": [], "excluded_lines": []}, "": {"executed_lines": [1, 3, 4, 5, 6, 7, 8, 10, 11, 12, 13, 15, 26, 27, 28, 29, 32, 57, 58, 60, 82, 110, 111, 191, 201, 204, 213, 224, 225, 226, 227, 228, 229, 230, 231, 232, 235, 236, 237, 240, 241, 243], "summary": {"covered_lines": 40, "num_statements": 103, "percent_covered": 38.83495145631068, "percent_covered_display": "39", "missing_lines": 63, "excluded_lines": 0, "percent_statements_covered": 38.83495145631068, "percent_statements_covered_display": "39"}, "missing_lines": [37, 38, 44, 51, 52, 87, 88, 89, 90, 91, 92, 94, 103, 104, 105, 114, 115, 118, 119, 120, 121, 122, 123, 126, 129, 132, 133, 134, 136, 137, 138, 141, 142, 144, 145, 146, 147, 148, 149, 150, 151, 155, 156, 157, 159, 161, 162, 164, 167, 168, 169, 171, 173, 174, 176, 179, 180, 181, 183, 186, 187, 188, 214], "excluded_lines": []}}}, "app/middleware/__init__.py": {"executed_lines": [1, 3, 5], "summary": {"covered_lines": 2, "num_statements": 2, "percent_covered": 100.0, "percent_covered_display": "100", "missing_lines": 0, "excluded_lines": 0, "percent_statements_covered": 100.0, "percent_statements_covered_display": "100"}, "missing_lines": [], "excluded_lines": [], "functions": {"": {"executed_lines": [1, 3, 5], "summary": {"covered_lines": 2, "num_statements": 2, "percent_covered": 100.0, "percent_covered_display": "100", "missing_lines": 0, "excluded_lines": 0, "percent_statements_covered": 100.0, "percent_statements_covered_display": "100"}, "missing_lines": [], "excluded_lines": []}}, "classes": {"": {"executed_lines": [1, 3, 5], "summary": {"covered_lines": 2, "num_statements": 2, "percent_covered": 100.0, "percent_covered_display": "100", "missing_lines": 0, "excluded_lines": 0, "percent_statements_covered": 100.0, "percent_statements_covered_display": "100"}, "missing_lines": [], "excluded_lines": []}}}, "app/middleware/rate_limit.py": {"executed_lines": [1, 6, 7, 8, 9, 11, 12, 13, 16, 17, 18, 20, 21, 22, 25, 26, 28, 32, 38, 88, 89, 91, 103, 116], "summary": {"covered_lines": 20, "num_statements": 60, "percent_covered": 33.333333333333336, "percent_covered_display": "33", "missing_lines": 40, "excluded_lines": 0, "percent_statements_covered": 33.333333333333336, "percent_statements_covered_display": "33"}, "missing_lines": [29, 30, 34, 35, 36, 47, 50, 52, 55, 56, 59, 62, 63, 69, 70, 77, 79, 98, 99, 100, 101, 106, 107, 108, 111, 112, 114, 119, 120, 123, 126, 128, 129, 136, 137, 138, 141, 144, 145, 147], "excluded_lines": [], "functions": {"RateLimiter.__init__": {"executed_lines": [], "summary": {"covered_lines": 0, "num_statements": 2, "percent_covered": 0.0, "percent_covered_display": "0", "missing_lines": 2, "excluded_lines": 0, "percent_statements_covered": 0.0, "percent_statements_covered_display": "0"}, "missing_lines": [29, 30], "excluded_lines": []}, "RateLimiter._clean_old_requests": {"executed_lines": [], "summary": {"covered_lines": 0, "num_statements": 3, "percent_covered": 0.0, "percent_covered_display": "0", "missing_lines": 3, "excluded_lines": 0, "percent_statements_covered": 0.0, "percent_statements_covered_display": "0"}, "missing_lines": [34, 35, 36], "excluded_lines": []}, "RateLimiter.is_allowed": {"executed_lines": [], "summary": {"covered_lines": 0, "num_statements": 12, "percent_covered": 0.0, "percent_covered_display": "0", "missing_lines": 12, "excluded_lines": 0, "percent_statements_covered": 0.0, "percent_statements_covered_display": "0"}, "missing_lines": [47, 50, 52, 55, 56, 59, 62, 63, 69, 70, 77, 79], "excluded_lines": []}, "RateLimitMiddleware.__init__": {"executed_lines": [], "summary": {"covered_lines": 0, "num_statements": 4, "percent_covered": 0.0, "percent_covered_display": "0", "missing_lines": 4, "excluded_lines": 0, "percent_statements_covered": 0.0, "percent_statements_covered_display": "0"}, "missing_lines": [98, 99, 100, 101], "excluded_lines": []}, "RateLimitMiddleware._default_key_func": {"executed_lines": [], "summary": {"covered_lines": 0, "num_statements": 6, "percent_covered": 0.0, "percent_covered_display": "0", "missing_lines": 6, "excluded_lines": 0, "percent_statements_covered": 0.0, "percent_statements_covered_display": "0"}, "missing_lines": [106, 107, 108, 111, 112, 114], "excluded_lines": []}, "RateLimitMiddleware.dispatch": {"executed_lines": [], "summary": {"covered_lines": 0, "num_statements": 13, "percent_covered": 0.0, "percent_covered_display": "0", "missing_lines": 13, "excluded_lines": 0, "percent_statements_covered": 0.0, "percent_statements_covered_display": "0"}, "missing_lines": [119, 120, 123, 126, 128, 129, 136, 137, 138, 141, 144, 145, 147], "excluded_lines": []}, "": {"executed_lines": [1, 6, 7, 8, 9, 11, 12, 13, 16, 17, 18, 20, 21, 22, 25, 26, 28, 32, 38, 88, 89, 91, 103, 116], "summary": {"covered_lines": 20, "num_statements": 20, "percent_covered": 100.0, "percent_covered_display": "100", "missing_lines": 0, "excluded_lines": 0, "percent_statements_covered": 100.0, "percent_statements_covered_display": "100"}, "missing_lines": [], "excluded_lines": []}}, "classes": {"RateLimitConfig": {"executed_lines": [], "summary": {"covered_lines": 0, "num_statements": 0, "percent_covered": 100.0, "percent_covered_display": "100", "missing_lines": 0, "excluded_lines": 0, "percent_statements_covered": 100.0, "percent_statements_covered_display": "100"}, "missing_lines": [], "excluded_lines": []}, "RateLimiter": {"executed_lines": [], "summary": {"covered_lines": 0, "num_statements": 17, "percent_covered": 0.0, "percent_covered_display": "0", "missing_lines": 17, "excluded_lines": 0, "percent_statements_covered": 0.0, "percent_statements_covered_display": "0"}, "missing_lines": [29, 30, 34, 35, 36, 47, 50, 52, 55, 56, 59, 62, 63, 69, 70, 77, 79], "excluded_lines": []}, "RateLimitMiddleware": {"executed_lines": [], "summary": {"covered_lines": 0, "num_statements": 23, "percent_covered": 0.0, "percent_covered_display": "0", "missing_lines": 23, "excluded_lines": 0, "percent_statements_covered": 0.0, "percent_statements_covered_display": "0"}, "missing_lines": [98, 99, 100, 101, 106, 107, 108, 111, 112, 114, 119, 120, 123, 126, 128, 129, 136, 137, 138, 141, 144, 145, 147], "excluded_lines": []}, "": {"executed_lines": [1, 6, 7, 8, 9, 11, 12, 13, 16, 17, 18, 20, 21, 22, 25, 26, 28, 32, 38, 88, 89, 91, 103, 116], "summary": {"covered_lines": 20, "num_statements": 20, "percent_covered": 100.0, "percent_covered_display": "100", "missing_lines": 0, "excluded_lines": 0, "percent_statements_covered": 100.0, "percent_statements_covered_display": "100"}, "missing_lines": [], "excluded_lines": []}}}, "app/models/__init__.py": {"executed_lines": [1, 3, 4, 13, 14, 15, 17], "summary": {"covered_lines": 6, "num_statements": 6, "percent_covered": 100.0, "percent_covered_display": "100", "missing_lines": 0, "excluded_lines": 0, "percent_statements_covered": 100.0, "percent_statements_covered_display": "100"}, "missing_lines": [], "excluded_lines": [], "functions": {"": {"executed_lines": [1, 3, 4, 13, 14, 15, 17], "summary": {"covered_lines": 6, "num_statements": 6, "percent_covered": 100.0, "percent_covered_display": "100", "missing_lines": 0, "excluded_lines": 0, "percent_statements_covered": 100.0, "percent_statements_covered_display": "100"}, "missing_lines": [], "excluded_lines": []}}, "classes": {"": {"executed_lines": [1, 3, 4, 13, 14, 15, 17], "summary": {"covered_lines": 6, "num_statements": 6, "percent_covered": 100.0, "percent_covered_display": "100", "missing_lines": 0, "excluded_lines": 0, "percent_statements_covered": 100.0, "percent_statements_covered_display": "100"}, "missing_lines": [], "excluded_lines": []}}}, "app/models/feedback.py": {"executed_lines": [1, 3, 4, 6, 7, 8, 9, 12, 13, 15, 17, 18, 21, 22, 25, 26, 29, 34, 37, 38, 41, 43, 46, 47, 49, 51, 53, 54, 57, 58, 59, 60, 61, 64, 67, 68, 69, 71, 74, 75, 77, 79, 81, 82, 85, 86, 87, 90, 91, 94, 97, 103, 106, 107, 109, 110, 111, 112, 113, 114, 117, 118, 120, 121, 122, 123, 124, 125, 126, 129, 130, 132, 133, 134, 135, 136, 137], "summary": {"covered_lines": 70, "num_statements": 71, "percent_covered": 98.59154929577464, "percent_covered_display": "99", "missing_lines": 1, "excluded_lines": 0, "percent_statements_covered": 98.59154929577464, "percent_statements_covered_display": "99"}, "missing_lines": [19], "excluded_lines": [], "functions": {"AudioFeedback.now_utc": {"executed_lines": [], "summary": {"covered_lines": 0, "num_statements": 1, "percent_covered": 0.0, "percent_covered_display": "0", "missing_lines": 1, "excluded_lines": 0, "percent_statements_covered": 0.0, "percent_statements_covered_display": "0"}, "missing_lines": [19], "excluded_lines": []}, "": {"executed_lines": [1, 3, 4, 6, 7, 8, 9, 12, 13, 15, 17, 18, 21, 22, 25, 26, 29, 34, 37, 38, 41, 43, 46, 47, 49, 51, 53, 54, 57, 58, 59, 60, 61, 64, 67, 68, 69, 71, 74, 75, 77, 79, 81, 82, 85, 86, 87, 90, 91, 94, 97, 
[...]
ecuted_lines": [1, 3, 4, 5, 7, 8, 10, 11, 12, 13, 15, 18, 19, 27, 32, 98, 120, 140], "summary": {"covered_lines": 16, "num_statements": 16, "percent_covered": 100.0, "percent_covered_display": "100", "missing_lines": 0, "excluded_lines": 0, "percent_statements_covered": 100.0, "percent_statements_covered_display": "100"}, "missing_lines": [], "excluded_lines": []}}}, "app/services/background_tasks.py": {"executed_lines": [1, 3, 4, 5, 7, 8, 10, 11, 12, 13, 15, 18, 19, 22, 23, 31, 33, 34, 36, 66, 160, 206, 228, 292, 367], "summary": {"covered_lines": 23, "num_statements": 127, "percent_covered": 18.11023622047244, "percent_covered_display": "18", "missing_lines": 104, "excluded_lines": 0, "percent_statements_covered": 18.11023622047244, "percent_statements_covered_display": "18"}, "missing_lines": [55, 56, 57, 58, 59, 60, 61, 63, 64, 80, 82, 84, 85, 86, 88, 89, 90, 91, 93, 94, 95, 98, 99, 101, 104, 105, 106, 107, 108, 111, 116, 117, 118, 121, 124, 125, 126, 128, 138, 140, 141, 149, 151, 152, 176, 178, 179, 180, 183, 184, 186, 187, 188, 189, 193, 195, 198, 200, 201, 204, 216, 217, 220, 221, 222, 223, 224, 225, 226, 237, 238, 239, 241, 243, 245, 248, 249, 255, 258, 259, 266, 268, 274, 275, 283, 284, 304, 306, 308, 309, 311, 313, 315, 318, 319, 325, 328, 331, 339, 341, 347, 348, 356, 357], "excluded_lines": [], "functions": {"BackgroundTaskService.__init__": {"executed_lines": [33, 34], "summary": {"covered_lines": 2, "num_statements": 2, "percent_covered": 100.0, "percent_covered_display": "100", "missing_lines": 0, "excluded_lines": 0, "percent_statements_covered": 100.0, "percent_statements_covered_display": "100"}, "missing_lines": [], "excluded_lines": []}, "BackgroundTaskService._log_with_context": {"executed_lines": [], "summary": {"covered_lines": 0, "num_statements": 9, "percent_covered": 0.0, "percent_covered_display": "0", "missing_lines": 9, "excluded_lines": 0, "percent_statements_covered": 0.0, "percent_statements_covered_display": "0"}, "missing_lines": [55, 56, 57, 58, 59, 60, 61, 63, 64], "excluded_lines": []}, "BackgroundTaskService.process_response_audio_async": {"executed_lines": [], "summary": {"covered_lines": 0, "num_statements": 35, "percent_covered": 0.0, "percent_covered_display": "0", "missing_lines": 35, "excluded_lines": 0, "percent_statements_covered": 0.0, "percent_statements_covered_display": "0"}, "missing_lines": [80, 82, 84, 85, 86, 88, 89, 90, 91, 93, 94, 95, 98, 99, 101, 104, 105, 106, 107, 108, 111, 116, 117, 118, 121, 124, 125, 126, 128, 138, 140, 141, 149, 151, 152], "excluded_lines": []}, "BackgroundTaskService._process_audio_with_retry": {"executed_lines": [], "summary": {"covered_lines": 0, "num_statements": 16, "percent_covered": 0.0, "percent_covered_display": "0", "missing_lines": 16, "excluded_lines": 0, "percent_statements_covered": 0.0, "percent_statements_covered_display": "0"}, "missing_lines": [176, 178, 179, 180, 183, 184, 186, 187, 188, 189, 193, 195, 198, 200, 201, 204], "excluded_lines": []}, "BackgroundTaskService._update_processing_status_failed": {"executed_lines": [], "summary": {"covered_lines": 0, "num_statements": 9, "percent_covered": 0.0, "percent_covered_display": "0", "missing_lines": 9, "excluded_lines": 0, "percent_statements_covered": 0.0, "percent_statements_covered_display": "0"}, "missing_lines": [216, 217, 220, 221, 222, 223, 224, 225, 226], "excluded_lines": []}, "BackgroundTaskService.generate_content_feedback_async": {"executed_lines": [], "summary": {"covered_lines": 0, "num_statements": 17, "percent_covered": 0.0, "percent_covered_display": "0", "missing_lines": 17, "excluded_lines": 0, "percent_statements_covered": 0.0, "percent_statements_covered_display": "0"}, "missing_lines": [237, 238, 239, 241, 243, 245, 248, 249, 255, 258, 259, 266, 268, 274, 275, 283, 284], "excluded_lines": []}, "BackgroundTaskService.generate_session_feedback_async": {"executed_lines": [], "summary": {"covered_lines": 0, "num_statements": 18, "percent_covered": 0.0, "percent_covered_display": "0", "missing_lines": 18, "excluded_lines": 0, "percent_statements_covered": 0.0, "percent_statements_covered_display": "0"}, "missing_lines": [304, 306, 308, 309, 311, 313, 315, 318, 319, 325, 328, 331, 339, 341, 347, 348, 356, 357], "excluded_lines": []}, "": {"executed_lines": [1, 3, 4, 5, 7, 8, 10, 11, 12, 13, 15, 18, 19, 22, 23, 31, 36, 66, 160, 206, 228, 292, 367], "summary": {"covered_lines": 21, "num_statements": 21, "percent_covered": 100.0, "percent_covered_display": "100", "missing_lines": 0, "excluded_lines": 0, "percent_statements_covered": 100.0, "percent_statements_covered_display": "100"}, "missing_lines": [], "excluded_lines": []}}, "classes": {"BackgroundTaskService": {"executed_lines": [33, 34], "summary": {"covered_lines": 2, "num_statements": 106, "percent_covered": 1.8867924528301887, "percent_covered_display": "2", "missing_lines": 104, "excluded_lines": 0, "percent_statements_covered": 1.8867924528301887, "percent_statements_covered_display": "2"}, "missing_lines": [55, 56, 57, 58, 59, 60, 61, 63, 64, 80, 82, 84, 85, 86, 88, 89, 90, 91, 93, 94, 95, 98, 99, 101, 104, 105, 106, 107, 108, 111, 116, 117, 118, 121, 124, 125, 126, 128, 138, 140, 141, 149, 151, 152, 176, 178, 179, 180, 183, 184, 186, 187, 188, 189, 193, 195, 198, 200, 201, 204, 216, 217, 220, 221, 222, 223, 224, 225, 226, 237, 238, 239, 241, 243, 245, 248, 249, 255, 258, 259, 266, 268, 274, 275, 283, 284, 304, 306, 308, 309, 311, 313, 315, 318, 319, 325, 328, 331, 339, 341, 347, 348, 356, 357], "excluded_lines": []}, "": {"executed_lines": [1, 3, 4, 5, 7, 8, 10, 11, 12, 13, 15, 18, 19, 22, 23, 31, 36, 66, 160, 206, 228, 292, 367], "summary": {"covered_lines": 21, "num_statements": 21, "percent_covered": 100.0, "percent_covered_display": "100", "missing_lines": 0, "excluded_lines": 0, "percent_statements_covered": 100.0, "percent_statements_covered_display": "100"}, "missing_lines": [], "excluded_lines": []}}}, "app/services/email_service.py": {"executed_lines": [1, 3, 4, 6, 8, 11, 12, 14, 22, 53, 71], "summary": {"covered_lines": 9, "num_statements": 68, "percent_covered": 13.235294117647058, "percent_covered_display": "13", "missing_lines": 59, "excluded_lines": 0, "percent_statements_covered": 13.235294117647058, "percent_statements_covered_display": "13"}, "missing_lines": [15, 16, 17, 18, 19, 20, 32, 34, 35, 37, 38, 42, 44, 45, 47, 50, 51, 55, 56, 69, 83, 86, 90, 92, 99, 102, 103, 104, 106, 108, 116, 117, 118, 119, 123, 124, 126, 127, 128, 129, 133, 134, 135, 137, 139, 140, 141, 142, 143, 144, 146, 154, 157, 158, 159, 160, 161, 164, 169], "excluded_lines": [], "functions": {"EmailService.__init__": {"executed_lines": [], "summary": {"covered_lines": 0, "num_statements": 6, "percent_covered": 0.0, "percent_covered_display": "0", "missing_lines": 6, "excluded_lines": 0, "percent_statements_covered": 0.0, "percent_statements_covered_display": "0"}, "missing_lines": [15, 16, 17, 18, 19, 20], "excluded_lines": []}, "EmailService._load_html_template": {"executed_lines": [], "summary": {"covered_lines": 0, "num_statements": 11, "percent_covered": 0.0, "percent_covered_display": "0", "missing_lines": 11, "excluded_lines": 0, "percent_statements_covered": 0.0, "percent_statements_covered_display": "0"}, "missing_lines": [32, 34, 35, 37, 38, 42, 44, 45, 47, 50, 51], "excluded_lines": []}, "EmailService._create_fallback_template": {"executed_lines": [], "summary": {"covered_lines": 0, "num_statements": 3, "percent_covered": 0.0, "percent_covered_display": "0", "missing_lines": 3, "excluded_lines": 0, "percent_statements_covered": 0.0, "percent_statements_covered_display": "0"}, "missing_lines": [55, 56, 69], "excluded_lines": []}, "EmailService.send_password_reset": {"executed_lines": [], "summary": {"covered_lines": 0, "num_statements": 39, "percent_covered": 0.0, "percent_covered_display": "0", "missing_lines": 39, "excluded_lines": 0, "percent_statements_covered": 0.0, "percent_statements_covered_display": "0"}, "missing_lines": [83, 86, 90, 92, 99, 102, 103, 104, 106, 108, 116, 117, 118, 119, 123, 124, 126, 127, 128, 129, 133, 134, 135, 137, 139, 140, 141, 142, 143, 144, 146, 154, 157, 158, 159, 160, 161, 164, 169], "excluded_lines": []}, "": {"executed_lines": [1, 3, 4, 6, 8, 11, 12, 14, 22, 53, 71], "summary": {"covered_lines": 9, "num_statements": 9, "percent_covered": 100.0, "percent_covered_display": "100", "missing_lines": 0, "excluded_lines": 0, "percent_statements_covered": 100.0, "percent_statements_covered_display": "100"}, "missing_lines": [], "excluded_lines": []}}, "classes": {"EmailService": {"executed_lines": [], "summary": {"covered_lines": 0, "num_statements": 59, "percent_covered": 0.0, "percent_covered_display": "0", "missing_lines": 59, "excluded_lines": 0, "percent_statements_covered": 0.0, "percent_statements_covered_display": "0"}, "missing_lines": [15, 16, 17, 18, 19, 20, 32, 34, 35, 37, 38, 42, 44, 45, 47, 50, 51, 55, 56, 69, 83, 86, 90, 92, 99, 102, 103, 104, 106, 108, 116, 117, 118, 119, 123, 124, 126, 127, 128, 129, 133, 134, 135, 137, 139, 140, 141, 142, 143, 144, 146, 154, 157, 158, 159, 160, 161, 164, 169], "excluded_lines": []}, "": {"executed_lines": [1, 3, 4, 6, 8, 11, 12, 14, 22, 53, 71], "summary": {"covered_lines": 9, "num_statements": 9, "percent_covered": 100.0, "percent_covered_display": "100", "missing_lines": 0, "excluded_lines": 0, "percent_statements_covered": 100.0, "percent_statements_covered_display": "100"}, "missing_lines": [], "excluded_lines": []}}}, "app/services/feedback_service.py": {"executed_lines": [1, 3, 4, 6, 7, 9, 10, 11, 17, 18, 21, 22, 30, 32, 34, 128, 268, 285, 302, 322, 395], "summary": {"covered_lines": 19, "num_statements": 158, "percent_covered": 12.025316455696203, "percent_covered_display": "12", "missing_lines": 139, "excluded_lines": 0, "percent_statements_covered": 12.025316455696203, "percent_statements_covered_display": "12"}, "missing_lines": [48, 51, 52, 53, 56, 59, 60, 63, 64, 67, 70, 71, 72, 75, 78, 81, 82, 83, 84, 85, 87, 95, 98, 106, 109, 122, 123, 124, 126, 144, 147, 148, 149, 152, 155, 156, 159, 162, 164, 165, 168, 169, 172, 173, 174, 175, 177, 178, 181, 186, 188, 189, 192, 193, 196, 201, 204, 205, 206, 209, 212, 215, 216, 219, 220, 222, 223, 226, 227, 228, 229, 230, 234, 235, 236, 237, 238, 239, 240, 241, 244, 255, 258, 259, 260, 261, 263, 264, 266, 280, 283, 297, 300, 314, 320, 336, 339, 342, 350, 351, 352, 353, 356, 359, 362, 363, 366, 369, 370, 371, 372, 373, 374, 375, 376, 377, 378, 379, 381, 408, 411, 420, 422, 423, 430, 431, 434, 436, 437, 444, 445, 447, 448, 451, 452, 453, 455, 456, 458], "excluded_lines": [], "functions": {"FeedbackService.__init__": {"executed_lines": [32], "summary": {"covered_lines": 1, "num_statements": 1, "percent_covered": 100.0, "percent_covered_display": "100", "missing_lines": 0, "excluded_lines": 0, "percent_statements_covered": 100.0, "percent_statements_covered_display": "100"}, "missing_lines": [], "excluded_lines": []}, "FeedbackService.generate_feedback": {"executed_lines": [], "summary": {"covered_lines": 0, "num_statements": 29, "percent_covered": 0.0, "percent_covered_display": "0", "missing_lines": 29, "excluded_lines": 0, "percent_statements_covered": 0.0, "percent_statements_covered_display": "0"}, "missing_lines": [48, 51, 52, 53, 56, 59, 60, 63, 64, 67, 70, 71, 72, 75, 78, 81, 82, 83, 84, 85, 87, 95, 98, 106, 109, 122, 123, 124, 126], "excluded_lines": []}, "FeedbackService.generate_session_feedback": {"executed_lines": [], "summary": {"covered_lines": 0, "num_statements": 60, "percent_covered": 0.0, "percent_covered_display": "0", "missing_lines": 60, "excluded_lines": 0, "percent_statements_covered": 0.0, "percent_statements_covered_display": "0"}, "missing_lines": [144, 147, 148, 149, 152, 155, 156, 159, 162, 164, 165, 168, 169, 172, 173, 174, 175, 177, 178, 181, 186, 188, 189, 192, 193, 196, 201, 204, 205, 206, 209, 212, 215, 216, 219, 220, 222, 223, 226, 227, 228, 229, 230, 234, 235, 236, 237, 238, 239, 240, 241, 244, 255, 258, 259, 260, 261, 263, 264, 266], "excluded_lines": []}, "FeedbackService.get_response_feedback": {"executed_lines": [], "summary": {"covered_lines": 0, "num_statements": 2, "percent_covered": 0.0, "percent_covered_display": "0", "missing_lines": 2, "excluded_lines": 0, "percent_statements_covered": 0.0, "percent_statements_covered_display": "0"}, "missing_lines": [280, 283], "excluded_lines": []}, "FeedbackService.get_session_feedback": {"executed_lines": [], "summary": {"covered_lines": 0, "num_statements": 2, "percent_covered": 0.0, "percent_covered_display": "0", "missing_lines": 2, "excluded_lines": 0, "percent_statements_covered": 0.0, "percent_statements_covered_display": "0"}, "missing_lines": [297, 300], "excluded_lines": []}, "FeedbackService.get_all_session_feedbacks": {"executed_lines": [], "summary": {"covered_lines": 0, "num_statements": 2, "percent_covered": 0.0, "percent_covered_display": "0", "missing_lines": 2, "excluded_lines": 0, "percent_statements_covered": 0.0, "percent_statements_covered_display": "0"}, "missing_lines": [314, 320], "excluded_lines": []}, "FeedbackService.get_processing_summary": {"executed_lines": [], "summary": {"covered_lines": 0, "num_statements": 24, "percent_covered": 0.0, "percent_covered_display": "0", "missing_lines": 24, "excluded_lines": 0, "percent_statements_covered": 0.0, "percent_statements_covered_display": "0"}, "missing_lines": [336, 339, 342, 350, 351, 352, 353, 356, 359, 362, 363, 366, 369, 370, 371, 372, 373, 374, 375, 376, 377, 378, 379, 381], "excluded_lines": []}, "FeedbackService.get_user_progress": {"executed_lines": [], "summary": {"covered_lines": 0, "num_statements": 20, "percent_covered": 0.0, "percent_covered_display": "0", "missing_lines": 20, "excluded_lines": 0, "percent_statements_covered": 0.0, "percent_statements_covered_display": "0"}, "missing_lines": [408, 411, 420, 422, 423, 430, 431, 434, 436, 437, 444, 445, 447, 448, 451, 452, 453, 455, 456, 458], "excluded_lines": []}, "": {"executed_lines": [1, 3, 4, 6, 7, 9, 10, 11, 17, 18, 21, 22, 30, 34, 128, 268, 285, 302, 322, 395], "summary": {"covered_lines": 18, "num_statements": 18, "percent_covered": 100.0, "percent_covered_display": "100", "missing_lines": 0, "excluded_lines": 0, "percent_statements_covered": 100.0, "percent_statements_covered_display": "100"}, "missing_lines": [], "excluded_lines": []}}, "classes": {"FeedbackService": {"executed_lines": [32], "summary": {"covered_lines": 1, "num_statements": 140, "percent_covered": 0.7142857142857143, "percent_covered_display": "1", "missing_lines": 139, "excluded_lines": 0, "percent_statements_covered": 0.7142857142857143, "percent_statements_covered_display": "1"}, "missing_lines": [48, 51, 52, 53, 56, 59, 60, 63, 64, 67, 70, 71, 72, 75, 78, 81, 82, 83, 84, 85, 87, 95, 98, 106, 109, 122, 123, 124, 126, 144, 147, 148, 149, 152, 155, 156, 159, 162, 164, 165, 168, 169, 172, 173, 174, 175, 177, 178, 181, 186, 188, 189, 192, 193, 196, 201, 204, 205, 206, 209, 212, 215, 216, 219, 220, 222, 223, 226, 227, 228, 229, 230, 234, 235, 236, 237, 238, 239, 240, 241, 244, 255, 258, 259, 260, 261, 263, 264, 266, 280, 283, 297, 300, 314, 320, 336, 339, 342, 350, 351, 352, 353, 356, 359, 362, 363, 366, 369, 370, 371, 372, 373, 374, 375, 376, 377, 378, 379, 381, 408, 411, 420, 422, 423, 430, 431, 434, 436, 437, 444, 445, 447, 448, 451, 452, 453, 455, 456, 458], "excluded_lines": []}, "": {"executed_lines": [1, 3, 4, 6, 7, 9, 10, 11, 17, 18, 21, 22, 30, 34, 128, 268, 285, 302, 322, 395], "summary": {"covered_lines": 18, "num_statements": 18, "percent_covered": 100.0, "percent_covered_display": "100", "missing_lines": 0, "excluded_lines": 0, "percent_statements_covered": 100.0, "percent_statements_covered_display": "100"}, "missing_lines": [], "excluded_lines": []}}}, "app/services/interview_service.py": {"executed_lines": [1, 3, 5, 6, 8, 9, 12, 13, 21, 22, 38, 141, 165, 188], "summary": {"covered_lines": 12, "num_statements": 67, "percent_covered": 17.91044776119403, "percent_covered_display": "18", "missing_lines": 55, "excluded_lines": 0, "percent_statements_covered": 17.91044776119403, "percent_statements_covered_display": "18"}, "missing_lines": [31, 36, 60, 63, 69, 72, 73, 75, 76, 78, 79, 82, 85, 87, 88, 91, 92, 93, 95, 97, 98, 100, 101, 104, 105, 107, 109, 110, 112, 113, 114, 119, 126, 127, 128, 134, 135, 137, 139, 155, 162, 163, 179, 184, 185, 186, 208, 212, 213, 215, 216, 219, 225, 226, 228], "excluded_lines": [], "functions": {"InterviewService._get_category_for_type": {"executed_lines": [], "summary": {"covered_lines": 0, "num_statements": 2, "percent_covered": 0.0, "percent_covered_display": "0", "missing_lines": 2, "excluded_lines": 0, "percent_statements_covered": 0.0, "percent_statements_covered_display": "0"}, "missing_lines": [31, 36], "excluded_lines": []}, "InterviewService.assign_questions": {"executed_lines": [], "summary": {"covered_lines": 0, "num_statements": 37, "percent_covered": 0.0, "percent_covered_display": "0", "missing_lines": 37, "excluded_lines": 0, "percent_statements_covered": 0.0, "percent_statements_covered_display": "0"}, "missing_lines": [60, 63, 69, 72, 73, 75, 76, 78, 79, 82, 85, 87, 88, 91, 92, 93, 95, 97, 98, 100, 101, 104, 105, 107, 109, 110, 112, 113, 114, 119, 126, 127, 128, 134, 135, 137, 139], "excluded_lines": []}, "InterviewService.get_interview_questions": {"executed_lines": [], "summary": {"covered_lines": 0, "num_statements": 3, "percent_covered": 0.0, "percent_covered_display": "0", "missing_lines": 3, "excluded_lines": 0, "percent_statements_covered": 0.0, "percent_statements_covered_display": "0"}, "missing_lines": [155, 162, 163], "excluded_lines": []}, "InterviewService.has_assigned_questions": {"executed_lines": [], "summary": {"covered_lines": 0, "num_statements": 4, "percent_covered": 0.0, "percent_covered_display": "0", "missing_lines": 4, "excluded_lines": 0, "percent_statements_covered": 0.0, "percent_statements_covered_display": "0"}, "missing_lines": [179, 184, 185, 186], "excluded_lines": []}, "InterviewService.assign_specific_question": {"executed_lines": [], "summary": {"covered_lines": 0, "num_statements": 9, "percent_covered": 0.0, "percent_covered_display": "0", "missing_lines": 9, "excluded_lines": 0, "percent_statements_covered": 0.0, "percent_statements_covered_display": "0"}, "missing_lines": [208, 212, 213, 215, 216, 219, 225, 226, 228], "excluded_lines": []}, "": {"executed_lines": [1, 3, 5, 6, 8, 9, 12, 13, 21, 22, 38, 141, 165, 188], "summary": {"covered_lines": 12, "num_statements": 12, "percent_covered": 100.0, "percent_covered_display": "100", "missing_lines": 0, "excluded_lines": 0, "percent_statements_covered": 100.0, "percent_statements_covered_display": "100"}, "missing_lines": [], "excluded_lines": []}}, "classes": {"InterviewService": {"executed_lines": [], "summary": {"covered_lines": 0, "num_statements": 55, "percent_covered": 0.0, "percent_covered_display": "0", "missing_lines": 55, "excluded_lines": 0, "percent_statements_covered": 0.0, "percent_statements_covered_display": "0"}, "missing_lines": [31, 36, 60, 63, 69, 72, 73, 75, 76, 78, 79, 82, 85, 87, 88, 91, 92, 93, 95, 97, 98, 100, 101, 104, 105, 107, 109, 110, 112, 113, 114, 119, 126, 127, 128, 134, 135, 137, 139, 155, 162, 163, 179, 184, 185, 186, 208, 212, 213, 215, 216, 219, 225, 226, 228], "excluded_lines": []}, "": {"executed_lines": [1, 3, 5, 6, 8, 9, 12, 13, 21, 22, 38, 141, 165, 188], "summary": {"covered_lines": 12, "num_statements": 12, "percent_covered": 100.0, "percent_covered_display": "100", "missing_lines": 0, "excluded_lines": 0, "percent_statements_covered": 100.0, "percent_statements_covered_display": "100"}, "missing_lines": [], "excluded_lines": []}}}}, "totals": {"covered_lines": 1056, "num_statements": 2204, "percent_covered": 47.91288566243194, "percent_covered_display": "48", "missing_lines": 1148, "excluded_lines": 0, "percent_statements_covered": 47.91288566243194, "percent_statements_covered_display": "48"}}